2024-10-01 09:49:13,646 - __main__ - INFO - Factory App Version: 0.0.1
2024-10-01 09:49:13,646 - __main__ - INFO - Test 1 Start
2024-10-01 09:49:13,646 - __main__ - INFO - Below are information extracted based on ESP32S3 MAC Address
2024-10-01 09:49:13,646 - __main__ - INFO - order-no: hand-sample
2024-10-01 09:49:13,646 - __main__ - INFO -  mac-address: 34:85:18:50:fa:94
2024-10-01 09:49:13,646 - __main__ - INFO -  serial-id: A09000500
2024-10-01 09:49:13,646 - __main__ - INFO -  cert-id: Polyaire-DAC-0x146D-0x0001-A09000500-Cert
2024-10-01 09:49:13,646 - __main__ - INFO -  esp-secure-cert-partition: dc19b802-47e1-4c5b-bf01-5279442482fc_esp_secure_cert.bin
2024-10-01 09:49:13,646 - __main__ - INFO -  commissionable-data-provider-partition: dc19b802-47e1-4c5b-bf01-5279442482fc-partition.bin
2024-10-01 09:49:13,646 - __main__ - INFO -  qrcode: MT:Y1CA00O6148F-405J10
2024-10-01 09:49:13,646 - __main__ - INFO -  manualcode: 1169-154-3426
2024-10-01 09:49:13,646 - __main__ - INFO -  discriminator: 1428
2024-10-01 09:49:13,646 - __main__ - INFO -  passcode: 71139859
2024-10-01 09:49:13,646 - __main__ - INFO - Read ESP32S3 Mac Address
2024-10-01 09:49:13,646 - components.flashFirmware.flashFirmware - INFO - ESP32S3 MAC Address: 34:85:18:50:fa:94
2024-10-01 09:49:13,646 - components.flashFirmware.flashFirmware - INFO - Get ESP32S3 MAC Address Completed
2024-10-01 09:49:13,646 - __main__ - INFO - Read ESP32H2 MAC Address
2024-10-01 09:49:14,723 - __main__ - INFO - Flashing esp32s3 and esp32h2 firmware
2024-10-01 09:49:14,723 - __main__ - INFO - Erase Flash ESP32S3: True
2024-10-01 09:49:14,723 - __main__ - INFO - Erase Flash ESP32S3 Start Address: 0x0
2024-10-01 09:49:14,723 - __main__ - INFO - Erase Flash ESP32S3 End Address: 0x800000
2024-10-01 09:49:14,723 - __main__ - INFO - Erase Flash ESP32H2: True
2024-10-01 09:49:14,723 - __main__ - INFO - Erase Flash ESP32H2 Start Address: 0x0
2024-10-01 09:49:14,723 - __main__ - INFO - Erase Flash ESP32H2 End Address: 0x400000
2024-10-01 09:49:14,723 - __main__ - INFO - Flashing ESP32S3 firmware, Port: /dev/ttyUSB0, Baud: 460800
2024-10-01 09:49:14,723 - __main__ - INFO - ESP32S3 Bootloader Address: 0x0
2024-10-01 09:49:14,723 - __main__ - INFO - ESP32S3 Partition Table Address: 0xC000
2024-10-01 09:49:14,723 - __main__ - INFO - ESP32S3 OTA Data Initial Address: 0x1E000
2024-10-01 09:49:14,723 - __main__ - INFO - ESP32S3 Firmware Address: 0x1F0000
2024-10-01 09:49:14,723 - __main__ - INFO - ESP32S3 Use ESPTOOL: True
2024-10-01 09:49:14,723 - __main__ - INFO - Flashing ESP32H2 firmware, Port: /dev/ttyUSB2, Baud: 115200
2024-10-01 09:49:14,724 - __main__ - INFO - ESP32H2 Bootloader Address: 0x0
2024-10-01 09:49:14,724 - __main__ - INFO - ESP32H2 Partition Table Address: 0x8000
2024-10-01 09:49:14,724 - __main__ - INFO - ESP32H2 Firmware Address: 0x10000
2024-10-01 09:49:14,724 - __main__ - INFO - ESP32H2 Use ESPTOOL: True
2024-10-01 09:49:14,724 - components.flashFirmware.flashFirmware - INFO - Erase Flash ESP32S3: esptool.py --chip esp32s3 -p /dev/ttyUSB0 -b 460800 erase_region 0x0 0x800000

2024-10-01 09:49:14,724 - components.flashFirmware.flashFirmware - ERROR - Error: Unable to find one or more bin files
2024-10-01 09:49:14,772 - components.flashFirmware.flashFirmware - INFO - Erase Flash ESP32S3 = esptool.py v4.7.0
2024-10-01 09:49:14,772 - components.flashFirmware.flashFirmware - INFO - Erase Flash ESP32S3 = Serial port /dev/ttyUSB0
2024-10-01 09:49:21,620 - components.flashFirmware.flashFirmware - INFO - Erase Flash ESP32S3 = Connecting....
2024-10-01 09:49:21,620 - components.flashFirmware.flashFirmware - INFO - Erase Flash ESP32S3 = Chip is ESP32-S3 (QFN56) (revision v0.1)
2024-10-01 09:49:21,620 - components.flashFirmware.flashFirmware - INFO - Erase Flash ESP32S3 = Features: WiFi, BLE
2024-10-01 09:49:21,620 - components.flashFirmware.flashFirmware - INFO - Erase Flash ESP32S3 = Crystal is 40MHz
2024-10-01 09:49:21,620 - components.flashFirmware.flashFirmware - INFO - Erase Flash ESP32S3 = MAC: 34:85:18:50:fa:94
2024-10-01 09:49:21,620 - components.flashFirmware.flashFirmware - INFO - Erase Flash ESP32S3 = Uploading stub...
2024-10-01 09:49:21,620 - components.flashFirmware.flashFirmware - INFO - Erase Flash ESP32S3 = Running stub...
2024-10-01 09:49:21,620 - components.flashFirmware.flashFirmware - INFO - Erase Flash ESP32S3 = Stub running...
2024-10-01 09:49:21,620 - components.flashFirmware.flashFirmware - INFO - Erase Flash ESP32S3 = Changing baud rate to 460800
2024-10-01 09:49:21,620 - components.flashFirmware.flashFirmware - INFO - Erase Flash ESP32S3 = Changed.
2024-10-01 09:49:21,620 - components.flashFirmware.flashFirmware - INFO - Erase Flash ESP32S3 = Erasing region (may be slow depending on size)...
2024-10-01 09:49:21,620 - components.flashFirmware.flashFirmware - INFO - Erase Flash ESP32S3 = Erase completed successfully in 5.2 seconds.
2024-10-01 09:49:21,620 - components.flashFirmware.flashFirmware - INFO - Erase Flash ESP32S3 = Hard resetting via RTS pin...
2024-10-01 09:49:22,626 - components.flashFirmware.flashFirmware - ERROR - Error: Unable to find one or more bin files
2024-10-01 09:49:22,627 - components.flashFirmware.flashFirmware - INFO - Flashing ESP32S3 Firmware: esptool.py --chip esp32s3 -p /dev/ttyUSB0 -b 460800 write_flash 0x0 /home/anuarrozman2303/Airdroitech/FactoryApp_Merge/FlashingTool/firmware/s3/bootloader.bin 0xC000 /home/anuarrozman2303/Airdroitech/FactoryApp_Merge/FlashingTool/firmware/s3/partition-table.bin 0x1E000 /home/anuarrozman2303/Airdroitech/FactoryApp_Merge/FlashingTool/firmware/s3/ota_data_initial.bin 0x1F0000 /home/anuarrozman2303/Airdroitech/FactoryApp_Merge/FlashingTool/firmware/s3/ARCHIVE/partitions_8MB_TBR/v1_0_0-20240717-rc1.bin

2024-10-01 09:49:22,666 - components.flashFirmware.flashFirmware - INFO - Flashing ESP32S3 Firmware = esptool.py v4.7.0
2024-10-01 09:49:22,666 - components.flashFirmware.flashFirmware - INFO - Flashing ESP32S3 Firmware = Serial port /dev/ttyUSB0
2024-10-01 09:49:24,438 - components.flashFirmware.flashFirmware - INFO - Flashing ESP32S3 Firmware = Connecting....
2024-10-01 09:49:24,438 - components.flashFirmware.flashFirmware - INFO - Flashing ESP32S3 Firmware = Chip is ESP32-S3 (QFN56) (revision v0.1)
2024-10-01 09:49:24,439 - components.flashFirmware.flashFirmware - INFO - Flashing ESP32S3 Firmware = Features: WiFi, BLE
2024-10-01 09:49:24,439 - components.flashFirmware.flashFirmware - INFO - Flashing ESP32S3 Firmware = Crystal is 40MHz
2024-10-01 09:49:24,439 - components.flashFirmware.flashFirmware - INFO - Flashing ESP32S3 Firmware = MAC: 34:85:18:50:fa:94
2024-10-01 09:49:24,439 - components.flashFirmware.flashFirmware - INFO - Flashing ESP32S3 Firmware = Uploading stub...
2024-10-01 09:49:24,439 - components.flashFirmware.flashFirmware - INFO - Flashing ESP32S3 Firmware = Running stub...
2024-10-01 09:49:24,439 - components.flashFirmware.flashFirmware - INFO - Flashing ESP32S3 Firmware = Stub running...
2024-10-01 09:49:24,439 - components.flashFirmware.flashFirmware - INFO - Flashing ESP32S3 Firmware = Changing baud rate to 460800
2024-10-01 09:49:24,439 - components.flashFirmware.flashFirmware - INFO - Flashing ESP32S3 Firmware = Changed.
2024-10-01 09:49:24,439 - components.flashFirmware.flashFirmware - INFO - Flashing ESP32S3 Firmware = Configuring flash size...
2024-10-01 09:49:24,439 - components.flashFirmware.flashFirmware - INFO - Flashing ESP32S3 Firmware = Flash will be erased from 0x00000000 to 0x00005fff...
2024-10-01 09:49:24,439 - components.flashFirmware.flashFirmware - INFO - Flashing ESP32S3 Firmware = Flash will be erased from 0x0000c000 to 0x0000cfff...
2024-10-01 09:49:24,439 - components.flashFirmware.flashFirmware - INFO - Flashing ESP32S3 Firmware = Flash will be erased from 0x0001e000 to 0x0001ffff...
2024-10-01 09:49:24,439 - components.flashFirmware.flashFirmware - INFO - Flashing ESP32S3 Firmware = Flash will be erased from 0x001f0000 to 0x0038afff...
2024-10-01 09:49:24,439 - components.flashFirmware.flashFirmware - INFO - Flashing ESP32S3 Firmware = Compressed 21136 bytes to 13136...
2024-10-01 09:49:24,439 - components.flashFirmware.flashFirmware - INFO - Flashing ESP32S3 Firmware = Writing at 0x00000000... (100 %)
2024-10-01 09:49:24,982 - components.flashFirmware.flashFirmware - INFO - Flashing ESP32S3 Firmware = Wrote 21136 bytes (13136 compressed) at 0x00000000 in 0.5 seconds (effective 352.5 kbit/s)...
2024-10-01 09:49:24,982 - components.flashFirmware.flashFirmware - INFO - Flashing ESP32S3 Firmware = Hash of data verified.
2024-10-01 09:49:24,982 - components.flashFirmware.flashFirmware - INFO - Flashing ESP32S3 Firmware = Compressed 3072 bytes to 270...
2024-10-01 09:49:24,982 - components.flashFirmware.flashFirmware - INFO - Flashing ESP32S3 Firmware = Writing at 0x0000c000... (100 %)
2024-10-01 09:49:25,046 - components.flashFirmware.flashFirmware - INFO - Flashing ESP32S3 Firmware = Wrote 3072 bytes (270 compressed) at 0x0000c000 in 0.0 seconds (effective 768.0 kbit/s)...
2024-10-01 09:49:25,046 - components.flashFirmware.flashFirmware - INFO - Flashing ESP32S3 Firmware = Hash of data verified.
2024-10-01 09:49:25,046 - components.flashFirmware.flashFirmware - INFO - Flashing ESP32S3 Firmware = Compressed 8192 bytes to 31...
2024-10-01 09:49:25,046 - components.flashFirmware.flashFirmware - INFO - Flashing ESP32S3 Firmware = Writing at 0x0001e000... (100 %)
2024-10-01 09:49:25,206 - components.flashFirmware.flashFirmware - INFO - Flashing ESP32S3 Firmware = Wrote 8192 bytes (31 compressed) at 0x0001e000 in 0.0 seconds (effective 1365.7 kbit/s)...
2024-10-01 09:49:25,206 - components.flashFirmware.flashFirmware - INFO - Flashing ESP32S3 Firmware = Hash of data verified.
2024-10-01 09:49:25,206 - components.flashFirmware.flashFirmware - INFO - Flashing ESP32S3 Firmware = Compressed 1682672 bytes to 1062104...
2024-10-01 09:49:25,206 - components.flashFirmware.flashFirmware - INFO - Flashing ESP32S3 Firmware = Writing at 0x001f0000... (1 %)
2024-10-01 09:49:25,574 - components.flashFirmware.flashFirmware - INFO - Flashing ESP32S3 Firmware = Writing at 0x001fc806... (3 %)
2024-10-01 09:49:25,941 - components.flashFirmware.flashFirmware - INFO - Flashing ESP32S3 Firmware = Writing at 0x0020994e... (4 %)
2024-10-01 09:49:26,309 - components.flashFirmware.flashFirmware - INFO - Flashing ESP32S3 Firmware = Writing at 0x00218600... (6 %)
2024-10-01 09:49:26,677 - components.flashFirmware.flashFirmware - INFO - Flashing ESP32S3 Firmware = Writing at 0x00223512... (7 %)
2024-10-01 09:49:27,045 - components.flashFirmware.flashFirmware - INFO - Flashing ESP32S3 Firmware = Writing at 0x0022a505... (9 %)
2024-10-01 09:49:27,413 - components.flashFirmware.flashFirmware - INFO - Flashing ESP32S3 Firmware = Writing at 0x0022f66c... (10 %)
2024-10-01 09:49:27,780 - components.flashFirmware.flashFirmware - INFO - Flashing ESP32S3 Firmware = Writing at 0x0023d5ac... (12 %)
2024-10-01 09:49:28,164 - components.flashFirmware.flashFirmware - INFO - Flashing ESP32S3 Firmware = Writing at 0x00244cdc... (13 %)
2024-10-01 09:49:28,533 - components.flashFirmware.flashFirmware - INFO - Flashing ESP32S3 Firmware = Writing at 0x0024a7f0... (15 %)
2024-10-01 09:49:28,900 - components.flashFirmware.flashFirmware - INFO - Flashing ESP32S3 Firmware = Writing at 0x00250b8c... (16 %)
2024-10-01 09:49:29,268 - components.flashFirmware.flashFirmware - INFO - Flashing ESP32S3 Firmware = Writing at 0x002562d6... (18 %)
2024-10-01 09:49:29,636 - components.flashFirmware.flashFirmware - INFO - Flashing ESP32S3 Firmware = Writing at 0x0025c9dc... (20 %)
2024-10-01 09:49:30,004 - components.flashFirmware.flashFirmware - INFO - Flashing ESP32S3 Firmware = Writing at 0x0026261d... (21 %)
2024-10-01 09:49:30,371 - components.flashFirmware.flashFirmware - INFO - Flashing ESP32S3 Firmware = Writing at 0x00268b3c... (23 %)
2024-10-01 09:49:30,739 - components.flashFirmware.flashFirmware - INFO - Flashing ESP32S3 Firmware = Writing at 0x0026f14a... (24 %)
2024-10-01 09:49:31,107 - components.flashFirmware.flashFirmware - INFO - Flashing ESP32S3 Firmware = Writing at 0x00274cc1... (26 %)
2024-10-01 09:49:31,475 - components.flashFirmware.flashFirmware - INFO - Flashing ESP32S3 Firmware = Writing at 0x0027ae52... (27 %)
2024-10-01 09:49:31,843 - components.flashFirmware.flashFirmware - INFO - Flashing ESP32S3 Firmware = Writing at 0x00280af9... (29 %)
2024-10-01 09:49:32,211 - components.flashFirmware.flashFirmware - INFO - Flashing ESP32S3 Firmware = Writing at 0x0028630f... (30 %)
2024-10-01 09:49:32,579 - components.flashFirmware.flashFirmware - INFO - Flashing ESP32S3 Firmware = Writing at 0x0028c593... (32 %)
2024-10-01 09:49:32,946 - components.flashFirmware.flashFirmware - INFO - Flashing ESP32S3 Firmware = Writing at 0x00292850... (33 %)
2024-10-01 09:49:33,314 - components.flashFirmware.flashFirmware - INFO - Flashing ESP32S3 Firmware = Writing at 0x00297f57... (35 %)
2024-10-01 09:49:33,682 - components.flashFirmware.flashFirmware - INFO - Flashing ESP32S3 Firmware = Writing at 0x0029da76... (36 %)
2024-10-01 09:49:34,050 - components.flashFirmware.flashFirmware - INFO - Flashing ESP32S3 Firmware = Writing at 0x002a3676... (38 %)
2024-10-01 09:49:34,418 - components.flashFirmware.flashFirmware - INFO - Flashing ESP32S3 Firmware = Writing at 0x002a9198... (40 %)
2024-10-01 09:49:34,785 - components.flashFirmware.flashFirmware - INFO - Flashing ESP32S3 Firmware = Writing at 0x002aeb31... (41 %)
2024-10-01 09:49:35,153 - components.flashFirmware.flashFirmware - INFO - Flashing ESP32S3 Firmware = Writing at 0x002b464b... (43 %)
2024-10-01 09:49:35,522 - components.flashFirmware.flashFirmware - INFO - Flashing ESP32S3 Firmware = Writing at 0x002b9ee2... (44 %)
2024-10-01 09:49:35,889 - components.flashFirmware.flashFirmware - INFO - Flashing ESP32S3 Firmware = Writing at 0x002bf595... (46 %)
2024-10-01 09:49:36,257 - components.flashFirmware.flashFirmware - INFO - Flashing ESP32S3 Firmware = Writing at 0x002c48e2... (47 %)
2024-10-01 09:49:36,625 - components.flashFirmware.flashFirmware - INFO - Flashing ESP32S3 Firmware = Writing at 0x002c9b46... (49 %)
2024-10-01 09:49:36,992 - components.flashFirmware.flashFirmware - INFO - Flashing ESP32S3 Firmware = Writing at 0x002cf0be... (50 %)
2024-10-01 09:49:37,360 - components.flashFirmware.flashFirmware - INFO - Flashing ESP32S3 Firmware = Writing at 0x002d4638... (52 %)
2024-10-01 09:49:37,728 - components.flashFirmware.flashFirmware - INFO - Flashing ESP32S3 Firmware = Writing at 0x002d97bc... (53 %)
2024-10-01 09:49:38,096 - components.flashFirmware.flashFirmware - INFO - Flashing ESP32S3 Firmware = Writing at 0x002de7cf... (55 %)
2024-10-01 09:49:38,464 - components.flashFirmware.flashFirmware - INFO - Flashing ESP32S3 Firmware = Writing at 0x002e38b4... (56 %)
2024-10-01 09:49:38,832 - components.flashFirmware.flashFirmware - INFO - Flashing ESP32S3 Firmware = Writing at 0x002e8925... (58 %)
2024-10-01 09:49:39,200 - components.flashFirmware.flashFirmware - INFO - Flashing ESP32S3 Firmware = Writing at 0x002edbf0... (60 %)
2024-10-01 09:49:39,567 - components.flashFirmware.flashFirmware - INFO - Flashing ESP32S3 Firmware = Writing at 0x002f30fa... (61 %)
2024-10-01 09:49:39,935 - components.flashFirmware.flashFirmware - INFO - Flashing ESP32S3 Firmware = Writing at 0x002f8a7d... (63 %)
2024-10-01 09:49:40,303 - components.flashFirmware.flashFirmware - INFO - Flashing ESP32S3 Firmware = Writing at 0x002fe184... (64 %)
2024-10-01 09:49:40,671 - components.flashFirmware.flashFirmware - INFO - Flashing ESP32S3 Firmware = Writing at 0x00303240... (66 %)
2024-10-01 09:49:41,039 - components.flashFirmware.flashFirmware - INFO - Flashing ESP32S3 Firmware = Writing at 0x003089e4... (67 %)
2024-10-01 09:49:41,406 - components.flashFirmware.flashFirmware - INFO - Flashing ESP32S3 Firmware = Writing at 0x0030e0d0... (69 %)
2024-10-01 09:49:41,774 - components.flashFirmware.flashFirmware - INFO - Flashing ESP32S3 Firmware = Writing at 0x00313fce... (70 %)
2024-10-01 09:49:42,142 - components.flashFirmware.flashFirmware - INFO - Flashing ESP32S3 Firmware = Writing at 0x00319c9c... (72 %)
2024-10-01 09:49:42,510 - components.flashFirmware.flashFirmware - INFO - Flashing ESP32S3 Firmware = Writing at 0x0031f658... (73 %)
2024-10-01 09:49:42,878 - components.flashFirmware.flashFirmware - INFO - Flashing ESP32S3 Firmware = Writing at 0x00324ab9... (75 %)
2024-10-01 09:49:43,246 - components.flashFirmware.flashFirmware - INFO - Flashing ESP32S3 Firmware = Writing at 0x0032a0e6... (76 %)
2024-10-01 09:49:43,613 - components.flashFirmware.flashFirmware - INFO - Flashing ESP32S3 Firmware = Writing at 0x0032f70f... (78 %)
2024-10-01 09:49:43,981 - components.flashFirmware.flashFirmware - INFO - Flashing ESP32S3 Firmware = Writing at 0x00334c0f... (80 %)
2024-10-01 09:49:44,349 - components.flashFirmware.flashFirmware - INFO - Flashing ESP32S3 Firmware = Writing at 0x0033a638... (81 %)
2024-10-01 09:49:44,717 - components.flashFirmware.flashFirmware - INFO - Flashing ESP32S3 Firmware = Writing at 0x0033fdfc... (83 %)
2024-10-01 09:49:45,084 - components.flashFirmware.flashFirmware - INFO - Flashing ESP32S3 Firmware = Writing at 0x003450e6... (84 %)
2024-10-01 09:49:45,453 - components.flashFirmware.flashFirmware - INFO - Flashing ESP32S3 Firmware = Writing at 0x0034a665... (86 %)
2024-10-01 09:49:45,820 - components.flashFirmware.flashFirmware - INFO - Flashing ESP32S3 Firmware = Writing at 0x0035025c... (87 %)
2024-10-01 09:49:46,188 - components.flashFirmware.flashFirmware - INFO - Flashing ESP32S3 Firmware = Writing at 0x00356107... (89 %)
2024-10-01 09:49:46,556 - components.flashFirmware.flashFirmware - INFO - Flashing ESP32S3 Firmware = Writing at 0x00360972... (90 %)
2024-10-01 09:49:46,924 - components.flashFirmware.flashFirmware - INFO - Flashing ESP32S3 Firmware = Writing at 0x00369015... (92 %)
2024-10-01 09:49:47,291 - components.flashFirmware.flashFirmware - INFO - Flashing ESP32S3 Firmware = Writing at 0x0036f1ac... (93 %)
2024-10-01 09:49:47,660 - components.flashFirmware.flashFirmware - INFO - Flashing ESP32S3 Firmware = Writing at 0x003753cd... (95 %)
2024-10-01 09:49:48,027 - components.flashFirmware.flashFirmware - INFO - Flashing ESP32S3 Firmware = Writing at 0x0037abd9... (96 %)
2024-10-01 09:49:48,395 - components.flashFirmware.flashFirmware - INFO - Flashing ESP32S3 Firmware = Writing at 0x00380431... (98 %)
2024-10-01 09:49:48,763 - components.flashFirmware.flashFirmware - INFO - Flashing ESP32S3 Firmware = Writing at 0x0038637a... (100 %)
2024-10-01 09:49:52,143 - components.flashFirmware.flashFirmware - INFO - Flashing ESP32S3 Firmware = Wrote 1682672 bytes (1062104 compressed) at 0x001f0000 in 24.1 seconds (effective 559.3 kbit/s)...
2024-10-01 09:49:52,143 - components.flashFirmware.flashFirmware - INFO - Flashing ESP32S3 Firmware = Hash of data verified.
2024-10-01 09:49:52,143 - components.flashFirmware.flashFirmware - INFO - Flashing ESP32S3 Firmware = 
2024-10-01 09:49:52,143 - components.flashFirmware.flashFirmware - INFO - Flashing ESP32S3 Firmware = Leaving...
2024-10-01 09:49:52,143 - components.flashFirmware.flashFirmware - INFO - Flashing ESP32S3 Firmware = Hard resetting via RTS pin...
2024-10-01 09:49:52,143 - components.flashFirmware.flashFirmware - INFO - Flashing ESP32S3 Firmware Complete
2024-10-01 09:49:52,151 - components.flashFirmware.flashFirmware - INFO - Flashing ESP32S3 Firmware Completed
2024-10-01 09:49:53,152 - __main__ - INFO - Flashing esp32s3 certificate
2024-10-01 09:49:53,152 - __main__ - INFO - Flashing esp32s3 certificate, Port: /dev/ttyUSB0, Baud: 460800
2024-10-01 09:49:53,153 - __main__ - INFO - ESP32S3 Secure Cert Partition Address: 0xD000
2024-10-01 09:49:53,153 - __main__ - INFO - ESP32S3 Data Provider Partition Address: 0x60000
2024-10-01 09:49:53,153 - __main__ - INFO - ESP32S3 DAC Use ESPTOOL: True
2024-10-01 09:49:53,153 - components.flashCert.flashCert - DEBUG - Cert file path: /home/anuarrozman2303/Airdroitech/FactoryApp_Merge/FlashingTool/certs/A09000500/espsecurecert/out/146d_1/dc19b802-47e1-4c5b-bf01-5279442482fc/dc19b802-47e1-4c5b-bf01-5279442482fc_esp_secure_cert.bin
2024-10-01 09:49:53,153 - components.flashCert.flashCert - INFO - Flashing certificate with cert-id: /home/anuarrozman2303/Airdroitech/FactoryApp_Merge/FlashingTool/certs/A09000500/espsecurecert/out/146d_1/dc19b802-47e1-4c5b-bf01-5279442482fc/dc19b802-47e1-4c5b-bf01-5279442482fc_esp_secure_cert.bin on port /dev/ttyUSB0
2024-10-01 09:49:53,153 - components.flashCert.flashCert - DEBUG - ESP Secure Cert /home/anuarrozman2303/Airdroitech/FactoryApp_Merge/FlashingTool/certs/A09000500/espsecurecert/out/146d_1/dc19b802-47e1-4c5b-bf01-5279442482fc/dc19b802-47e1-4c5b-bf01-5279442482fc_esp_secure_cert.bin on port /dev/ttyUSB0...
2024-10-01 09:49:53,153 - components.flashCert.flashCert - DEBUG - Certify Process: Flashing cert with bin_path: /home/anuarrozman2303/Airdroitech/FactoryApp_Merge/FlashingTool/certs/A09000500/espsecurecert/out/146d_1/dc19b802-47e1-4c5b-bf01-5279442482fc/dc19b802-47e1-4c5b-bf01-5279442482fc_esp_secure_cert.bin and part_bin_path: /home/anuarrozman2303/Airdroitech/FactoryApp_Merge/FlashingTool/certs/A09000500/espsecurecert/out/146d_1/dc19b802-47e1-4c5b-bf01-5279442482fc/dc19b802-47e1-4c5b-bf01-5279442482fc-partition.bin
2024-10-01 09:49:53,153 - components.flashCert.flashCert - INFO - Flashing ESP32S3 Cert with command: source /usr/src/app/esp/esp-idf/export.sh
esptool.py -p /dev/ttyUSB0 -b 460800 write_flash 0xD000 /home/anuarrozman2303/Airdroitech/FactoryApp_Merge/FlashingTool/certs/A09000500/espsecurecert/out/146d_1/dc19b802-47e1-4c5b-bf01-5279442482fc/dc19b802-47e1-4c5b-bf01-5279442482fc_esp_secure_cert.bin 0x60000 /home/anuarrozman2303/Airdroitech/FactoryApp_Merge/FlashingTool/certs/A09000500/espsecurecert/out/146d_1/dc19b802-47e1-4c5b-bf01-5279442482fc/dc19b802-47e1-4c5b-bf01-5279442482fc-partition.bin

2024-10-01 09:49:53,154 - components.flashCert.flashCert - INFO - Flashing ESP32S3 Cert = /bin/bash: line 1: /usr/src/app/esp/esp-idf/export.sh: No such file or directory
2024-10-01 09:49:53,196 - components.flashCert.flashCert - INFO - Flashing ESP32S3 Cert = esptool.py v4.7.0
2024-10-01 09:49:53,196 - components.flashCert.flashCert - INFO - Flashing ESP32S3 Cert = Serial port /dev/ttyUSB0
2024-10-01 09:49:54,811 - components.flashCert.flashCert - INFO - Flashing ESP32S3 Cert = Connecting....
2024-10-01 09:49:54,811 - components.flashCert.flashCert - INFO - Flashing ESP32S3 Cert = Detecting chip type... ESP32-S3
2024-10-01 09:49:54,811 - components.flashCert.flashCert - INFO - Flashing ESP32S3 Cert = Chip is ESP32-S3 (QFN56) (revision v0.1)
2024-10-01 09:49:54,811 - components.flashCert.flashCert - INFO - Flashing ESP32S3 Cert = Features: WiFi, BLE
2024-10-01 09:49:54,811 - components.flashCert.flashCert - INFO - Flashing ESP32S3 Cert = Crystal is 40MHz
2024-10-01 09:49:54,812 - components.flashCert.flashCert - INFO - Flashing ESP32S3 Cert = MAC: 34:85:18:50:fa:94
2024-10-01 09:49:54,812 - components.flashCert.flashCert - INFO - Flashing ESP32S3 Cert = Uploading stub...
2024-10-01 09:49:54,812 - components.flashCert.flashCert - INFO - Flashing ESP32S3 Cert = Running stub...
2024-10-01 09:49:54,812 - components.flashCert.flashCert - INFO - Flashing ESP32S3 Cert = Stub running...
2024-10-01 09:49:54,812 - components.flashCert.flashCert - INFO - Flashing ESP32S3 Cert = Changing baud rate to 460800
2024-10-01 09:49:54,812 - components.flashCert.flashCert - INFO - Flashing ESP32S3 Cert = Changed.
2024-10-01 09:49:54,812 - components.flashCert.flashCert - INFO - Flashing ESP32S3 Cert = Configuring flash size...
2024-10-01 09:49:54,812 - components.flashCert.flashCert - INFO - Flashing ESP32S3 Cert = Flash will be erased from 0x0000d000 to 0x0000efff...
2024-10-01 09:49:54,812 - components.flashCert.flashCert - INFO - Flashing ESP32S3 Cert = Flash will be erased from 0x00060000 to 0x00065fff...
2024-10-01 09:49:54,812 - components.flashCert.flashCert - INFO - Flashing ESP32S3 Cert = Compressed 8192 bytes to 773...
2024-10-01 09:49:54,812 - components.flashCert.flashCert - INFO - Flashing ESP32S3 Cert = Writing at 0x0000d000... (100 %)
2024-10-01 09:49:54,923 - components.flashCert.flashCert - INFO - Flashing ESP32S3 Cert = Wrote 8192 bytes (773 compressed) at 0x0000d000 in 0.1 seconds (effective 822.1 kbit/s)...
2024-10-01 09:49:54,923 - components.flashCert.flashCert - INFO - Flashing ESP32S3 Cert = Hash of data verified.
2024-10-01 09:49:54,923 - components.flashCert.flashCert - INFO - Flashing ESP32S3 Cert = Compressed 24576 bytes to 934...
2024-10-01 09:49:54,923 - components.flashCert.flashCert - INFO - Flashing ESP32S3 Cert = Writing at 0x00060000... (100 %)
2024-10-01 09:49:55,285 - components.flashCert.flashCert - INFO - Flashing ESP32S3 Cert = Wrote 24576 bytes (934 compressed) at 0x00060000 in 0.2 seconds (effective 1119.4 kbit/s)...
2024-10-01 09:49:55,285 - components.flashCert.flashCert - INFO - Flashing ESP32S3 Cert = Hash of data verified.
2024-10-01 09:49:55,285 - components.flashCert.flashCert - INFO - Flashing ESP32S3 Cert = 
2024-10-01 09:49:55,285 - components.flashCert.flashCert - INFO - Flashing ESP32S3 Cert = Leaving...
2024-10-01 09:49:55,285 - components.flashCert.flashCert - INFO - Flashing ESP32S3 Cert = Hard resetting via RTS pin...
2024-10-01 09:49:55,285 - components.flashCert.flashCert - INFO - Flashing ESP32S3 Cert Complete
2024-10-01 09:49:55,293 - components.flashCert.flashCert - INFO - FlashCert, Create New/Updata Database Start
2024-10-01 09:49:55,293 - components.flashCert.flashCert - DEBUG - Updating status for certId /home/anuarrozman2303/Airdroitech/FactoryApp_Merge/FlashingTool/certs/A09000500/espsecurecert/out/146d_1/dc19b802-47e1-4c5b-bf01-5279442482fc/dc19b802-47e1-4c5b-bf01-5279442482fc_esp_secure_cert.bin
2024-10-01 09:49:55,293 - components.flashCert.flashCert - DEBUG - Filtered certId =  esp-secure-cert-partition: dc19b802-47e1-4c5b-bf01-5279442482fc_esp_secure_cert.bin
2024-10-01 09:49:55,293 - components.flashCert.flashCert - DEBUG - Filtered macAddress =  mac-address: 34:85:18:50:fa:94
2024-10-01 09:49:55,293 - components.flashCert.flashCert - DEBUG - Reading file: /home/anuarrozman2303/Airdroitech/FactoryApp_Merge/FlashingTool/device_data.txt
2024-10-01 09:49:55,294 - components.flashCert.flashCert - INFO - Found in database =  mac-address: 34:85:18:50:fa:94
2024-10-01 09:49:55,294 - components.flashCert.flashCert - INFO - FlashCert, Create New/Updata Database End
2024-10-01 09:49:55,301 - __main__ - INFO - Test 1 Completed
2024-10-01 09:49:55,904 - __main__ - INFO - Test 2 Start
2024-10-01 09:49:55,905 - __main__ - INFO - Entering factory mode
2024-10-01 09:49:55,905 - __main__ - INFO - Reset Factory Mode Flag
2024-10-01 09:49:55,905 - __main__ - INFO - Open esp32s3 Factory Port
2024-10-01 09:49:55,905 - __main__ - INFO - factory Port: /dev/ttyUSB1, Baud: 115200
2024-10-01 09:49:55,905 - components.serialCom.serialCom - DEBUG - Opening port /dev/ttyUSB1 at 115200 baud
2024-10-01 09:49:55,911 - components.serialCom.serialCom - INFO - Opened port /dev/ttyUSB1 at 115200 baud
2024-10-01 09:49:55,911 - __main__ - INFO - Reboot esp32s3 and esp32h2
2024-10-01 09:49:55,911 - __main__ - INFO - Reboot esp32s3, Port: /dev/ttyUSB0, Baud: 460800
2024-10-01 09:49:55,911 - __main__ - INFO - Reboot esp32h2, Port: /dev/ttyUSB2, Baud: 115200
2024-10-01 09:49:55,911 - components.flashFirmware.flashFirmware - INFO - Reset ESP32H2: source /usr/src/app/esp/esp-idf/export.sh
esptool.py -p /dev/ttyUSB2 -b 115200 run

2024-10-01 09:49:55,912 - components.flashFirmware.flashFirmware - INFO - Reset ESP32S3 = /bin/bash: line 1: /usr/src/app/esp/esp-idf/export.sh: No such file or directory
2024-10-01 09:49:55,953 - components.flashFirmware.flashFirmware - INFO - Reset ESP32S3 = esptool.py v4.7.0
2024-10-01 09:49:55,953 - components.flashFirmware.flashFirmware - INFO - Reset ESP32S3 = Serial port /dev/ttyUSB2
2024-10-01 09:49:56,971 - components.flashFirmware.flashFirmware - INFO - Reset ESP32S3 = Connecting....
2024-10-01 09:49:56,971 - components.flashFirmware.flashFirmware - INFO - Reset ESP32S3 = Detecting chip type... ESP32-H2
2024-10-01 09:49:56,971 - components.flashFirmware.flashFirmware - INFO - Reset ESP32S3 = Chip is ESP32-H2 (revision v0.1)
2024-10-01 09:49:56,971 - components.flashFirmware.flashFirmware - INFO - Reset ESP32S3 = Features: BLE, IEEE802.15.4
2024-10-01 09:49:56,971 - components.flashFirmware.flashFirmware - INFO - Reset ESP32S3 = Crystal is 32MHz
2024-10-01 09:49:56,971 - components.flashFirmware.flashFirmware - INFO - Reset ESP32S3 = MAC: 48:31:b7:ff:fe:c0:19:80
2024-10-01 09:49:56,971 - components.flashFirmware.flashFirmware - INFO - Reset ESP32S3 = BASE MAC: 48:31:b7:c0:19:80
2024-10-01 09:49:56,971 - components.flashFirmware.flashFirmware - INFO - Reset ESP32S3 = MAC_EXT: ff:fe
2024-10-01 09:49:56,971 - components.flashFirmware.flashFirmware - INFO - Reset ESP32S3 = Uploading stub...
2024-10-01 09:49:56,971 - components.flashFirmware.flashFirmware - INFO - Reset ESP32S3 = Running stub...
2024-10-01 09:49:56,971 - components.flashFirmware.flashFirmware - INFO - Reset ESP32S3 = Stub running...
2024-10-01 09:49:56,971 - components.flashFirmware.flashFirmware - INFO - Reset ESP32S3 = Hard resetting via RTS pin...
2024-10-01 09:50:01,982 - components.flashFirmware.flashFirmware - INFO - Reset ESP32H2: source /usr/src/app/esp/esp-idf/export.sh
esptool.py -p /dev/ttyUSB0 -b 460800 run

2024-10-01 09:50:01,984 - components.flashFirmware.flashFirmware - INFO - Reset ESP32S3 = /bin/bash: line 1: /usr/src/app/esp/esp-idf/export.sh: No such file or directory
2024-10-01 09:50:02,026 - components.flashFirmware.flashFirmware - INFO - Reset ESP32S3 = esptool.py v4.7.0
2024-10-01 09:50:02,026 - components.flashFirmware.flashFirmware - INFO - Reset ESP32S3 = Serial port /dev/ttyUSB0
2024-10-01 09:50:03,719 - components.flashFirmware.flashFirmware - INFO - Reset ESP32S3 = Connecting....
2024-10-01 09:50:03,719 - components.flashFirmware.flashFirmware - INFO - Reset ESP32S3 = Detecting chip type... ESP32-S3
2024-10-01 09:50:03,719 - components.flashFirmware.flashFirmware - INFO - Reset ESP32S3 = Chip is ESP32-S3 (QFN56) (revision v0.1)
2024-10-01 09:50:03,719 - components.flashFirmware.flashFirmware - INFO - Reset ESP32S3 = Features: WiFi, BLE
2024-10-01 09:50:03,719 - components.flashFirmware.flashFirmware - INFO - Reset ESP32S3 = Crystal is 40MHz
2024-10-01 09:50:03,719 - components.flashFirmware.flashFirmware - INFO - Reset ESP32S3 = MAC: 34:85:18:50:fa:94
2024-10-01 09:50:03,719 - components.flashFirmware.flashFirmware - INFO - Reset ESP32S3 = Uploading stub...
2024-10-01 09:50:03,719 - components.flashFirmware.flashFirmware - INFO - Reset ESP32S3 = Running stub...
2024-10-01 09:50:03,719 - components.flashFirmware.flashFirmware - INFO - Reset ESP32S3 = Stub running...
2024-10-01 09:50:03,719 - components.flashFirmware.flashFirmware - INFO - Reset ESP32S3 = Changing baud rate to 460800
2024-10-01 09:50:03,719 - components.flashFirmware.flashFirmware - INFO - Reset ESP32S3 = Changed.
2024-10-01 09:50:03,719 - components.flashFirmware.flashFirmware - INFO - Reset ESP32S3 = Hard resetting via RTS pin...
2024-10-01 09:50:05,318 - components.serialCom.serialCom - DEBUG - Received: .
2024-10-01 09:50:05,318 - components.serialCom.serialCom - DEBUG - Data contains '.'
2024-10-01 09:50:05,318 - components.serialCom.serialCom - DEBUG - SerialCom, Factory: polyaire&ADT

2024-10-01 09:50:08,727 - __main__ - INFO - Start Wait 3
2024-10-01 09:50:11,727 - __main__ - INFO - Finish Wait 3
2024-10-01 09:50:12,728 - __main__ - INFO - Read MAC Address
2024-10-01 09:50:12,729 - __main__ - DEBUG - SerialCom, Sent: FF:3;MAC?
2024-10-01 09:50:12,729 - __main__ - INFO - Read MAC Address Command: FF:3;MAC?
2024-10-01 09:50:12,729 - __main__ - INFO - Reference MAC Address: 34:85:18:50:fa:94
2024-10-01 09:50:13,786 - components.serialCom.serialCom - DEBUG - Received: 3;MAC? = 34:85:18:50:FA:94
2024-10-01 09:50:13,786 - components.serialCom.serialCom - INFO - SerialCom, MAC Address: 34:85:18:50:FA:94
2024-10-01 09:50:15,729 - __main__ - INFO - Read MAC Address: Pass
2024-10-01 09:50:15,730 - __main__ - INFO - Write Product Name
2024-10-01 09:50:15,730 - __main__ - DEBUG - SerialCom, Sent: FF:3;PRD-ATBEAM
2024-10-01 09:50:15,730 - __main__ - INFO - Write Product Name Command: FF:3;PRD-ATBEAM
2024-10-01 09:50:16,784 - components.serialCom.serialCom - DEBUG - Received: 3;PRD-ATBEAM
2024-10-01 09:50:18,730 - __main__ - INFO - Read Product Name
2024-10-01 09:50:18,731 - __main__ - DEBUG - SerialCom, Sent: FF:3;PRD?
2024-10-01 09:50:18,731 - __main__ - INFO - Read Product Name Command: FF:3;PRD?
2024-10-01 09:50:18,731 - __main__ - INFO - Reference Product Name: ATBEAM
2024-10-01 09:50:19,785 - components.serialCom.serialCom - DEBUG - Received: 3;PRD? = ATBEAM
2024-10-01 09:50:19,785 - components.serialCom.serialCom - INFO - SerialCom, Product Name: ATBEAM
2024-10-01 09:50:21,731 - __main__ - INFO - Product Name: Pass
2024-10-01 09:50:21,732 - __main__ - INFO - Write Serial Number
2024-10-01 09:50:21,732 - __main__ - DEBUG - SerialCom, Sent: FF:3;SRN-A09000500
2024-10-01 09:50:21,732 - __main__ - INFO - Write Serial Number Command: FF:3;SRN-A09000500
2024-10-01 09:50:22,786 - components.serialCom.serialCom - DEBUG - Received: 3;SRN-A09000500
2024-10-01 09:50:24,732 - __main__ - INFO - Read Serial Number
2024-10-01 09:50:24,732 - __main__ - DEBUG - SerialCom, Sent: FF:3;SRN?
2024-10-01 09:50:24,732 - __main__ - INFO - Read Serial Number Command: FF:3;SRN?
2024-10-01 09:50:25,788 - components.serialCom.serialCom - DEBUG - Received: 3;SRN? = A09000500
2024-10-01 09:50:25,788 - components.serialCom.serialCom - INFO - SerialCom, Serial Number: A09000500
2024-10-01 09:50:27,733 - __main__ - INFO - Write Device S/N: Pass
2024-10-01 09:50:27,735 - __main__ - INFO - Write Matter QR String
2024-10-01 09:50:27,735 - __main__ - DEBUG - SerialCom, Sent: FF:3;MTQRS-MT:Y1CA00O6148F-405J10
2024-10-01 09:50:27,735 - __main__ - INFO - Write Matter QR String Command: FF:3;MTQRS-MT:Y1CA00O6148F-405J10
2024-10-01 09:50:28,790 - components.serialCom.serialCom - DEBUG - Received: 3;MTQRS-MT:Y1CA00O6148F-405J10
2024-10-01 09:50:30,736 - __main__ - INFO - Read Matter QR String
2024-10-01 09:50:30,736 - __main__ - DEBUG - SerialCom, Sent: FF:3;MTQRS?
2024-10-01 09:50:30,736 - __main__ - INFO - Read Matter QR String Command: FF:3;MTQRS?
2024-10-01 09:50:31,790 - components.serialCom.serialCom - DEBUG - Received: 3;MTQRS? = MT:Y1CA00O6148F-405J10
2024-10-01 09:50:31,790 - components.serialCom.serialCom - INFO - SerialCom, Matter QR String: MT:Y1CA00O6148F-405J10
2024-10-01 09:50:33,737 - __main__ - INFO - Write Device Matter QR: Pass
2024-10-01 09:50:33,738 - __main__ - INFO - Write IR Definition
2024-10-01 09:50:33,741 - __main__ - DEBUG - SerialCom, Sent: FF:3;irdevconf-B001010FE00FE00FE00F000FE05024001B0ED801000000000F0012000F003001000400860042000A0907000F018100860042001B0220E004000000060220E00400312080AF000006600000800006720B100380840A038084030380840503808407160A045F069006043F0690060C180384880F038488010384880203848803038488040384880500D407010400020D3006050401081A1A0904037378020A1403686C0303686C0403686C0003686C0603686C0212020400144B02090A0800610801900D07021700620009090801908AC0088A0A0A12400A8A060813400A0800610901900D07041D0062000A0A0901908AC0098A0A0A8C400A8A080413400A8C060414400C-kk_panasonic_2587
2024-10-01 09:50:33,741 - __main__ - INFO - Write IR Definition Command: FF:3;irdevconf-B001010FE00FE00FE00F000FE05024001B0ED801000000000F0012000F003001000400860042000A0907000F018100860042001B0220E004000000060220E00400312080AF000006600000800006720B100380840A038084030380840503808407160A045F069006043F0690060C180384880F038488010384880203848803038488040384880500D407010400020D3006050401081A1A0904037378020A1403686C0303686C0403686C0003686C0603686C0212020400144B02090A0800610801900D07021700620009090801908AC0088A0A0A12400A8A060813400A0800610901900D07041D0062000A0A0901908AC0098A0A0A8C400A8A080413400A8C060414400C-kk_panasonic_2587
2024-10-01 09:50:34,839 - components.serialCom.serialCom - DEBUG - Received: 3;irdevconf
2024-10-01 09:50:38,741 - __main__ - INFO - Read IR Definition
2024-10-01 09:50:38,741 - __main__ - DEBUG - SerialCom, Sent: FF:3;irdevconf?
2024-10-01 09:50:38,741 - __main__ - INFO - Read IR Definition Command: FF:3;irdevconf?
2024-10-01 09:50:39,836 - components.serialCom.serialCom - DEBUG - Received: 3;irdevconf? = B001010FE00FE00FE00F000FE05024001B0ED801000000000F0012000F003001000400860042000A0907000F018100860042001B0220E004000000060220E00400312080AF000006600000800006720B100380840A038084030380840503808407160A045F069006043F0690060C180384880F038488010384880203848803038488040384880500D407010400020D3006050401081A1A0904037378020A1403686C0303686C0403686C0003686C0603686C0212020400144B02090A0800610801900D07021700620009090801908AC0088A0A0A12400A8A060813400A0800610901900D07041D0062000A0A0901908AC0098A0A0A8C400A8A080413400A8C060414400C
2024-10-01 09:50:39,836 - components.serialCom.serialCom - INFO - Serial Com, Read IR Definition: B001010FE00FE00FE00F000FE05024001B0ED801000000000F0012000F003001000400860042000A0907000F018100860042001B0220E004000000060220E00400312080AF000006600000800006720B100380840A038084030380840503808407160A045F069006043F0690060C180384880F038488010384880203848803038488040384880500D407010400020D3006050401081A1A0904037378020A1403686C0303686C0403686C0003686C0603686C0212020400144B02090A0800610801900D07021700620009090801908AC0088A0A0A12400A8A060813400A0800610901900D07041D0062000A0A0901908AC0098A0A0A8C400A8A080413400A8C060414400C %
2024-10-01 09:50:43,742 - __main__ - INFO - IR Definition Test: Pass
2024-10-01 09:50:43,743 - __main__ - INFO - Save Device Data
2024-10-01 09:50:43,743 - __main__ - INFO - Save Device Data Command: FF:3;saveDevData
2024-10-01 09:50:43,743 - __main__ - INFO - Extracted data: saveDevData
2024-10-01 09:50:43,743 - __main__ - DEBUG - SerialCom, Sent: FF:3;saveDevData
2024-10-01 09:50:44,791 - components.serialCom.serialCom - DEBUG - Received: 3;saveDevData
2024-10-01 09:50:44,791 - components.serialCom.serialCom - INFO - SerialCom, Save Device Data: saveDevData
2024-10-01 09:50:53,744 - __main__ - INFO - Save Device Data: Pass
2024-10-01 09:50:53,744 - __main__ - INFO - 5V Test
2024-10-01 09:50:53,745 - __main__ - INFO - 5V Test Auto Mode: True
2024-10-01 09:50:53,745 - __main__ - INFO - 5V Test Time in seconds: 10
2024-10-01 09:50:53,745 - __main__ - INFO - 5V Test Range: 0.5 V
2024-10-01 09:50:53,746 - components.dmmReader.dmmReader - ERROR - Selected device number is out of range.
2024-10-01 09:50:53,746 - __main__ - DEBUG - Manual 5V DMM Value: 
2024-10-01 09:50:53,746 - __main__ - DEBUG - Manual 5V Test Range Value: 0.5
2024-10-01 09:50:53,746 - __main__ - INFO - 'dmm_manual_input' is not numeric
2024-10-01 09:50:53,748 - __main__ - INFO - 3.3V Test
2024-10-01 09:50:53,748 - __main__ - INFO - 3.3V Test Auto Mode: True
2024-10-01 09:50:53,748 - __main__ - INFO - 3.3V Test Time in seconds: 10
2024-10-01 09:50:53,748 - __main__ - INFO - 3.3V Test Range: 0.33
2024-10-01 09:50:53,748 - components.dmmReader.dmmReader - ERROR - Selected device number is out of range.
2024-10-01 09:50:53,748 - __main__ - DEBUG - Manual 3.3V DMM Value: 
2024-10-01 09:50:53,749 - __main__ - DEBUG - Manual 3.3V Test Range Value: 0.33
2024-10-01 09:50:53,749 - __main__ - INFO - 'dmm_manual_input' is not numeric
2024-10-01 09:50:53,749 - __main__ - INFO - Read ATBeam Temperature
2024-10-01 09:50:53,750 - __main__ - DEBUG - SerialCom, Sent: FF:3;sensorTemp?
2024-10-01 09:50:53,750 - __main__ - INFO - Compare Temperature
2024-10-01 09:50:53,750 - __main__ - INFO - Temperature Test Range: 10.0
2024-10-01 09:50:53,750 - __main__ - DEBUG - External Temperature: 25.0
2024-10-01 09:50:53,750 - __main__ - ERROR - File not found
2024-10-01 09:50:54,804 - components.serialCom.serialCom - DEBUG - Received: 3;sensorTemp? = 29.58
2024-10-01 09:50:54,804 - components.serialCom.serialCom - INFO - 29.58 C
2024-10-01 09:50:54,805 - components.serialCom.serialCom - INFO - SerialCom, Device Temparature Reading '29.58' written to file 'sensor.txt'
2024-10-01 09:50:55,750 - __main__ - INFO - ATBeam Temperature: 29.58
2024-10-01 09:50:55,751 - __main__ - INFO - Temperature Range: 10.0
2024-10-01 09:50:55,751 - __main__ - INFO - Temperature is within ±10.0 range
2024-10-01 09:50:58,751 - __main__ - INFO - Temperature Test: Pass
2024-10-01 09:50:58,753 - __main__ - INFO - Read ATBeam Humidity
2024-10-01 09:50:58,754 - __main__ - DEBUG - SerialCom, Sent: FF:3;sensorHumi?
2024-10-01 09:50:58,754 - __main__ - INFO - Compare Humidity
2024-10-01 09:50:58,754 - __main__ - INFO - Humidity Test Range: 20.0
2024-10-01 09:50:58,754 - __main__ - DEBUG - External Humidity: 50.5
2024-10-01 09:50:59,806 - components.serialCom.serialCom - DEBUG - Received: 3;sensorHumi? = 50.34
2024-10-01 09:50:59,806 - components.serialCom.serialCom - INFO - 50.34 %
2024-10-01 09:50:59,806 - components.serialCom.serialCom - DEBUG - SerialCom, Device Humidity Reading '50.34' written to file 'sensor.txt'
2024-10-01 09:51:00,754 - __main__ - INFO - ATBeam Humidity: 50.34
2024-10-01 09:51:00,754 - __main__ - INFO - Humidity Range: 20.0
2024-10-01 09:51:00,754 - __main__ - INFO - Humidity is within ±20.0 range
2024-10-01 09:51:03,755 - __main__ - INFO - Humidity Test: Pass
2024-10-01 09:51:03,755 - __main__ - INFO - Button Test
2024-10-01 09:51:03,755 - __main__ - INFO - Button Test Time in seconds: 10
2024-10-01 09:51:29,212 - components.serialCom.serialCom - DEBUG - Received: 3;test_buttonshort = pressed
2024-10-01 09:51:29,287 - __main__ - INFO - Button Test: Pass
2024-10-01 09:51:29,287 - __main__ - INFO - Manual Test Time in seconds: 60
2024-10-01 09:51:29,287 - __main__ - INFO - Manual Test Loop Start
2024-10-01 09:51:29,288 - __main__ - DEBUG - SerialCom, Sent: FF:3;RGB-1
2024-10-01 09:51:30,289 - __main__ - DEBUG - SerialCom, Sent: FF:3;RGB-1
2024-10-01 09:51:31,290 - __main__ - DEBUG - SerialCom, Sent: FF:3;RGB-1
2024-10-01 09:51:32,291 - __main__ - DEBUG - SerialCom, Sent: FF:3;RGB-1
2024-10-01 09:51:33,292 - __main__ - INFO - Red LED: Pass
2024-10-01 09:51:34,293 - __main__ - DEBUG - SerialCom, Sent: FF:3;RGB-2
2024-10-01 09:51:35,294 - __main__ - DEBUG - SerialCom, Sent: FF:3;RGB-2
2024-10-01 09:51:36,295 - __main__ - DEBUG - SerialCom, Sent: FF:3;RGB-2
2024-10-01 09:51:37,295 - __main__ - INFO - Green LED: Pass
2024-10-01 09:51:38,297 - __main__ - DEBUG - SerialCom, Sent: FF:3;RGB-3
2024-10-01 09:51:39,298 - __main__ - INFO - Blue LED: Pass
2024-10-01 09:51:41,299 - __main__ - DEBUG - SerialCom, Sent: FF:3;auto_detect
2024-10-01 09:51:42,353 - components.serialCom.serialCom - DEBUG - Received: 3;auto_detect
2024-10-01 09:51:43,299 - __main__ - DEBUG - SerialCom, Sent: FF:3;ir_send
2024-10-01 09:51:44,354 - components.serialCom.serialCom - DEBUG - Received: 3;ir_send
2024-10-01 09:51:45,302 - __main__ - DEBUG - SerialCom, Sent: FF:3;auto_detect
2024-10-01 09:51:46,354 - components.serialCom.serialCom - DEBUG - Received: 3;auto_detect
2024-10-01 09:51:47,302 - __main__ - DEBUG - SerialCom, Sent: FF:3;ir_send
2024-10-01 09:51:47,302 - __main__ - INFO - IR Receiver/Turn off LED: Pass
2024-10-01 09:51:48,354 - components.serialCom.serialCom - DEBUG - Received: 3;ir_send
2024-10-01 09:51:49,303 - __main__ - DEBUG - SerialCom, Sent: FF:3;ir_send
2024-10-01 09:51:50,355 - components.serialCom.serialCom - DEBUG - Received: 3;ir_send
2024-10-01 09:51:51,304 - __main__ - DEBUG - SerialCom, Sent: FF:3;ir_send
2024-10-01 09:51:51,305 - __main__ - INFO - IR LED 1: Pass
2024-10-01 09:51:52,355 - components.serialCom.serialCom - DEBUG - Received: 3;ir_send
2024-10-01 09:51:53,305 - __main__ - DEBUG - SerialCom, Sent: FF:3;ir_send
2024-10-01 09:51:54,356 - components.serialCom.serialCom - DEBUG - Received: 3;ir_send
2024-10-01 09:51:55,306 - __main__ - DEBUG - SerialCom, Sent: FF:3;ir_send
2024-10-01 09:51:55,307 - __main__ - INFO - IR LED 2: Pass
2024-10-01 09:51:56,355 - components.serialCom.serialCom - DEBUG - Received: 3;ir_send
2024-10-01 09:51:57,307 - __main__ - DEBUG - SerialCom, Sent: FF:3;ir_send
2024-10-01 09:51:58,357 - components.serialCom.serialCom - DEBUG - Received: 3;ir_send
2024-10-01 09:51:59,308 - __main__ - DEBUG - SerialCom, Sent: FF:3;ir_send
2024-10-01 09:51:59,308 - __main__ - INFO - IR LED 3: Pass
2024-10-01 09:52:00,356 - components.serialCom.serialCom - DEBUG - Received: 3;ir_send
2024-10-01 09:52:01,309 - __main__ - DEBUG - SerialCom, Sent: FF:3;ir_send
2024-10-01 09:52:02,357 - components.serialCom.serialCom - DEBUG - Received: 3;ir_send
2024-10-01 09:52:03,310 - __main__ - DEBUG - SerialCom, Sent: FF:3;ir_send
2024-10-01 09:52:03,311 - __main__ - INFO - IR LED 4: Pass
2024-10-01 09:52:04,356 - components.serialCom.serialCom - DEBUG - Received: 3;ir_send
2024-10-01 09:52:05,311 - __main__ - DEBUG - SerialCom, Sent: FF:3;ir_send
2024-10-01 09:52:06,357 - components.serialCom.serialCom - DEBUG - Received: 3;ir_send
2024-10-01 09:52:07,312 - __main__ - DEBUG - SerialCom, Sent: FF:3;ir_send
2024-10-01 09:52:08,357 - components.serialCom.serialCom - DEBUG - Received: 3;ir_send
2024-10-01 09:52:09,313 - __main__ - DEBUG - SerialCom, Sent: FF:3;ir_send
2024-10-01 09:52:09,313 - __main__ - INFO - IR LED 5: Pass
2024-10-01 09:52:10,318 - __main__ - INFO - Red LED: Pass
2024-10-01 09:52:10,319 - __main__ - INFO - Green LED: Pass
2024-10-01 09:52:10,319 - __main__ - INFO - Blue LED: Pass
2024-10-01 09:52:10,319 - __main__ - INFO - IR Receiver: Pass
2024-10-01 09:52:10,319 - __main__ - INFO - IR LED 1: Pass
2024-10-01 09:52:10,319 - __main__ - INFO - IR LED 2: Pass
2024-10-01 09:52:10,319 - __main__ - INFO - IR LED 3: Pass
2024-10-01 09:52:10,319 - __main__ - INFO - IR LED 4: Pass
2024-10-01 09:52:10,319 - __main__ - INFO - IR LED 5: Pass
2024-10-01 09:52:10,319 - __main__ - INFO - Manual Test Loop Completed
2024-10-01 09:52:10,367 - components.serialCom.serialCom - DEBUG - Received: 3;ir_send
2024-10-01 09:52:13,319 - __main__ - INFO - Entering factory mode
2024-10-01 09:52:13,320 - __main__ - INFO - Reset Factory Mode Flag
2024-10-01 09:52:13,320 - __main__ - INFO - Reboot esp32s3 and esp32h2
2024-10-01 09:52:13,320 - __main__ - INFO - Reboot esp32s3, Port: /dev/ttyUSB0, Baud: 460800
2024-10-01 09:52:13,320 - __main__ - INFO - Reboot esp32h2, Port: /dev/ttyUSB2, Baud: 115200
2024-10-01 09:52:13,320 - components.flashFirmware.flashFirmware - INFO - Reset ESP32H2: source /usr/src/app/esp/esp-idf/export.sh
esptool.py -p /dev/ttyUSB2 -b 115200 run

2024-10-01 09:52:13,321 - components.flashFirmware.flashFirmware - INFO - Reset ESP32S3 = /bin/bash: line 1: /usr/src/app/esp/esp-idf/export.sh: No such file or directory
2024-10-01 09:52:13,362 - components.flashFirmware.flashFirmware - INFO - Reset ESP32S3 = esptool.py v4.7.0
2024-10-01 09:52:13,362 - components.flashFirmware.flashFirmware - INFO - Reset ESP32S3 = Serial port /dev/ttyUSB2
2024-10-01 09:52:14,372 - components.flashFirmware.flashFirmware - INFO - Reset ESP32S3 = Connecting....
2024-10-01 09:52:14,372 - components.flashFirmware.flashFirmware - INFO - Reset ESP32S3 = Detecting chip type... ESP32-H2
2024-10-01 09:52:14,372 - components.flashFirmware.flashFirmware - INFO - Reset ESP32S3 = Chip is ESP32-H2 (revision v0.1)
2024-10-01 09:52:14,372 - components.flashFirmware.flashFirmware - INFO - Reset ESP32S3 = Features: BLE, IEEE802.15.4
2024-10-01 09:52:14,372 - components.flashFirmware.flashFirmware - INFO - Reset ESP32S3 = Crystal is 32MHz
2024-10-01 09:52:14,372 - components.flashFirmware.flashFirmware - INFO - Reset ESP32S3 = MAC: 48:31:b7:ff:fe:c0:19:80
2024-10-01 09:52:14,372 - components.flashFirmware.flashFirmware - INFO - Reset ESP32S3 = BASE MAC: 48:31:b7:c0:19:80
2024-10-01 09:52:14,372 - components.flashFirmware.flashFirmware - INFO - Reset ESP32S3 = MAC_EXT: ff:fe
2024-10-01 09:52:14,372 - components.flashFirmware.flashFirmware - INFO - Reset ESP32S3 = Uploading stub...
2024-10-01 09:52:14,372 - components.flashFirmware.flashFirmware - INFO - Reset ESP32S3 = Running stub...
2024-10-01 09:52:14,372 - components.flashFirmware.flashFirmware - INFO - Reset ESP32S3 = Stub running...
2024-10-01 09:52:14,372 - components.flashFirmware.flashFirmware - INFO - Reset ESP32S3 = Hard resetting via RTS pin...
2024-10-01 09:52:19,378 - components.flashFirmware.flashFirmware - INFO - Reset ESP32H2: source /usr/src/app/esp/esp-idf/export.sh
esptool.py -p /dev/ttyUSB0 -b 460800 run

2024-10-01 09:52:19,379 - components.flashFirmware.flashFirmware - INFO - Reset ESP32S3 = /bin/bash: line 1: /usr/src/app/esp/esp-idf/export.sh: No such file or directory
2024-10-01 09:52:19,424 - components.flashFirmware.flashFirmware - INFO - Reset ESP32S3 = esptool.py v4.7.0
2024-10-01 09:52:19,425 - components.flashFirmware.flashFirmware - INFO - Reset ESP32S3 = Serial port /dev/ttyUSB0
2024-10-01 09:52:21,115 - components.flashFirmware.flashFirmware - INFO - Reset ESP32S3 = Connecting....
2024-10-01 09:52:21,116 - components.flashFirmware.flashFirmware - INFO - Reset ESP32S3 = Detecting chip type... ESP32-S3
2024-10-01 09:52:21,116 - components.flashFirmware.flashFirmware - INFO - Reset ESP32S3 = Chip is ESP32-S3 (QFN56) (revision v0.1)
2024-10-01 09:52:21,116 - components.flashFirmware.flashFirmware - INFO - Reset ESP32S3 = Features: WiFi, BLE
2024-10-01 09:52:21,116 - components.flashFirmware.flashFirmware - INFO - Reset ESP32S3 = Crystal is 40MHz
2024-10-01 09:52:21,116 - components.flashFirmware.flashFirmware - INFO - Reset ESP32S3 = MAC: 34:85:18:50:fa:94
2024-10-01 09:52:21,116 - components.flashFirmware.flashFirmware - INFO - Reset ESP32S3 = Uploading stub...
2024-10-01 09:52:21,116 - components.flashFirmware.flashFirmware - INFO - Reset ESP32S3 = Running stub...
2024-10-01 09:52:21,116 - components.flashFirmware.flashFirmware - INFO - Reset ESP32S3 = Stub running...
2024-10-01 09:52:21,116 - components.flashFirmware.flashFirmware - INFO - Reset ESP32S3 = Changing baud rate to 460800
2024-10-01 09:52:21,116 - components.flashFirmware.flashFirmware - INFO - Reset ESP32S3 = Changed.
2024-10-01 09:52:21,116 - components.flashFirmware.flashFirmware - INFO - Reset ESP32S3 = Hard resetting via RTS pin...
2024-10-01 09:52:22,715 - components.serialCom.serialCom - DEBUG - Received: .
2024-10-01 09:52:22,715 - components.serialCom.serialCom - DEBUG - Data contains '.'
2024-10-01 09:52:22,715 - components.serialCom.serialCom - DEBUG - SerialCom, Factory: polyaire&ADT

2024-10-01 09:52:26,122 - __main__ - INFO - Start Wait 3
2024-10-01 09:52:29,122 - __main__ - INFO - Finish Wait 3
2024-10-01 09:52:29,122 - __main__ - INFO - Read MAC Address
2024-10-01 09:52:29,122 - __main__ - DEBUG - SerialCom, Sent: FF:3;MAC?
2024-10-01 09:52:29,122 - __main__ - INFO - Read MAC Address Command: FF:3;MAC?
2024-10-01 09:52:29,122 - __main__ - INFO - Reference MAC Address: 34:85:18:50:fa:94
2024-10-01 09:52:30,170 - components.serialCom.serialCom - DEBUG - Received: 3;MAC? = 34:85:18:50:FA:94
2024-10-01 09:52:35,125 - urllib3.connectionpool - DEBUG - Starting new HTTP connection (1): 192.168.0.44:5000
