2024-10-01 10:00:42,801 - __main__ - INFO - Factory App Version: 0.0.1
2024-10-01 10:00:42,801 - __main__ - INFO - Test 1 Start
2024-10-01 10:00:42,801 - __main__ - INFO - Below are information extracted based on ESP32S3 MAC Address
2024-10-01 10:00:42,801 - __main__ - INFO - order-no: hand-sample
2024-10-01 10:00:42,801 - __main__ - INFO -  mac-address: 34:85:18:50:fa:94
2024-10-01 10:00:42,801 - __main__ - INFO -  serial-id: A09000500
2024-10-01 10:00:42,801 - __main__ - INFO -  cert-id: Polyaire-DAC-0x146D-0x0001-A09000500-Cert
2024-10-01 10:00:42,801 - __main__ - INFO -  esp-secure-cert-partition: dc19b802-47e1-4c5b-bf01-5279442482fc_esp_secure_cert.bin
2024-10-01 10:00:42,801 - __main__ - INFO -  commissionable-data-provider-partition: dc19b802-47e1-4c5b-bf01-5279442482fc-partition.bin
2024-10-01 10:00:42,801 - __main__ - INFO -  qrcode: MT:Y1CA00O6148F-405J10
2024-10-01 10:00:42,801 - __main__ - INFO -  manualcode: 1169-154-3426
2024-10-01 10:00:42,801 - __main__ - INFO -  discriminator: 1428
2024-10-01 10:00:42,801 - __main__ - INFO -  passcode: 71139859
2024-10-01 10:00:42,802 - __main__ - INFO - Read ESP32S3 Mac Address
2024-10-01 10:00:42,802 - components.flashFirmware.flashFirmware - INFO - ESP32S3 MAC Address: 34:85:18:50:fa:94
2024-10-01 10:00:42,802 - components.flashFirmware.flashFirmware - INFO - Get ESP32S3 MAC Address Completed
2024-10-01 10:00:42,802 - __main__ - INFO - Read ESP32H2 MAC Address
2024-10-01 10:00:43,883 - __main__ - INFO - Flashing esp32s3 and esp32h2 firmware
2024-10-01 10:00:43,883 - __main__ - INFO - Erase Flash ESP32S3: True
2024-10-01 10:00:43,883 - __main__ - INFO - Erase Flash ESP32S3 Start Address: 0x0
2024-10-01 10:00:43,883 - __main__ - INFO - Erase Flash ESP32S3 End Address: 0x800000
2024-10-01 10:00:43,883 - __main__ - INFO - Erase Flash ESP32H2: True
2024-10-01 10:00:43,883 - __main__ - INFO - Erase Flash ESP32H2 Start Address: 0x0
2024-10-01 10:00:43,883 - __main__ - INFO - Erase Flash ESP32H2 End Address: 0x400000
2024-10-01 10:00:43,884 - __main__ - INFO - Flashing ESP32S3 firmware, Port: /dev/ttyUSB0, Baud: 460800
2024-10-01 10:00:43,884 - __main__ - INFO - ESP32S3 Bootloader Address: 0x0
2024-10-01 10:00:43,884 - __main__ - INFO - ESP32S3 Partition Table Address: 0xC000
2024-10-01 10:00:43,884 - __main__ - INFO - ESP32S3 OTA Data Initial Address: 0x1E000
2024-10-01 10:00:43,884 - __main__ - INFO - ESP32S3 Firmware Address: 0x1F0000
2024-10-01 10:00:43,884 - __main__ - INFO - ESP32S3 Use ESPTOOL: True
2024-10-01 10:00:43,884 - __main__ - INFO - Flashing ESP32H2 firmware, Port: /dev/ttyUSB2, Baud: 115200
2024-10-01 10:00:43,884 - __main__ - INFO - ESP32H2 Bootloader Address: 0x0
2024-10-01 10:00:43,884 - __main__ - INFO - ESP32H2 Partition Table Address: 0x8000
2024-10-01 10:00:43,884 - __main__ - INFO - ESP32H2 Firmware Address: 0x10000
2024-10-01 10:00:43,884 - __main__ - INFO - ESP32H2 Use ESPTOOL: True
2024-10-01 10:00:43,885 - components.flashFirmware.flashFirmware - INFO - Erase Flash ESP32S3: esptool.py --chip esp32s3 -p /dev/ttyUSB0 -b 460800 erase_region 0x0 0x800000

2024-10-01 10:00:43,885 - components.flashFirmware.flashFirmware - ERROR - Error: Unable to find one or more bin files
2024-10-01 10:00:43,928 - components.flashFirmware.flashFirmware - INFO - Erase Flash ESP32S3 = esptool.py v4.7.0
2024-10-01 10:00:43,928 - components.flashFirmware.flashFirmware - INFO - Erase Flash ESP32S3 = Serial port /dev/ttyUSB0
2024-10-01 10:00:50,724 - components.flashFirmware.flashFirmware - INFO - Erase Flash ESP32S3 = Connecting....
2024-10-01 10:00:50,724 - components.flashFirmware.flashFirmware - INFO - Erase Flash ESP32S3 = Chip is ESP32-S3 (QFN56) (revision v0.1)
2024-10-01 10:00:50,724 - components.flashFirmware.flashFirmware - INFO - Erase Flash ESP32S3 = Features: WiFi, BLE
2024-10-01 10:00:50,724 - components.flashFirmware.flashFirmware - INFO - Erase Flash ESP32S3 = Crystal is 40MHz
2024-10-01 10:00:50,724 - components.flashFirmware.flashFirmware - INFO - Erase Flash ESP32S3 = MAC: 34:85:18:50:fa:94
2024-10-01 10:00:50,724 - components.flashFirmware.flashFirmware - INFO - Erase Flash ESP32S3 = Uploading stub...
2024-10-01 10:00:50,724 - components.flashFirmware.flashFirmware - INFO - Erase Flash ESP32S3 = Running stub...
2024-10-01 10:00:50,724 - components.flashFirmware.flashFirmware - INFO - Erase Flash ESP32S3 = Stub running...
2024-10-01 10:00:50,724 - components.flashFirmware.flashFirmware - INFO - Erase Flash ESP32S3 = Changing baud rate to 460800
2024-10-01 10:00:50,725 - components.flashFirmware.flashFirmware - INFO - Erase Flash ESP32S3 = Changed.
2024-10-01 10:00:50,725 - components.flashFirmware.flashFirmware - INFO - Erase Flash ESP32S3 = Erasing region (may be slow depending on size)...
2024-10-01 10:00:50,725 - components.flashFirmware.flashFirmware - INFO - Erase Flash ESP32S3 = Erase completed successfully in 5.1 seconds.
2024-10-01 10:00:50,725 - components.flashFirmware.flashFirmware - INFO - Erase Flash ESP32S3 = Hard resetting via RTS pin...
2024-10-01 10:00:51,735 - components.flashFirmware.flashFirmware - ERROR - Error: Unable to find one or more bin files
2024-10-01 10:00:51,735 - components.flashFirmware.flashFirmware - INFO - Flashing ESP32S3 Firmware: esptool.py --chip esp32s3 -p /dev/ttyUSB0 -b 460800 write_flash 0x0 /home/anuarrozman2303/Airdroitech/FactoryApp_Merge/FlashingTool/firmware/s3/bootloader.bin 0xC000 /home/anuarrozman2303/Airdroitech/FactoryApp_Merge/FlashingTool/firmware/s3/partition-table.bin 0x1E000 /home/anuarrozman2303/Airdroitech/FactoryApp_Merge/FlashingTool/firmware/s3/ota_data_initial.bin 0x1F0000 /home/anuarrozman2303/Airdroitech/FactoryApp_Merge/FlashingTool/firmware/s3/ARCHIVE/partitions_8MB_TBR/v1_0_0-20240717-rc1.bin

2024-10-01 10:00:51,778 - components.flashFirmware.flashFirmware - INFO - Flashing ESP32S3 Firmware = esptool.py v4.7.0
2024-10-01 10:00:51,778 - components.flashFirmware.flashFirmware - INFO - Flashing ESP32S3 Firmware = Serial port /dev/ttyUSB0
2024-10-01 10:00:53,553 - components.flashFirmware.flashFirmware - INFO - Flashing ESP32S3 Firmware = Connecting....
2024-10-01 10:00:53,553 - components.flashFirmware.flashFirmware - INFO - Flashing ESP32S3 Firmware = Chip is ESP32-S3 (QFN56) (revision v0.1)
2024-10-01 10:00:53,553 - components.flashFirmware.flashFirmware - INFO - Flashing ESP32S3 Firmware = Features: WiFi, BLE
2024-10-01 10:00:53,553 - components.flashFirmware.flashFirmware - INFO - Flashing ESP32S3 Firmware = Crystal is 40MHz
2024-10-01 10:00:53,553 - components.flashFirmware.flashFirmware - INFO - Flashing ESP32S3 Firmware = MAC: 34:85:18:50:fa:94
2024-10-01 10:00:53,553 - components.flashFirmware.flashFirmware - INFO - Flashing ESP32S3 Firmware = Uploading stub...
2024-10-01 10:00:53,554 - components.flashFirmware.flashFirmware - INFO - Flashing ESP32S3 Firmware = Running stub...
2024-10-01 10:00:53,554 - components.flashFirmware.flashFirmware - INFO - Flashing ESP32S3 Firmware = Stub running...
2024-10-01 10:00:53,554 - components.flashFirmware.flashFirmware - INFO - Flashing ESP32S3 Firmware = Changing baud rate to 460800
2024-10-01 10:00:53,554 - components.flashFirmware.flashFirmware - INFO - Flashing ESP32S3 Firmware = Changed.
2024-10-01 10:00:53,554 - components.flashFirmware.flashFirmware - INFO - Flashing ESP32S3 Firmware = Configuring flash size...
2024-10-01 10:00:53,554 - components.flashFirmware.flashFirmware - INFO - Flashing ESP32S3 Firmware = Flash will be erased from 0x00000000 to 0x00005fff...
2024-10-01 10:00:53,554 - components.flashFirmware.flashFirmware - INFO - Flashing ESP32S3 Firmware = Flash will be erased from 0x0000c000 to 0x0000cfff...
2024-10-01 10:00:53,554 - components.flashFirmware.flashFirmware - INFO - Flashing ESP32S3 Firmware = Flash will be erased from 0x0001e000 to 0x0001ffff...
2024-10-01 10:00:53,554 - components.flashFirmware.flashFirmware - INFO - Flashing ESP32S3 Firmware = Flash will be erased from 0x001f0000 to 0x0038afff...
2024-10-01 10:00:53,554 - components.flashFirmware.flashFirmware - INFO - Flashing ESP32S3 Firmware = Compressed 21136 bytes to 13136...
2024-10-01 10:00:53,554 - components.flashFirmware.flashFirmware - INFO - Flashing ESP32S3 Firmware = Writing at 0x00000000... (100 %)
2024-10-01 10:00:54,096 - components.flashFirmware.flashFirmware - INFO - Flashing ESP32S3 Firmware = Wrote 21136 bytes (13136 compressed) at 0x00000000 in 0.5 seconds (effective 352.7 kbit/s)...
2024-10-01 10:00:54,097 - components.flashFirmware.flashFirmware - INFO - Flashing ESP32S3 Firmware = Hash of data verified.
2024-10-01 10:00:54,097 - components.flashFirmware.flashFirmware - INFO - Flashing ESP32S3 Firmware = Compressed 3072 bytes to 270...
2024-10-01 10:00:54,097 - components.flashFirmware.flashFirmware - INFO - Flashing ESP32S3 Firmware = Writing at 0x0000c000... (100 %)
2024-10-01 10:00:54,160 - components.flashFirmware.flashFirmware - INFO - Flashing ESP32S3 Firmware = Wrote 3072 bytes (270 compressed) at 0x0000c000 in 0.0 seconds (effective 767.3 kbit/s)...
2024-10-01 10:00:54,161 - components.flashFirmware.flashFirmware - INFO - Flashing ESP32S3 Firmware = Hash of data verified.
2024-10-01 10:00:54,161 - components.flashFirmware.flashFirmware - INFO - Flashing ESP32S3 Firmware = Compressed 8192 bytes to 31...
2024-10-01 10:00:54,161 - components.flashFirmware.flashFirmware - INFO - Flashing ESP32S3 Firmware = Writing at 0x0001e000... (100 %)
2024-10-01 10:00:54,320 - components.flashFirmware.flashFirmware - INFO - Flashing ESP32S3 Firmware = Wrote 8192 bytes (31 compressed) at 0x0001e000 in 0.0 seconds (effective 1374.4 kbit/s)...
2024-10-01 10:00:54,320 - components.flashFirmware.flashFirmware - INFO - Flashing ESP32S3 Firmware = Hash of data verified.
2024-10-01 10:00:54,320 - components.flashFirmware.flashFirmware - INFO - Flashing ESP32S3 Firmware = Compressed 1682672 bytes to 1062104...
2024-10-01 10:00:54,320 - components.flashFirmware.flashFirmware - INFO - Flashing ESP32S3 Firmware = Writing at 0x001f0000... (1 %)
2024-10-01 10:00:54,688 - components.flashFirmware.flashFirmware - INFO - Flashing ESP32S3 Firmware = Writing at 0x001fc806... (3 %)
2024-10-01 10:00:55,056 - components.flashFirmware.flashFirmware - INFO - Flashing ESP32S3 Firmware = Writing at 0x0020994e... (4 %)
2024-10-01 10:00:55,423 - components.flashFirmware.flashFirmware - INFO - Flashing ESP32S3 Firmware = Writing at 0x00218600... (6 %)
2024-10-01 10:00:55,791 - components.flashFirmware.flashFirmware - INFO - Flashing ESP32S3 Firmware = Writing at 0x00223512... (7 %)
2024-10-01 10:00:56,159 - components.flashFirmware.flashFirmware - INFO - Flashing ESP32S3 Firmware = Writing at 0x0022a505... (9 %)
2024-10-01 10:00:56,527 - components.flashFirmware.flashFirmware - INFO - Flashing ESP32S3 Firmware = Writing at 0x0022f66c... (10 %)
2024-10-01 10:00:56,894 - components.flashFirmware.flashFirmware - INFO - Flashing ESP32S3 Firmware = Writing at 0x0023d5ac... (12 %)
2024-10-01 10:00:57,278 - components.flashFirmware.flashFirmware - INFO - Flashing ESP32S3 Firmware = Writing at 0x00244cdc... (13 %)
2024-10-01 10:00:57,646 - components.flashFirmware.flashFirmware - INFO - Flashing ESP32S3 Firmware = Writing at 0x0024a7f0... (15 %)
2024-10-01 10:00:58,013 - components.flashFirmware.flashFirmware - INFO - Flashing ESP32S3 Firmware = Writing at 0x00250b8c... (16 %)
2024-10-01 10:00:58,381 - components.flashFirmware.flashFirmware - INFO - Flashing ESP32S3 Firmware = Writing at 0x002562d6... (18 %)
2024-10-01 10:00:58,749 - components.flashFirmware.flashFirmware - INFO - Flashing ESP32S3 Firmware = Writing at 0x0025c9dc... (20 %)
2024-10-01 10:00:59,117 - components.flashFirmware.flashFirmware - INFO - Flashing ESP32S3 Firmware = Writing at 0x0026261d... (21 %)
2024-10-01 10:00:59,484 - components.flashFirmware.flashFirmware - INFO - Flashing ESP32S3 Firmware = Writing at 0x00268b3c... (23 %)
2024-10-01 10:00:59,852 - components.flashFirmware.flashFirmware - INFO - Flashing ESP32S3 Firmware = Writing at 0x0026f14a... (24 %)
2024-10-01 10:01:00,220 - components.flashFirmware.flashFirmware - INFO - Flashing ESP32S3 Firmware = Writing at 0x00274cc1... (26 %)
2024-10-01 10:01:00,588 - components.flashFirmware.flashFirmware - INFO - Flashing ESP32S3 Firmware = Writing at 0x0027ae52... (27 %)
2024-10-01 10:01:00,955 - components.flashFirmware.flashFirmware - INFO - Flashing ESP32S3 Firmware = Writing at 0x00280af9... (29 %)
2024-10-01 10:01:01,323 - components.flashFirmware.flashFirmware - INFO - Flashing ESP32S3 Firmware = Writing at 0x0028630f... (30 %)
2024-10-01 10:01:01,691 - components.flashFirmware.flashFirmware - INFO - Flashing ESP32S3 Firmware = Writing at 0x0028c593... (32 %)
2024-10-01 10:01:02,059 - components.flashFirmware.flashFirmware - INFO - Flashing ESP32S3 Firmware = Writing at 0x00292850... (33 %)
2024-10-01 10:01:02,426 - components.flashFirmware.flashFirmware - INFO - Flashing ESP32S3 Firmware = Writing at 0x00297f57... (35 %)
2024-10-01 10:01:02,794 - components.flashFirmware.flashFirmware - INFO - Flashing ESP32S3 Firmware = Writing at 0x0029da76... (36 %)
2024-10-01 10:01:03,162 - components.flashFirmware.flashFirmware - INFO - Flashing ESP32S3 Firmware = Writing at 0x002a3676... (38 %)
2024-10-01 10:01:03,530 - components.flashFirmware.flashFirmware - INFO - Flashing ESP32S3 Firmware = Writing at 0x002a9198... (40 %)
2024-10-01 10:01:03,897 - components.flashFirmware.flashFirmware - INFO - Flashing ESP32S3 Firmware = Writing at 0x002aeb31... (41 %)
2024-10-01 10:01:04,265 - components.flashFirmware.flashFirmware - INFO - Flashing ESP32S3 Firmware = Writing at 0x002b464b... (43 %)
2024-10-01 10:01:04,633 - components.flashFirmware.flashFirmware - INFO - Flashing ESP32S3 Firmware = Writing at 0x002b9ee2... (44 %)
2024-10-01 10:01:05,001 - components.flashFirmware.flashFirmware - INFO - Flashing ESP32S3 Firmware = Writing at 0x002bf595... (46 %)
2024-10-01 10:01:05,368 - components.flashFirmware.flashFirmware - INFO - Flashing ESP32S3 Firmware = Writing at 0x002c48e2... (47 %)
2024-10-01 10:01:05,736 - components.flashFirmware.flashFirmware - INFO - Flashing ESP32S3 Firmware = Writing at 0x002c9b46... (49 %)
2024-10-01 10:01:06,104 - components.flashFirmware.flashFirmware - INFO - Flashing ESP32S3 Firmware = Writing at 0x002cf0be... (50 %)
2024-10-01 10:01:06,472 - components.flashFirmware.flashFirmware - INFO - Flashing ESP32S3 Firmware = Writing at 0x002d4638... (52 %)
2024-10-01 10:01:06,839 - components.flashFirmware.flashFirmware - INFO - Flashing ESP32S3 Firmware = Writing at 0x002d97bc... (53 %)
2024-10-01 10:01:07,207 - components.flashFirmware.flashFirmware - INFO - Flashing ESP32S3 Firmware = Writing at 0x002de7cf... (55 %)
2024-10-01 10:01:07,575 - components.flashFirmware.flashFirmware - INFO - Flashing ESP32S3 Firmware = Writing at 0x002e38b4... (56 %)
2024-10-01 10:01:07,943 - components.flashFirmware.flashFirmware - INFO - Flashing ESP32S3 Firmware = Writing at 0x002e8925... (58 %)
2024-10-01 10:01:08,310 - components.flashFirmware.flashFirmware - INFO - Flashing ESP32S3 Firmware = Writing at 0x002edbf0... (60 %)
2024-10-01 10:01:08,678 - components.flashFirmware.flashFirmware - INFO - Flashing ESP32S3 Firmware = Writing at 0x002f30fa... (61 %)
2024-10-01 10:01:09,046 - components.flashFirmware.flashFirmware - INFO - Flashing ESP32S3 Firmware = Writing at 0x002f8a7d... (63 %)
2024-10-01 10:01:09,413 - components.flashFirmware.flashFirmware - INFO - Flashing ESP32S3 Firmware = Writing at 0x002fe184... (64 %)
2024-10-01 10:01:09,781 - components.flashFirmware.flashFirmware - INFO - Flashing ESP32S3 Firmware = Writing at 0x00303240... (66 %)
2024-10-01 10:01:10,149 - components.flashFirmware.flashFirmware - INFO - Flashing ESP32S3 Firmware = Writing at 0x003089e4... (67 %)
2024-10-01 10:01:10,517 - components.flashFirmware.flashFirmware - INFO - Flashing ESP32S3 Firmware = Writing at 0x0030e0d0... (69 %)
2024-10-01 10:01:10,885 - components.flashFirmware.flashFirmware - INFO - Flashing ESP32S3 Firmware = Writing at 0x00313fce... (70 %)
2024-10-01 10:01:11,252 - components.flashFirmware.flashFirmware - INFO - Flashing ESP32S3 Firmware = Writing at 0x00319c9c... (72 %)
2024-10-01 10:01:11,620 - components.flashFirmware.flashFirmware - INFO - Flashing ESP32S3 Firmware = Writing at 0x0031f658... (73 %)
2024-10-01 10:01:11,988 - components.flashFirmware.flashFirmware - INFO - Flashing ESP32S3 Firmware = Writing at 0x00324ab9... (75 %)
2024-10-01 10:01:12,356 - components.flashFirmware.flashFirmware - INFO - Flashing ESP32S3 Firmware = Writing at 0x0032a0e6... (76 %)
2024-10-01 10:01:12,723 - components.flashFirmware.flashFirmware - INFO - Flashing ESP32S3 Firmware = Writing at 0x0032f70f... (78 %)
2024-10-01 10:01:13,091 - components.flashFirmware.flashFirmware - INFO - Flashing ESP32S3 Firmware = Writing at 0x00334c0f... (80 %)
2024-10-01 10:01:13,459 - components.flashFirmware.flashFirmware - INFO - Flashing ESP32S3 Firmware = Writing at 0x0033a638... (81 %)
2024-10-01 10:01:13,827 - components.flashFirmware.flashFirmware - INFO - Flashing ESP32S3 Firmware = Writing at 0x0033fdfc... (83 %)
2024-10-01 10:01:14,194 - components.flashFirmware.flashFirmware - INFO - Flashing ESP32S3 Firmware = Writing at 0x003450e6... (84 %)
2024-10-01 10:01:14,562 - components.flashFirmware.flashFirmware - INFO - Flashing ESP32S3 Firmware = Writing at 0x0034a665... (86 %)
2024-10-01 10:01:14,930 - components.flashFirmware.flashFirmware - INFO - Flashing ESP32S3 Firmware = Writing at 0x0035025c... (87 %)
2024-10-01 10:01:15,298 - components.flashFirmware.flashFirmware - INFO - Flashing ESP32S3 Firmware = Writing at 0x00356107... (89 %)
2024-10-01 10:01:15,665 - components.flashFirmware.flashFirmware - INFO - Flashing ESP32S3 Firmware = Writing at 0x00360972... (90 %)
2024-10-01 10:01:16,033 - components.flashFirmware.flashFirmware - INFO - Flashing ESP32S3 Firmware = Writing at 0x00369015... (92 %)
2024-10-01 10:01:16,401 - components.flashFirmware.flashFirmware - INFO - Flashing ESP32S3 Firmware = Writing at 0x0036f1ac... (93 %)
2024-10-01 10:01:16,768 - components.flashFirmware.flashFirmware - INFO - Flashing ESP32S3 Firmware = Writing at 0x003753cd... (95 %)
2024-10-01 10:01:17,136 - components.flashFirmware.flashFirmware - INFO - Flashing ESP32S3 Firmware = Writing at 0x0037abd9... (96 %)
2024-10-01 10:01:17,504 - components.flashFirmware.flashFirmware - INFO - Flashing ESP32S3 Firmware = Writing at 0x00380431... (98 %)
2024-10-01 10:01:17,872 - components.flashFirmware.flashFirmware - INFO - Flashing ESP32S3 Firmware = Writing at 0x0038637a... (100 %)
2024-10-01 10:01:21,251 - components.flashFirmware.flashFirmware - INFO - Flashing ESP32S3 Firmware = Wrote 1682672 bytes (1062104 compressed) at 0x001f0000 in 24.1 seconds (effective 559.4 kbit/s)...
2024-10-01 10:01:21,251 - components.flashFirmware.flashFirmware - INFO - Flashing ESP32S3 Firmware = Hash of data verified.
2024-10-01 10:01:21,251 - components.flashFirmware.flashFirmware - INFO - Flashing ESP32S3 Firmware = 
2024-10-01 10:01:21,251 - components.flashFirmware.flashFirmware - INFO - Flashing ESP32S3 Firmware = Leaving...
2024-10-01 10:01:21,251 - components.flashFirmware.flashFirmware - INFO - Flashing ESP32S3 Firmware = Hard resetting via RTS pin...
2024-10-01 10:01:21,251 - components.flashFirmware.flashFirmware - INFO - Flashing ESP32S3 Firmware Complete
2024-10-01 10:01:21,260 - components.flashFirmware.flashFirmware - INFO - Flashing ESP32S3 Firmware Completed
2024-10-01 10:01:22,261 - __main__ - INFO - Flashing esp32s3 certificate
2024-10-01 10:01:22,261 - __main__ - INFO - Flashing esp32s3 certificate, Port: /dev/ttyUSB0, Baud: 460800
2024-10-01 10:01:22,261 - __main__ - INFO - ESP32S3 Secure Cert Partition Address: 0xD000
2024-10-01 10:01:22,261 - __main__ - INFO - ESP32S3 Data Provider Partition Address: 0x60000
2024-10-01 10:01:22,261 - __main__ - INFO - ESP32S3 DAC Use ESPTOOL: True
2024-10-01 10:01:22,261 - components.flashCert.flashCert - DEBUG - Cert file path: /home/anuarrozman2303/Airdroitech/FactoryApp_Merge/FlashingTool/certs/A09000500/espsecurecert/out/146d_1/dc19b802-47e1-4c5b-bf01-5279442482fc/dc19b802-47e1-4c5b-bf01-5279442482fc_esp_secure_cert.bin
2024-10-01 10:01:22,261 - components.flashCert.flashCert - INFO - Flashing certificate with cert-id: /home/anuarrozman2303/Airdroitech/FactoryApp_Merge/FlashingTool/certs/A09000500/espsecurecert/out/146d_1/dc19b802-47e1-4c5b-bf01-5279442482fc/dc19b802-47e1-4c5b-bf01-5279442482fc_esp_secure_cert.bin on port /dev/ttyUSB0
2024-10-01 10:01:22,262 - components.flashCert.flashCert - DEBUG - ESP Secure Cert /home/anuarrozman2303/Airdroitech/FactoryApp_Merge/FlashingTool/certs/A09000500/espsecurecert/out/146d_1/dc19b802-47e1-4c5b-bf01-5279442482fc/dc19b802-47e1-4c5b-bf01-5279442482fc_esp_secure_cert.bin on port /dev/ttyUSB0...
2024-10-01 10:01:22,262 - components.flashCert.flashCert - DEBUG - Certify Process: Flashing cert with bin_path: /home/anuarrozman2303/Airdroitech/FactoryApp_Merge/FlashingTool/certs/A09000500/espsecurecert/out/146d_1/dc19b802-47e1-4c5b-bf01-5279442482fc/dc19b802-47e1-4c5b-bf01-5279442482fc_esp_secure_cert.bin and part_bin_path: /home/anuarrozman2303/Airdroitech/FactoryApp_Merge/FlashingTool/certs/A09000500/espsecurecert/out/146d_1/dc19b802-47e1-4c5b-bf01-5279442482fc/dc19b802-47e1-4c5b-bf01-5279442482fc-partition.bin
2024-10-01 10:01:22,262 - components.flashCert.flashCert - INFO - Flashing ESP32S3 Cert with command: source /usr/src/app/esp/esp-idf/export.sh
esptool.py -p /dev/ttyUSB0 -b 460800 write_flash 0xD000 /home/anuarrozman2303/Airdroitech/FactoryApp_Merge/FlashingTool/certs/A09000500/espsecurecert/out/146d_1/dc19b802-47e1-4c5b-bf01-5279442482fc/dc19b802-47e1-4c5b-bf01-5279442482fc_esp_secure_cert.bin 0x60000 /home/anuarrozman2303/Airdroitech/FactoryApp_Merge/FlashingTool/certs/A09000500/espsecurecert/out/146d_1/dc19b802-47e1-4c5b-bf01-5279442482fc/dc19b802-47e1-4c5b-bf01-5279442482fc-partition.bin

2024-10-01 10:01:22,263 - components.flashCert.flashCert - INFO - Flashing ESP32S3 Cert = /bin/bash: line 1: /usr/src/app/esp/esp-idf/export.sh: No such file or directory
2024-10-01 10:01:22,304 - components.flashCert.flashCert - INFO - Flashing ESP32S3 Cert = esptool.py v4.7.0
2024-10-01 10:01:22,304 - components.flashCert.flashCert - INFO - Flashing ESP32S3 Cert = Serial port /dev/ttyUSB0
2024-10-01 10:01:23,919 - components.flashCert.flashCert - INFO - Flashing ESP32S3 Cert = Connecting....
2024-10-01 10:01:23,919 - components.flashCert.flashCert - INFO - Flashing ESP32S3 Cert = Detecting chip type... ESP32-S3
2024-10-01 10:01:23,919 - components.flashCert.flashCert - INFO - Flashing ESP32S3 Cert = Chip is ESP32-S3 (QFN56) (revision v0.1)
2024-10-01 10:01:23,919 - components.flashCert.flashCert - INFO - Flashing ESP32S3 Cert = Features: WiFi, BLE
2024-10-01 10:01:23,919 - components.flashCert.flashCert - INFO - Flashing ESP32S3 Cert = Crystal is 40MHz
2024-10-01 10:01:23,919 - components.flashCert.flashCert - INFO - Flashing ESP32S3 Cert = MAC: 34:85:18:50:fa:94
2024-10-01 10:01:23,919 - components.flashCert.flashCert - INFO - Flashing ESP32S3 Cert = Uploading stub...
2024-10-01 10:01:23,919 - components.flashCert.flashCert - INFO - Flashing ESP32S3 Cert = Running stub...
2024-10-01 10:01:23,919 - components.flashCert.flashCert - INFO - Flashing ESP32S3 Cert = Stub running...
2024-10-01 10:01:23,919 - components.flashCert.flashCert - INFO - Flashing ESP32S3 Cert = Changing baud rate to 460800
2024-10-01 10:01:23,919 - components.flashCert.flashCert - INFO - Flashing ESP32S3 Cert = Changed.
2024-10-01 10:01:23,919 - components.flashCert.flashCert - INFO - Flashing ESP32S3 Cert = Configuring flash size...
2024-10-01 10:01:23,919 - components.flashCert.flashCert - INFO - Flashing ESP32S3 Cert = Flash will be erased from 0x0000d000 to 0x0000efff...
2024-10-01 10:01:23,919 - components.flashCert.flashCert - INFO - Flashing ESP32S3 Cert = Flash will be erased from 0x00060000 to 0x00065fff...
2024-10-01 10:01:23,919 - components.flashCert.flashCert - INFO - Flashing ESP32S3 Cert = Compressed 8192 bytes to 773...
2024-10-01 10:01:23,919 - components.flashCert.flashCert - INFO - Flashing ESP32S3 Cert = Writing at 0x0000d000... (100 %)
2024-10-01 10:01:24,031 - components.flashCert.flashCert - INFO - Flashing ESP32S3 Cert = Wrote 8192 bytes (773 compressed) at 0x0000d000 in 0.1 seconds (effective 819.9 kbit/s)...
2024-10-01 10:01:24,031 - components.flashCert.flashCert - INFO - Flashing ESP32S3 Cert = Hash of data verified.
2024-10-01 10:01:24,031 - components.flashCert.flashCert - INFO - Flashing ESP32S3 Cert = Compressed 24576 bytes to 934...
2024-10-01 10:01:24,031 - components.flashCert.flashCert - INFO - Flashing ESP32S3 Cert = Writing at 0x00060000... (100 %)
2024-10-01 10:01:24,391 - components.flashCert.flashCert - INFO - Flashing ESP32S3 Cert = Wrote 24576 bytes (934 compressed) at 0x00060000 in 0.2 seconds (effective 1119.6 kbit/s)...
2024-10-01 10:01:24,392 - components.flashCert.flashCert - INFO - Flashing ESP32S3 Cert = Hash of data verified.
2024-10-01 10:01:24,392 - components.flashCert.flashCert - INFO - Flashing ESP32S3 Cert = 
2024-10-01 10:01:24,392 - components.flashCert.flashCert - INFO - Flashing ESP32S3 Cert = Leaving...
2024-10-01 10:01:24,392 - components.flashCert.flashCert - INFO - Flashing ESP32S3 Cert = Hard resetting via RTS pin...
2024-10-01 10:01:24,392 - components.flashCert.flashCert - INFO - Flashing ESP32S3 Cert Complete
2024-10-01 10:01:24,400 - components.flashCert.flashCert - INFO - FlashCert, Create New/Updata Database Start
2024-10-01 10:01:24,400 - components.flashCert.flashCert - DEBUG - Updating status for certId /home/anuarrozman2303/Airdroitech/FactoryApp_Merge/FlashingTool/certs/A09000500/espsecurecert/out/146d_1/dc19b802-47e1-4c5b-bf01-5279442482fc/dc19b802-47e1-4c5b-bf01-5279442482fc_esp_secure_cert.bin
2024-10-01 10:01:24,400 - components.flashCert.flashCert - DEBUG - Filtered certId =  esp-secure-cert-partition: dc19b802-47e1-4c5b-bf01-5279442482fc_esp_secure_cert.bin
2024-10-01 10:01:24,400 - components.flashCert.flashCert - DEBUG - Filtered macAddress =  mac-address: 34:85:18:50:fa:94
2024-10-01 10:01:24,400 - components.flashCert.flashCert - DEBUG - Reading file: /home/anuarrozman2303/Airdroitech/FactoryApp_Merge/FlashingTool/device_data.txt
2024-10-01 10:01:24,400 - components.flashCert.flashCert - INFO - Found in database =  mac-address: 34:85:18:50:fa:94
2024-10-01 10:01:24,401 - components.flashCert.flashCert - INFO - FlashCert, Create New/Updata Database End
2024-10-01 10:01:24,408 - __main__ - INFO - Test 1 Completed
2024-10-01 10:01:25,059 - __main__ - INFO - Test 2 Start
2024-10-01 10:01:25,060 - __main__ - INFO - Entering factory mode
2024-10-01 10:01:25,060 - __main__ - INFO - Reset Factory Mode Flag
2024-10-01 10:01:25,060 - __main__ - INFO - Open esp32s3 Factory Port
2024-10-01 10:01:25,060 - __main__ - INFO - factory Port: /dev/ttyUSB1, Baud: 115200
2024-10-01 10:01:25,060 - components.serialCom.serialCom - DEBUG - Opening port /dev/ttyUSB1 at 115200 baud
2024-10-01 10:01:25,065 - components.serialCom.serialCom - INFO - Opened port /dev/ttyUSB1 at 115200 baud
2024-10-01 10:01:25,066 - __main__ - INFO - Reboot esp32s3 and esp32h2
2024-10-01 10:01:25,066 - __main__ - INFO - Reboot esp32s3, Port: /dev/ttyUSB0, Baud: 460800
2024-10-01 10:01:25,066 - __main__ - INFO - Reboot esp32h2, Port: /dev/ttyUSB2, Baud: 115200
2024-10-01 10:01:25,066 - components.flashFirmware.flashFirmware - INFO - Reset ESP32H2: source /usr/src/app/esp/esp-idf/export.sh
esptool.py -p /dev/ttyUSB2 -b 115200 run

2024-10-01 10:01:25,067 - components.flashFirmware.flashFirmware - INFO - Reset ESP32S3 = /bin/bash: line 1: /usr/src/app/esp/esp-idf/export.sh: No such file or directory
2024-10-01 10:01:25,107 - components.flashFirmware.flashFirmware - INFO - Reset ESP32S3 = esptool.py v4.7.0
2024-10-01 10:01:25,107 - components.flashFirmware.flashFirmware - INFO - Reset ESP32S3 = Serial port /dev/ttyUSB2
2024-10-01 10:01:26,119 - components.flashFirmware.flashFirmware - INFO - Reset ESP32S3 = Connecting....
2024-10-01 10:01:26,119 - components.flashFirmware.flashFirmware - INFO - Reset ESP32S3 = Detecting chip type... ESP32-H2
2024-10-01 10:01:26,119 - components.flashFirmware.flashFirmware - INFO - Reset ESP32S3 = Chip is ESP32-H2 (revision v0.1)
2024-10-01 10:01:26,119 - components.flashFirmware.flashFirmware - INFO - Reset ESP32S3 = Features: BLE, IEEE802.15.4
2024-10-01 10:01:26,119 - components.flashFirmware.flashFirmware - INFO - Reset ESP32S3 = Crystal is 32MHz
2024-10-01 10:01:26,119 - components.flashFirmware.flashFirmware - INFO - Reset ESP32S3 = MAC: 48:31:b7:ff:fe:c0:19:80
2024-10-01 10:01:26,119 - components.flashFirmware.flashFirmware - INFO - Reset ESP32S3 = BASE MAC: 48:31:b7:c0:19:80
2024-10-01 10:01:26,119 - components.flashFirmware.flashFirmware - INFO - Reset ESP32S3 = MAC_EXT: ff:fe
2024-10-01 10:01:26,119 - components.flashFirmware.flashFirmware - INFO - Reset ESP32S3 = Uploading stub...
2024-10-01 10:01:26,119 - components.flashFirmware.flashFirmware - INFO - Reset ESP32S3 = Running stub...
2024-10-01 10:01:26,119 - components.flashFirmware.flashFirmware - INFO - Reset ESP32S3 = Stub running...
2024-10-01 10:01:26,119 - components.flashFirmware.flashFirmware - INFO - Reset ESP32S3 = Hard resetting via RTS pin...
2024-10-01 10:01:31,127 - components.flashFirmware.flashFirmware - INFO - Reset ESP32H2: source /usr/src/app/esp/esp-idf/export.sh
esptool.py -p /dev/ttyUSB0 -b 460800 run

2024-10-01 10:01:31,128 - components.flashFirmware.flashFirmware - INFO - Reset ESP32S3 = /bin/bash: line 1: /usr/src/app/esp/esp-idf/export.sh: No such file or directory
2024-10-01 10:01:31,170 - components.flashFirmware.flashFirmware - INFO - Reset ESP32S3 = esptool.py v4.7.0
2024-10-01 10:01:31,170 - components.flashFirmware.flashFirmware - INFO - Reset ESP32S3 = Serial port /dev/ttyUSB0
2024-10-01 10:01:32,861 - components.flashFirmware.flashFirmware - INFO - Reset ESP32S3 = Connecting....
2024-10-01 10:01:32,861 - components.flashFirmware.flashFirmware - INFO - Reset ESP32S3 = Detecting chip type... ESP32-S3
2024-10-01 10:01:32,861 - components.flashFirmware.flashFirmware - INFO - Reset ESP32S3 = Chip is ESP32-S3 (QFN56) (revision v0.1)
2024-10-01 10:01:32,861 - components.flashFirmware.flashFirmware - INFO - Reset ESP32S3 = Features: WiFi, BLE
2024-10-01 10:01:32,861 - components.flashFirmware.flashFirmware - INFO - Reset ESP32S3 = Crystal is 40MHz
2024-10-01 10:01:32,861 - components.flashFirmware.flashFirmware - INFO - Reset ESP32S3 = MAC: 34:85:18:50:fa:94
2024-10-01 10:01:32,861 - components.flashFirmware.flashFirmware - INFO - Reset ESP32S3 = Uploading stub...
2024-10-01 10:01:32,861 - components.flashFirmware.flashFirmware - INFO - Reset ESP32S3 = Running stub...
2024-10-01 10:01:32,861 - components.flashFirmware.flashFirmware - INFO - Reset ESP32S3 = Stub running...
2024-10-01 10:01:32,861 - components.flashFirmware.flashFirmware - INFO - Reset ESP32S3 = Changing baud rate to 460800
2024-10-01 10:01:32,861 - components.flashFirmware.flashFirmware - INFO - Reset ESP32S3 = Changed.
2024-10-01 10:01:32,861 - components.flashFirmware.flashFirmware - INFO - Reset ESP32S3 = Hard resetting via RTS pin...
2024-10-01 10:01:34,459 - components.serialCom.serialCom - DEBUG - Received: .
2024-10-01 10:01:34,459 - components.serialCom.serialCom - DEBUG - Data contains '.'
2024-10-01 10:01:34,459 - components.serialCom.serialCom - DEBUG - SerialCom, Factory: polyaire&ADT

2024-10-01 10:01:37,869 - __main__ - INFO - Start Wait 3
2024-10-01 10:01:40,869 - __main__ - INFO - Finish Wait 3
2024-10-01 10:01:41,870 - __main__ - INFO - Read MAC Address
2024-10-01 10:01:41,871 - __main__ - DEBUG - SerialCom, Sent: FF:3;MAC?
2024-10-01 10:01:41,871 - __main__ - INFO - Read MAC Address Command: FF:3;MAC?
2024-10-01 10:01:41,871 - __main__ - INFO - Reference MAC Address: 34:85:18:50:fa:94
2024-10-01 10:01:42,925 - components.serialCom.serialCom - DEBUG - Received: 3;MAC? = 34:85:18:50:FA:94
2024-10-01 10:01:42,925 - components.serialCom.serialCom - INFO - SerialCom, MAC Address: 34:85:18:50:FA:94
2024-10-01 10:01:44,871 - __main__ - INFO - Read MAC Address: Pass
2024-10-01 10:01:44,872 - __main__ - INFO - Write Product Name
2024-10-01 10:01:44,872 - __main__ - DEBUG - SerialCom, Sent: FF:3;PRD-ATBEAM
2024-10-01 10:01:44,872 - __main__ - INFO - Write Product Name Command: FF:3;PRD-ATBEAM
2024-10-01 10:01:45,924 - components.serialCom.serialCom - DEBUG - Received: 3;PRD-ATBEAM
2024-10-01 10:01:47,872 - __main__ - INFO - Read Product Name
2024-10-01 10:01:47,873 - __main__ - DEBUG - SerialCom, Sent: FF:3;PRD?
2024-10-01 10:01:47,873 - __main__ - INFO - Read Product Name Command: FF:3;PRD?
2024-10-01 10:01:47,873 - __main__ - INFO - Reference Product Name: ATBEAM
2024-10-01 10:01:48,924 - components.serialCom.serialCom - DEBUG - Received: 3;PRD? = ATBEAM
2024-10-01 10:01:48,924 - components.serialCom.serialCom - INFO - SerialCom, Product Name: ATBEAM
2024-10-01 10:01:50,873 - __main__ - INFO - Product Name: Pass
2024-10-01 10:01:50,874 - __main__ - INFO - Write Serial Number
2024-10-01 10:01:50,874 - __main__ - DEBUG - SerialCom, Sent: FF:3;SRN-A09000500
2024-10-01 10:01:50,874 - __main__ - INFO - Write Serial Number Command: FF:3;SRN-A09000500
2024-10-01 10:01:51,924 - components.serialCom.serialCom - DEBUG - Received: 3;SRN-A09000500
2024-10-01 10:01:53,874 - __main__ - INFO - Read Serial Number
2024-10-01 10:01:53,875 - __main__ - DEBUG - SerialCom, Sent: FF:3;SRN?
2024-10-01 10:01:53,875 - __main__ - INFO - Read Serial Number Command: FF:3;SRN?
2024-10-01 10:01:54,925 - components.serialCom.serialCom - DEBUG - Received: 3;SRN? = A09000500
2024-10-01 10:01:54,925 - components.serialCom.serialCom - INFO - SerialCom, Serial Number: A09000500
2024-10-01 10:01:56,875 - __main__ - INFO - Write Device S/N: Pass
2024-10-01 10:01:56,876 - __main__ - INFO - Write Matter QR String
2024-10-01 10:01:56,876 - __main__ - DEBUG - SerialCom, Sent: FF:3;MTQRS-MT:Y1CA00O6148F-405J10
2024-10-01 10:01:56,876 - __main__ - INFO - Write Matter QR String Command: FF:3;MTQRS-MT:Y1CA00O6148F-405J10
2024-10-01 10:01:57,926 - components.serialCom.serialCom - DEBUG - Received: 3;MTQRS-MT:Y1CA00O6148F-405J10
2024-10-01 10:01:59,876 - __main__ - INFO - Read Matter QR String
2024-10-01 10:01:59,877 - __main__ - DEBUG - SerialCom, Sent: FF:3;MTQRS?
2024-10-01 10:01:59,877 - __main__ - INFO - Read Matter QR String Command: FF:3;MTQRS?
2024-10-01 10:02:00,927 - components.serialCom.serialCom - DEBUG - Received: 3;MTQRS? = MT:Y1CA00O6148F-405J10
2024-10-01 10:02:00,927 - components.serialCom.serialCom - INFO - SerialCom, Matter QR String: MT:Y1CA00O6148F-405J10
2024-10-01 10:02:02,877 - __main__ - INFO - Write Device Matter QR: Pass
2024-10-01 10:02:02,878 - __main__ - INFO - Write IR Definition
2024-10-01 10:02:02,880 - __main__ - DEBUG - SerialCom, Sent: FF:3;irdevconf-B001010FE00FE00FE00F000FE05024001B0ED801000000000F0012000F003001000400860042000A0907000F018100860042001B0220E004000000060220E00400312080AF000006600000800006720B100380840A038084030380840503808407160A045F069006043F0690060C180384880F038488010384880203848803038488040384880500D407010400020D3006050401081A1A0904037378020A1403686C0303686C0403686C0003686C0603686C0212020400144B02090A0800610801900D07021700620009090801908AC0088A0A0A12400A8A060813400A0800610901900D07041D0062000A0A0901908AC0098A0A0A8C400A8A080413400A8C060414400C-kk_panasonic_2587
2024-10-01 10:02:02,880 - __main__ - INFO - Write IR Definition Command: FF:3;irdevconf-B001010FE00FE00FE00F000FE05024001B0ED801000000000F0012000F003001000400860042000A0907000F018100860042001B0220E004000000060220E00400312080AF000006600000800006720B100380840A038084030380840503808407160A045F069006043F0690060C180384880F038488010384880203848803038488040384880500D407010400020D3006050401081A1A0904037378020A1403686C0303686C0403686C0003686C0603686C0212020400144B02090A0800610801900D07021700620009090801908AC0088A0A0A12400A8A060813400A0800610901900D07041D0062000A0A0901908AC0098A0A0A8C400A8A080413400A8C060414400C-kk_panasonic_2587
2024-10-01 10:02:03,974 - components.serialCom.serialCom - DEBUG - Received: 3;irdevconf
2024-10-01 10:02:07,880 - __main__ - INFO - Read IR Definition
2024-10-01 10:02:07,880 - __main__ - DEBUG - SerialCom, Sent: FF:3;irdevconf?
2024-10-01 10:02:07,880 - __main__ - INFO - Read IR Definition Command: FF:3;irdevconf?
2024-10-01 10:02:08,981 - components.serialCom.serialCom - DEBUG - Received: 3;irdevconf? = B001010FE00FE00FE00F000FE05024001B0ED801000000000F0012000F003001000400860042000A0907000F018100860042001B0220E004000000060220E00400312080AF000006600000800006720B100380840A038084030380840503808407160A045F069006043F0690060C180384880F038488010384880203848803038488040384880500D407010400020D3006050401081A1A0904037378020A1403686C0303686C0403686C0003686C0603686C0212020400144B02090A0800610801900D07021700620009090801908AC0088A0A0A12400A8A060813400A0800610901900D07041D0062000A0A0901908AC0098A0A0A8C400A8A080413400A8C060414400C
2024-10-01 10:02:08,981 - components.serialCom.serialCom - INFO - Serial Com, Read IR Definition: B001010FE00FE00FE00F000FE05024001B0ED801000000000F0012000F003001000400860042000A0907000F018100860042001B0220E004000000060220E00400312080AF000006600000800006720B100380840A038084030380840503808407160A045F069006043F0690060C180384880F038488010384880203848803038488040384880500D407010400020D3006050401081A1A0904037378020A1403686C0303686C0403686C0003686C0603686C0212020400144B02090A0800610801900D07021700620009090801908AC0088A0A0A12400A8A060813400A0800610901900D07041D0062000A0A0901908AC0098A0A0A8C400A8A080413400A8C060414400C %
2024-10-01 10:02:12,881 - __main__ - INFO - IR Definition Test: Pass
2024-10-01 10:02:12,881 - __main__ - INFO - Save Device Data
2024-10-01 10:02:12,881 - __main__ - INFO - Save Device Data Command: FF:3;saveDevData
2024-10-01 10:02:12,881 - __main__ - INFO - Extracted data: saveDevData
2024-10-01 10:02:12,882 - __main__ - DEBUG - SerialCom, Sent: FF:3;saveDevData
2024-10-01 10:02:13,935 - components.serialCom.serialCom - DEBUG - Received: 3;saveDevData
2024-10-01 10:02:13,935 - components.serialCom.serialCom - INFO - SerialCom, Save Device Data: saveDevData
2024-10-01 10:02:22,882 - __main__ - INFO - Save Device Data: Pass
2024-10-01 10:02:22,884 - __main__ - INFO - 5V Test
2024-10-01 10:02:22,885 - __main__ - INFO - 5V Test Auto Mode: True
2024-10-01 10:02:22,885 - __main__ - INFO - 5V Test Time in seconds: 10
2024-10-01 10:02:22,885 - __main__ - INFO - 5V Test Range: 0.5 V
2024-10-01 10:02:22,885 - components.dmmReader.dmmReader - ERROR - Selected device number is out of range.
2024-10-01 10:02:22,885 - __main__ - DEBUG - Manual 5V DMM Value: 
2024-10-01 10:02:22,885 - __main__ - DEBUG - Manual 5V Test Range Value: 0.5
2024-10-01 10:02:22,885 - __main__ - INFO - 'dmm_manual_input' is not numeric
2024-10-01 10:02:22,888 - __main__ - INFO - 3.3V Test
2024-10-01 10:02:22,888 - __main__ - INFO - 3.3V Test Auto Mode: True
2024-10-01 10:02:22,888 - __main__ - INFO - 3.3V Test Time in seconds: 10
2024-10-01 10:02:22,888 - __main__ - INFO - 3.3V Test Range: 0.33
2024-10-01 10:02:22,888 - components.dmmReader.dmmReader - ERROR - Selected device number is out of range.
2024-10-01 10:02:22,888 - __main__ - DEBUG - Manual 3.3V DMM Value: 
2024-10-01 10:02:22,888 - __main__ - DEBUG - Manual 3.3V Test Range Value: 0.33
2024-10-01 10:02:22,888 - __main__ - INFO - 'dmm_manual_input' is not numeric
2024-10-01 10:02:22,889 - __main__ - INFO - Read ATBeam Temperature
2024-10-01 10:02:22,889 - __main__ - DEBUG - SerialCom, Sent: FF:3;sensorTemp?
2024-10-01 10:02:22,889 - __main__ - INFO - Compare Temperature
2024-10-01 10:02:22,889 - __main__ - INFO - Temperature Test Range: 10.0
2024-10-01 10:02:22,889 - __main__ - DEBUG - External Temperature: 25.0
2024-10-01 10:02:22,890 - __main__ - ERROR - File not found
2024-10-01 10:02:23,937 - components.serialCom.serialCom - DEBUG - Received: 3;sensorTemp? = 27.63
2024-10-01 10:02:23,937 - components.serialCom.serialCom - INFO - 27.63 C
2024-10-01 10:02:23,937 - components.serialCom.serialCom - INFO - SerialCom, Device Temparature Reading '27.63' written to file 'sensor.txt'
2024-10-01 10:02:24,890 - __main__ - INFO - ATBeam Temperature: 27.63
2024-10-01 10:02:24,890 - __main__ - INFO - Temperature Range: 10.0
2024-10-01 10:02:24,890 - __main__ - INFO - Temperature is within ±10.0 range
2024-10-01 10:02:27,891 - __main__ - INFO - Temperature Test: Pass
2024-10-01 10:02:27,892 - __main__ - INFO - Read ATBeam Humidity
2024-10-01 10:02:27,892 - __main__ - DEBUG - SerialCom, Sent: FF:3;sensorHumi?
2024-10-01 10:02:27,892 - __main__ - INFO - Compare Humidity
2024-10-01 10:02:27,892 - __main__ - INFO - Humidity Test Range: 20.0
2024-10-01 10:02:27,892 - __main__ - DEBUG - External Humidity: 50.5
2024-10-01 10:02:28,947 - components.serialCom.serialCom - DEBUG - Received: 3;sensorHumi? = 59.28
2024-10-01 10:02:28,947 - components.serialCom.serialCom - INFO - 59.28 %
2024-10-01 10:02:28,947 - components.serialCom.serialCom - DEBUG - SerialCom, Device Humidity Reading '59.28' written to file 'sensor.txt'
2024-10-01 10:02:29,893 - __main__ - INFO - ATBeam Humidity: 59.28
2024-10-01 10:02:29,893 - __main__ - INFO - Humidity Range: 20.0
2024-10-01 10:02:29,893 - __main__ - INFO - Humidity is within ±20.0 range
2024-10-01 10:02:32,894 - __main__ - INFO - Humidity Test: Pass
2024-10-01 10:02:32,894 - __main__ - INFO - Button Test
2024-10-01 10:02:32,894 - __main__ - INFO - Button Test Time in seconds: 10
2024-10-01 10:02:37,047 - components.serialCom.serialCom - DEBUG - Received: 3;test_buttonshort = pressed
2024-10-01 10:02:37,402 - __main__ - INFO - Button Test: Pass
2024-10-01 10:02:37,403 - __main__ - INFO - Manual Test Time in seconds: 60
2024-10-01 10:02:37,403 - __main__ - INFO - Manual Test Loop Start
2024-10-01 10:02:37,403 - __main__ - DEBUG - SerialCom, Sent: FF:3;RGB-1
2024-10-01 10:02:38,404 - __main__ - DEBUG - SerialCom, Sent: FF:3;RGB-1
2024-10-01 10:02:39,405 - __main__ - DEBUG - SerialCom, Sent: FF:3;RGB-1
2024-10-01 10:02:40,406 - __main__ - DEBUG - SerialCom, Sent: FF:3;RGB-1
2024-10-01 10:02:41,408 - __main__ - DEBUG - SerialCom, Sent: FF:3;RGB-1
2024-10-01 10:02:42,409 - __main__ - DEBUG - SerialCom, Sent: FF:3;RGB-1
2024-10-01 10:02:43,410 - __main__ - DEBUG - SerialCom, Sent: FF:3;RGB-1
2024-10-01 10:02:44,411 - __main__ - INFO - Red LED: Pass
2024-10-01 10:02:45,412 - __main__ - DEBUG - SerialCom, Sent: FF:3;RGB-2
2024-10-01 10:02:46,413 - __main__ - DEBUG - SerialCom, Sent: FF:3;RGB-2
2024-10-01 10:02:47,415 - __main__ - DEBUG - SerialCom, Sent: FF:3;RGB-2
2024-10-01 10:02:48,415 - __main__ - DEBUG - SerialCom, Sent: FF:3;RGB-2
2024-10-01 10:02:49,416 - __main__ - DEBUG - SerialCom, Sent: FF:3;RGB-2
2024-10-01 10:02:50,417 - __main__ - DEBUG - SerialCom, Sent: FF:3;RGB-2
2024-10-01 10:02:51,418 - __main__ - INFO - Green LED: Pass
2024-10-01 10:02:52,420 - __main__ - DEBUG - SerialCom, Sent: FF:3;RGB-3
2024-10-01 10:02:53,420 - __main__ - INFO - Blue LED: Pass
2024-10-01 10:02:55,421 - __main__ - DEBUG - SerialCom, Sent: FF:3;auto_detect
2024-10-01 10:02:56,478 - components.serialCom.serialCom - DEBUG - Received: 3;auto_detect
2024-10-01 10:02:57,422 - __main__ - DEBUG - SerialCom, Sent: FF:3;ir_send
2024-10-01 10:02:58,477 - components.serialCom.serialCom - DEBUG - Received: 3;ir_send
2024-10-01 10:02:59,423 - __main__ - DEBUG - SerialCom, Sent: FF:3;auto_detect
2024-10-01 10:03:00,477 - components.serialCom.serialCom - DEBUG - Received: 3;auto_detect
2024-10-01 10:03:01,423 - __main__ - DEBUG - SerialCom, Sent: FF:3;ir_send
2024-10-01 10:03:01,424 - __main__ - INFO - IR Receiver/Turn off LED: Pass
2024-10-01 10:03:02,478 - components.serialCom.serialCom - DEBUG - Received: 3;ir_send
2024-10-01 10:03:03,425 - __main__ - DEBUG - SerialCom, Sent: FF:3;ir_send
2024-10-01 10:03:04,478 - components.serialCom.serialCom - DEBUG - Received: 3;ir_send
2024-10-01 10:03:05,426 - __main__ - DEBUG - SerialCom, Sent: FF:3;ir_send
2024-10-01 10:03:05,426 - __main__ - INFO - IR LED 1: Pass
2024-10-01 10:03:06,477 - components.serialCom.serialCom - DEBUG - Received: 3;ir_send
2024-10-01 10:03:07,427 - __main__ - DEBUG - SerialCom, Sent: FF:3;ir_send
2024-10-01 10:03:08,477 - components.serialCom.serialCom - DEBUG - Received: 3;ir_send
2024-10-01 10:03:09,428 - __main__ - DEBUG - SerialCom, Sent: FF:3;ir_send
2024-10-01 10:03:09,429 - __main__ - INFO - IR LED 2: Pass
2024-10-01 10:03:10,477 - components.serialCom.serialCom - DEBUG - Received: 3;ir_send
2024-10-01 10:03:11,429 - __main__ - DEBUG - SerialCom, Sent: FF:3;ir_send
2024-10-01 10:03:12,476 - components.serialCom.serialCom - DEBUG - Received: 3;ir_send
2024-10-01 10:03:13,430 - __main__ - DEBUG - SerialCom, Sent: FF:3;ir_send
2024-10-01 10:03:13,431 - __main__ - INFO - IR LED 3: Pass
2024-10-01 10:03:14,478 - components.serialCom.serialCom - DEBUG - Received: 3;ir_send
2024-10-01 10:03:15,432 - __main__ - DEBUG - SerialCom, Sent: FF:3;ir_send
2024-10-01 10:03:16,477 - components.serialCom.serialCom - DEBUG - Received: 3;ir_send
2024-10-01 10:03:17,433 - __main__ - DEBUG - SerialCom, Sent: FF:3;ir_send
2024-10-01 10:03:18,487 - components.serialCom.serialCom - DEBUG - Received: 3;ir_send
2024-10-01 10:03:19,434 - __main__ - DEBUG - SerialCom, Sent: FF:3;ir_send
2024-10-01 10:03:20,488 - components.serialCom.serialCom - DEBUG - Received: 3;ir_send
2024-10-01 10:03:21,436 - __main__ - DEBUG - SerialCom, Sent: FF:3;ir_send
2024-10-01 10:03:22,488 - components.serialCom.serialCom - DEBUG - Received: 3;ir_send
2024-10-01 10:03:23,437 - __main__ - DEBUG - SerialCom, Sent: FF:3;ir_send
2024-10-01 10:03:24,489 - components.serialCom.serialCom - DEBUG - Received: 3;ir_send
2024-10-01 10:03:25,437 - __main__ - DEBUG - SerialCom, Sent: FF:3;ir_send
2024-10-01 10:03:26,488 - components.serialCom.serialCom - DEBUG - Received: 3;ir_send
2024-10-01 10:03:27,438 - __main__ - DEBUG - SerialCom, Sent: FF:3;ir_send
2024-10-01 10:03:28,488 - components.serialCom.serialCom - DEBUG - Received: 3;ir_send
2024-10-01 10:03:29,439 - __main__ - DEBUG - SerialCom, Sent: FF:3;ir_send
2024-10-01 10:03:30,488 - components.serialCom.serialCom - DEBUG - Received: 3;ir_send
2024-10-01 10:03:31,440 - __main__ - DEBUG - SerialCom, Sent: FF:3;ir_send
2024-10-01 10:03:32,488 - components.serialCom.serialCom - DEBUG - Received: 3;ir_send
2024-10-01 10:03:33,441 - __main__ - DEBUG - SerialCom, Sent: FF:3;ir_send
2024-10-01 10:03:34,488 - components.serialCom.serialCom - DEBUG - Received: 3;ir_send
2024-10-01 10:03:35,442 - __main__ - DEBUG - SerialCom, Sent: FF:3;ir_send
2024-10-01 10:03:36,488 - components.serialCom.serialCom - DEBUG - Received: 3;ir_send
2024-10-01 10:03:37,443 - __main__ - DEBUG - SerialCom, Sent: FF:3;ir_send
2024-10-01 10:03:38,488 - components.serialCom.serialCom - DEBUG - Received: 3;ir_send
2024-10-01 10:03:39,444 - __main__ - DEBUG - SerialCom, Sent: FF:3;ir_send
2024-10-01 10:03:40,499 - components.serialCom.serialCom - DEBUG - Received: 3;ir_send
2024-10-01 10:03:41,445 - __main__ - DEBUG - SerialCom, Sent: FF:3;ir_send
2024-10-01 10:03:42,499 - components.serialCom.serialCom - DEBUG - Received: 3;ir_send
2024-10-01 10:03:43,445 - __main__ - DEBUG - SerialCom, Sent: FF:3;ir_send
2024-10-01 10:03:44,499 - components.serialCom.serialCom - DEBUG - Received: 3;ir_send
2024-10-01 10:03:45,446 - __main__ - DEBUG - SerialCom, Sent: FF:3;ir_send
2024-10-01 10:03:46,499 - components.serialCom.serialCom - DEBUG - Received: 3;ir_send
2024-10-01 10:03:47,447 - __main__ - DEBUG - SerialCom, Sent: FF:3;ir_send
2024-10-01 10:03:48,499 - components.serialCom.serialCom - DEBUG - Received: 3;ir_send
2024-10-01 10:03:49,448 - __main__ - DEBUG - SerialCom, Sent: FF:3;ir_send
2024-10-01 10:03:50,499 - components.serialCom.serialCom - DEBUG - Received: 3;ir_send
2024-10-01 10:03:51,448 - __main__ - DEBUG - SerialCom, Sent: FF:3;ir_send
2024-10-01 10:03:52,499 - components.serialCom.serialCom - DEBUG - Received: 3;ir_send
2024-10-01 10:03:53,450 - __main__ - DEBUG - SerialCom, Sent: FF:3;ir_send
2024-10-01 10:03:54,499 - components.serialCom.serialCom - DEBUG - Received: 3;ir_send
2024-10-01 10:03:55,451 - __main__ - DEBUG - SerialCom, Sent: FF:3;ir_send
2024-10-01 10:03:56,499 - components.serialCom.serialCom - DEBUG - Received: 3;ir_send
2024-10-01 10:03:57,452 - __main__ - DEBUG - SerialCom, Sent: FF:3;ir_send
2024-10-01 10:03:58,499 - components.serialCom.serialCom - DEBUG - Received: 3;ir_send
2024-10-01 10:03:59,452 - __main__ - DEBUG - SerialCom, Sent: FF:3;ir_send
2024-10-01 10:04:00,500 - components.serialCom.serialCom - DEBUG - Received: 3;ir_send
2024-10-01 10:04:01,453 - __main__ - DEBUG - SerialCom, Sent: FF:3;ir_send
2024-10-01 10:04:02,500 - components.serialCom.serialCom - DEBUG - Received: 3;ir_send
2024-10-01 10:04:03,454 - __main__ - DEBUG - SerialCom, Sent: FF:3;ir_send
2024-10-01 10:04:04,500 - components.serialCom.serialCom - DEBUG - Received: 3;ir_send
2024-10-01 10:04:05,454 - __main__ - DEBUG - SerialCom, Sent: FF:3;ir_send
2024-10-01 10:04:06,510 - components.serialCom.serialCom - DEBUG - Received: 3;ir_send
2024-10-01 10:04:07,456 - __main__ - DEBUG - SerialCom, Sent: FF:3;ir_send
2024-10-01 10:04:07,456 - __main__ - INFO - IR LED 4: Pass
2024-10-01 10:04:08,510 - components.serialCom.serialCom - DEBUG - Received: 3;ir_send
2024-10-01 10:04:09,457 - __main__ - DEBUG - SerialCom, Sent: FF:3;ir_send
2024-10-01 10:04:10,510 - components.serialCom.serialCom - DEBUG - Received: 3;ir_send
2024-10-01 10:04:11,459 - __main__ - DEBUG - SerialCom, Sent: FF:3;ir_send
2024-10-01 10:04:12,510 - components.serialCom.serialCom - DEBUG - Received: 3;ir_send
2024-10-01 10:04:13,460 - __main__ - DEBUG - SerialCom, Sent: FF:3;ir_send
2024-10-01 10:04:14,510 - components.serialCom.serialCom - DEBUG - Received: 3;ir_send
2024-10-01 10:04:15,461 - __main__ - DEBUG - SerialCom, Sent: FF:3;ir_send
2024-10-01 10:04:16,509 - components.serialCom.serialCom - DEBUG - Received: 3;ir_send
2024-10-01 10:04:17,462 - __main__ - DEBUG - SerialCom, Sent: FF:3;ir_send
2024-10-01 10:04:18,510 - components.serialCom.serialCom - DEBUG - Received: 3;ir_send
2024-10-01 10:04:19,464 - __main__ - DEBUG - SerialCom, Sent: FF:3;ir_send
2024-10-01 10:04:20,510 - components.serialCom.serialCom - DEBUG - Received: 3;ir_send
2024-10-01 10:04:21,464 - __main__ - DEBUG - SerialCom, Sent: FF:3;ir_send
2024-10-01 10:04:22,511 - components.serialCom.serialCom - DEBUG - Received: 3;ir_send
2024-10-01 10:04:23,465 - __main__ - DEBUG - SerialCom, Sent: FF:3;ir_send
2024-10-01 10:04:24,521 - components.serialCom.serialCom - DEBUG - Received: 3;ir_send
2024-10-01 10:04:25,467 - __main__ - DEBUG - SerialCom, Sent: FF:3;ir_send
2024-10-01 10:04:26,520 - components.serialCom.serialCom - DEBUG - Received: 3;ir_send
2024-10-01 10:04:27,468 - __main__ - DEBUG - SerialCom, Sent: FF:3;ir_send
2024-10-01 10:04:28,521 - components.serialCom.serialCom - DEBUG - Received: 3;ir_send
2024-10-01 10:04:29,469 - __main__ - DEBUG - SerialCom, Sent: FF:3;ir_send
2024-10-01 10:04:30,521 - components.serialCom.serialCom - DEBUG - Received: 3;ir_send
2024-10-01 10:04:31,470 - __main__ - DEBUG - SerialCom, Sent: FF:3;ir_send
2024-10-01 10:04:32,521 - components.serialCom.serialCom - DEBUG - Received: 3;ir_send
2024-10-01 10:04:33,471 - __main__ - DEBUG - SerialCom, Sent: FF:3;ir_send
2024-10-01 10:04:34,521 - components.serialCom.serialCom - DEBUG - Received: 3;ir_send
2024-10-01 10:04:35,472 - __main__ - DEBUG - SerialCom, Sent: FF:3;ir_send
2024-10-01 10:04:36,521 - components.serialCom.serialCom - DEBUG - Received: 3;ir_send
2024-10-01 10:04:37,473 - __main__ - DEBUG - SerialCom, Sent: FF:3;ir_send
2024-10-01 10:04:38,521 - components.serialCom.serialCom - DEBUG - Received: 3;ir_send
2024-10-01 10:04:39,474 - __main__ - DEBUG - SerialCom, Sent: FF:3;ir_send
2024-10-01 10:04:40,521 - components.serialCom.serialCom - DEBUG - Received: 3;ir_send
2024-10-01 10:04:41,475 - __main__ - DEBUG - SerialCom, Sent: FF:3;ir_send
2024-10-01 10:04:42,521 - components.serialCom.serialCom - DEBUG - Received: 3;ir_send
2024-10-01 10:04:43,476 - __main__ - DEBUG - SerialCom, Sent: FF:3;ir_send
2024-10-01 10:04:44,522 - components.serialCom.serialCom - DEBUG - Received: 3;ir_send
2024-10-01 10:04:45,477 - __main__ - DEBUG - SerialCom, Sent: FF:3;ir_send
2024-10-01 10:04:46,531 - components.serialCom.serialCom - DEBUG - Received: 3;ir_send
2024-10-01 10:04:47,478 - __main__ - DEBUG - SerialCom, Sent: FF:3;ir_send
2024-10-01 10:04:48,532 - components.serialCom.serialCom - DEBUG - Received: 3;ir_send
2024-10-01 10:04:49,478 - __main__ - DEBUG - SerialCom, Sent: FF:3;ir_send
2024-10-01 10:04:50,531 - components.serialCom.serialCom - DEBUG - Received: 3;ir_send
2024-10-01 10:04:51,479 - __main__ - DEBUG - SerialCom, Sent: FF:3;ir_send
2024-10-01 10:04:52,532 - components.serialCom.serialCom - DEBUG - Received: 3;ir_send
2024-10-01 10:04:53,480 - __main__ - DEBUG - SerialCom, Sent: FF:3;ir_send
2024-10-01 10:04:54,532 - components.serialCom.serialCom - DEBUG - Received: 3;ir_send
2024-10-01 10:04:55,481 - __main__ - DEBUG - SerialCom, Sent: FF:3;ir_send
2024-10-01 10:04:56,532 - components.serialCom.serialCom - DEBUG - Received: 3;ir_send
2024-10-01 10:04:57,483 - __main__ - DEBUG - SerialCom, Sent: FF:3;ir_send
2024-10-01 10:04:58,531 - components.serialCom.serialCom - DEBUG - Received: 3;ir_send
2024-10-01 10:04:59,484 - __main__ - DEBUG - SerialCom, Sent: FF:3;ir_send
2024-10-01 10:05:00,532 - components.serialCom.serialCom - DEBUG - Received: 3;ir_send
2024-10-01 10:05:01,485 - __main__ - DEBUG - SerialCom, Sent: FF:3;ir_send
2024-10-01 10:05:02,532 - components.serialCom.serialCom - DEBUG - Received: 3;ir_send
2024-10-01 10:05:03,486 - __main__ - DEBUG - SerialCom, Sent: FF:3;ir_send
2024-10-01 10:05:03,487 - __main__ - INFO - IR LED 5: Pass
2024-10-01 10:05:04,491 - __main__ - INFO - Red LED: Pass
2024-10-01 10:05:04,491 - __main__ - INFO - Green LED: Pass
2024-10-01 10:05:04,491 - __main__ - INFO - Blue LED: Pass
2024-10-01 10:05:04,491 - __main__ - INFO - IR Receiver: Pass
2024-10-01 10:05:04,491 - __main__ - INFO - IR LED 1: Pass
2024-10-01 10:05:04,492 - __main__ - INFO - IR LED 2: Pass
2024-10-01 10:05:04,492 - __main__ - INFO - IR LED 3: Pass
2024-10-01 10:05:04,492 - __main__ - INFO - IR LED 4: Pass
2024-10-01 10:05:04,492 - __main__ - INFO - IR LED 5: Pass
2024-10-01 10:05:04,492 - __main__ - INFO - Manual Test Loop Completed
2024-10-01 10:05:04,532 - components.serialCom.serialCom - DEBUG - Received: 3;ir_send
2024-10-01 10:05:07,492 - __main__ - INFO - Entering factory mode
2024-10-01 10:05:07,493 - __main__ - INFO - Reset Factory Mode Flag
2024-10-01 10:05:07,493 - __main__ - INFO - Reboot esp32s3 and esp32h2
2024-10-01 10:05:07,493 - __main__ - INFO - Reboot esp32s3, Port: /dev/ttyUSB0, Baud: 460800
2024-10-01 10:05:07,493 - __main__ - INFO - Reboot esp32h2, Port: /dev/ttyUSB2, Baud: 115200
2024-10-01 10:05:07,493 - components.flashFirmware.flashFirmware - INFO - Reset ESP32H2: source /usr/src/app/esp/esp-idf/export.sh
esptool.py -p /dev/ttyUSB2 -b 115200 run

2024-10-01 10:05:07,494 - components.flashFirmware.flashFirmware - INFO - Reset ESP32S3 = /bin/bash: line 1: /usr/src/app/esp/esp-idf/export.sh: No such file or directory
2024-10-01 10:05:07,535 - components.flashFirmware.flashFirmware - INFO - Reset ESP32S3 = esptool.py v4.7.0
2024-10-01 10:05:07,535 - components.flashFirmware.flashFirmware - INFO - Reset ESP32S3 = Serial port /dev/ttyUSB2
2024-10-01 10:05:08,551 - components.flashFirmware.flashFirmware - INFO - Reset ESP32S3 = Connecting....
2024-10-01 10:05:08,551 - components.flashFirmware.flashFirmware - INFO - Reset ESP32S3 = Detecting chip type... ESP32-H2
2024-10-01 10:05:08,551 - components.flashFirmware.flashFirmware - INFO - Reset ESP32S3 = Chip is ESP32-H2 (revision v0.1)
2024-10-01 10:05:08,551 - components.flashFirmware.flashFirmware - INFO - Reset ESP32S3 = Features: BLE, IEEE802.15.4
2024-10-01 10:05:08,551 - components.flashFirmware.flashFirmware - INFO - Reset ESP32S3 = Crystal is 32MHz
2024-10-01 10:05:08,551 - components.flashFirmware.flashFirmware - INFO - Reset ESP32S3 = MAC: 48:31:b7:ff:fe:c0:19:80
2024-10-01 10:05:08,551 - components.flashFirmware.flashFirmware - INFO - Reset ESP32S3 = BASE MAC: 48:31:b7:c0:19:80
2024-10-01 10:05:08,551 - components.flashFirmware.flashFirmware - INFO - Reset ESP32S3 = MAC_EXT: ff:fe
2024-10-01 10:05:08,551 - components.flashFirmware.flashFirmware - INFO - Reset ESP32S3 = Uploading stub...
2024-10-01 10:05:08,551 - components.flashFirmware.flashFirmware - INFO - Reset ESP32S3 = Running stub...
2024-10-01 10:05:08,551 - components.flashFirmware.flashFirmware - INFO - Reset ESP32S3 = Stub running...
2024-10-01 10:05:08,551 - components.flashFirmware.flashFirmware - INFO - Reset ESP32S3 = Hard resetting via RTS pin...
2024-10-01 10:05:13,557 - components.flashFirmware.flashFirmware - INFO - Reset ESP32H2: source /usr/src/app/esp/esp-idf/export.sh
esptool.py -p /dev/ttyUSB0 -b 460800 run

2024-10-01 10:05:13,558 - components.flashFirmware.flashFirmware - INFO - Reset ESP32S3 = /bin/bash: line 1: /usr/src/app/esp/esp-idf/export.sh: No such file or directory
2024-10-01 10:05:13,596 - components.flashFirmware.flashFirmware - INFO - Reset ESP32S3 = esptool.py v4.7.0
2024-10-01 10:05:13,596 - components.flashFirmware.flashFirmware - INFO - Reset ESP32S3 = Serial port /dev/ttyUSB0
2024-10-01 10:05:15,288 - components.flashFirmware.flashFirmware - INFO - Reset ESP32S3 = Connecting....
2024-10-01 10:05:15,288 - components.flashFirmware.flashFirmware - INFO - Reset ESP32S3 = Detecting chip type... ESP32-S3
2024-10-01 10:05:15,288 - components.flashFirmware.flashFirmware - INFO - Reset ESP32S3 = Chip is ESP32-S3 (QFN56) (revision v0.1)
2024-10-01 10:05:15,288 - components.flashFirmware.flashFirmware - INFO - Reset ESP32S3 = Features: WiFi, BLE
2024-10-01 10:05:15,288 - components.flashFirmware.flashFirmware - INFO - Reset ESP32S3 = Crystal is 40MHz
2024-10-01 10:05:15,288 - components.flashFirmware.flashFirmware - INFO - Reset ESP32S3 = MAC: 34:85:18:50:fa:94
2024-10-01 10:05:15,288 - components.flashFirmware.flashFirmware - INFO - Reset ESP32S3 = Uploading stub...
2024-10-01 10:05:15,288 - components.flashFirmware.flashFirmware - INFO - Reset ESP32S3 = Running stub...
2024-10-01 10:05:15,288 - components.flashFirmware.flashFirmware - INFO - Reset ESP32S3 = Stub running...
2024-10-01 10:05:15,288 - components.flashFirmware.flashFirmware - INFO - Reset ESP32S3 = Changing baud rate to 460800
2024-10-01 10:05:15,288 - components.flashFirmware.flashFirmware - INFO - Reset ESP32S3 = Changed.
2024-10-01 10:05:15,288 - components.flashFirmware.flashFirmware - INFO - Reset ESP32S3 = Hard resetting via RTS pin...
2024-10-01 10:05:16,887 - components.serialCom.serialCom - DEBUG - Received: .
2024-10-01 10:05:16,887 - components.serialCom.serialCom - DEBUG - Data contains '.'
2024-10-01 10:05:16,887 - components.serialCom.serialCom - DEBUG - SerialCom, Factory: polyaire&ADT

2024-10-01 10:05:20,293 - __main__ - INFO - Start Wait 3
2024-10-01 10:05:23,294 - __main__ - INFO - Finish Wait 3
2024-10-01 10:05:23,294 - __main__ - INFO - Read MAC Address
2024-10-01 10:05:23,294 - __main__ - DEBUG - SerialCom, Sent: FF:3;MAC?
2024-10-01 10:05:23,294 - __main__ - INFO - Read MAC Address Command: FF:3;MAC?
2024-10-01 10:05:23,294 - __main__ - INFO - Reference MAC Address: 34:85:18:50:fa:94
2024-10-01 10:05:24,341 - components.serialCom.serialCom - DEBUG - Received: 3;MAC? = 34:85:18:50:FA:94
2024-10-01 10:05:29,296 - urllib3.connectionpool - DEBUG - Starting new HTTP connection (1): 192.168.0.44:5000
2024-10-01 10:05:29,298 - urllib3.connectionpool - DEBUG - http://192.168.0.44:5000 "GET /getDeviceState HTTP/1.1" 200 346
2024-10-01 10:05:32,298 - __main__ - INFO - Start Wi-Fi Soft AP Test
2024-10-01 10:05:32,298 - __main__ - INFO - Wi-Fi SoftAP RSSI Test Range: -80
2024-10-01 10:05:32,299 - __main__ - INFO - Device Wi-Fi Soft AP Development: AT-MT:Y1CA00O6148F-405J10
2024-10-01 10:05:32,299 - __main__ - INFO - Device Wi-Fi Soft AP Name 1: AT-MT:Y1CA00O6148F-405J10
2024-10-01 10:05:32,299 - __main__ - INFO - Device Wi-Fi Soft AP Name 2: AT BEAM 405J10
2024-10-01 10:05:32,299 - __main__ - INFO - Wi-Fi Soft AP RSSI Test Range: -80
2024-10-01 10:10:34,068 - __main__ - INFO - Target network found: SSID: AT-MT:Y1CA00O6148F-405J10, Signal Level: -18 dBm
2024-10-01 10:10:34,069 - __main__ - INFO - Wi-Fi Soft AP Test: Pass
2024-10-01 10:10:37,070 - __main__ - INFO - Wi-Fi Soft AP: Pass
2024-10-01 10:10:37,070 - __main__ - INFO - Reset Factory Mode Flag
2024-10-01 10:10:37,070 - __main__ - INFO - Start Wi-Fi Station Test
2024-10-01 10:10:37,070 - __main__ - INFO - Wi-Fi Station RSSI Test Range: -60
2024-10-01 10:10:37,071 - __main__ - DEBUG - SerialCom, Sent: FF:1;AirTouch_Pi_WiFi_17
2024-10-01 10:10:37,071 - __main__ - INFO - Wi-Fi Station Command: FF:1;AirTouch_Pi_WiFi_17
2024-10-01 10:10:38,127 - components.serialCom.serialCom - DEBUG - Received: 1;AirTouch_Pi_WiFi_17
2024-10-01 10:10:39,071 - __main__ - DEBUG - SerialCom, Sent: FF:3;connectwifi
2024-10-01 10:10:39,071 - __main__ - INFO - Wi-Fi Station Command: FF:3;connectwifi
2024-10-01 10:10:40,176 - components.serialCom.serialCom - DEBUG - Received: 3;connectwifi
2024-10-01 10:10:44,071 - __main__ - DEBUG - SerialCom, Sent: FF:3;RSSI?
2024-10-01 10:10:44,071 - __main__ - INFO - Wi-Fi Station RSSI Command: FF:3;RSSI?
2024-10-01 10:10:45,127 - components.serialCom.serialCom - DEBUG - Received: 3;RSSI? = -60
2024-10-01 10:10:45,127 - components.serialCom.serialCom - INFO - Serial Com, Read WiFi RSSI: -60 dBm
2024-10-01 10:10:46,072 - __main__ - INFO - Wi-Fi Station RSSI Test Range: -60
2024-10-01 10:10:46,072 - __main__ - INFO - Wi-Fi Station RSSI: Pass
2024-10-01 10:10:49,072 - __main__ - INFO - Wi-Fi Station: Pass
2024-10-01 10:10:49,073 - __main__ - INFO - ESP32H2 Header Pin
2024-10-01 10:10:49,073 - __main__ - INFO - ESP32H2 Header Pin Test Time in seconds: 20
2024-10-01 10:10:57,085 - __main__ - INFO - ESP32H2 Header Pin: Pass
2024-10-01 10:10:57,085 - __main__ - INFO - Entering factory mode
2024-10-01 10:10:57,086 - __main__ - INFO - Reset Factory Mode Flag
2024-10-01 10:10:57,086 - __main__ - INFO - Reboot esp32s3 and esp32h2
2024-10-01 10:10:57,086 - __main__ - INFO - Reboot esp32s3, Port: /dev/ttyUSB0, Baud: 460800
2024-10-01 10:10:57,086 - __main__ - INFO - Reboot esp32h2, Port: /dev/ttyUSB2, Baud: 115200
2024-10-01 10:10:57,086 - components.flashFirmware.flashFirmware - INFO - Reset ESP32H2: source /usr/src/app/esp/esp-idf/export.sh
esptool.py -p /dev/ttyUSB2 -b 115200 run

2024-10-01 10:10:57,087 - components.flashFirmware.flashFirmware - INFO - Reset ESP32S3 = /bin/bash: line 1: /usr/src/app/esp/esp-idf/export.sh: No such file or directory
2024-10-01 10:10:57,128 - components.flashFirmware.flashFirmware - INFO - Reset ESP32S3 = esptool.py v4.7.0
2024-10-01 10:10:57,128 - components.flashFirmware.flashFirmware - INFO - Reset ESP32S3 = Serial port /dev/ttyUSB2
2024-10-01 10:10:58,136 - components.flashFirmware.flashFirmware - INFO - Reset ESP32S3 = Connecting....
2024-10-01 10:10:58,136 - components.flashFirmware.flashFirmware - INFO - Reset ESP32S3 = Detecting chip type... ESP32-H2
2024-10-01 10:10:58,136 - components.flashFirmware.flashFirmware - INFO - Reset ESP32S3 = Chip is ESP32-H2 (revision v0.1)
2024-10-01 10:10:58,136 - components.flashFirmware.flashFirmware - INFO - Reset ESP32S3 = Features: BLE, IEEE802.15.4
2024-10-01 10:10:58,136 - components.flashFirmware.flashFirmware - INFO - Reset ESP32S3 = Crystal is 32MHz
2024-10-01 10:10:58,136 - components.flashFirmware.flashFirmware - INFO - Reset ESP32S3 = MAC: 48:31:b7:ff:fe:c0:19:80
2024-10-01 10:10:58,136 - components.flashFirmware.flashFirmware - INFO - Reset ESP32S3 = BASE MAC: 48:31:b7:c0:19:80
2024-10-01 10:10:58,136 - components.flashFirmware.flashFirmware - INFO - Reset ESP32S3 = MAC_EXT: ff:fe
2024-10-01 10:10:58,136 - components.flashFirmware.flashFirmware - INFO - Reset ESP32S3 = Uploading stub...
2024-10-01 10:10:58,136 - components.flashFirmware.flashFirmware - INFO - Reset ESP32S3 = Running stub...
2024-10-01 10:10:58,136 - components.flashFirmware.flashFirmware - INFO - Reset ESP32S3 = Stub running...
2024-10-01 10:10:58,136 - components.flashFirmware.flashFirmware - INFO - Reset ESP32S3 = Hard resetting via RTS pin...
2024-10-01 10:11:03,142 - components.flashFirmware.flashFirmware - INFO - Reset ESP32H2: source /usr/src/app/esp/esp-idf/export.sh
esptool.py -p /dev/ttyUSB0 -b 460800 run

2024-10-01 10:11:03,143 - components.flashFirmware.flashFirmware - INFO - Reset ESP32S3 = /bin/bash: line 1: /usr/src/app/esp/esp-idf/export.sh: No such file or directory
2024-10-01 10:11:03,183 - components.flashFirmware.flashFirmware - INFO - Reset ESP32S3 = esptool.py v4.7.0
2024-10-01 10:11:03,183 - components.flashFirmware.flashFirmware - INFO - Reset ESP32S3 = Serial port /dev/ttyUSB0
2024-10-01 10:11:04,873 - components.flashFirmware.flashFirmware - INFO - Reset ESP32S3 = Connecting....
2024-10-01 10:11:04,873 - components.flashFirmware.flashFirmware - INFO - Reset ESP32S3 = Detecting chip type... ESP32-S3
2024-10-01 10:11:04,874 - components.flashFirmware.flashFirmware - INFO - Reset ESP32S3 = Chip is ESP32-S3 (QFN56) (revision v0.1)
2024-10-01 10:11:04,874 - components.flashFirmware.flashFirmware - INFO - Reset ESP32S3 = Features: WiFi, BLE
2024-10-01 10:11:04,874 - components.flashFirmware.flashFirmware - INFO - Reset ESP32S3 = Crystal is 40MHz
2024-10-01 10:11:04,874 - components.flashFirmware.flashFirmware - INFO - Reset ESP32S3 = MAC: 34:85:18:50:fa:94
2024-10-01 10:11:04,874 - components.flashFirmware.flashFirmware - INFO - Reset ESP32S3 = Uploading stub...
2024-10-01 10:11:04,874 - components.flashFirmware.flashFirmware - INFO - Reset ESP32S3 = Running stub...
2024-10-01 10:11:04,874 - components.flashFirmware.flashFirmware - INFO - Reset ESP32S3 = Stub running...
2024-10-01 10:11:04,874 - components.flashFirmware.flashFirmware - INFO - Reset ESP32S3 = Changing baud rate to 460800
2024-10-01 10:11:04,874 - components.flashFirmware.flashFirmware - INFO - Reset ESP32S3 = Changed.
2024-10-01 10:11:04,874 - components.flashFirmware.flashFirmware - INFO - Reset ESP32S3 = Hard resetting via RTS pin...
2024-10-01 10:11:06,488 - components.serialCom.serialCom - DEBUG - Received: .
2024-10-01 10:11:06,488 - components.serialCom.serialCom - DEBUG - Data contains '.'
2024-10-01 10:11:06,488 - components.serialCom.serialCom - DEBUG - SerialCom, Factory: polyaire&ADT

2024-10-01 10:11:09,879 - __main__ - INFO - Start Wait 3
2024-10-01 10:11:12,880 - __main__ - INFO - Finish Wait 3
2024-10-01 10:11:12,880 - __main__ - INFO - ESP32H2 LED Test
2024-10-01 10:11:12,880 - __main__ - INFO - ESP32H2 LED Test Time in seconds: 10
2024-10-01 10:11:15,385 - __main__ - INFO - ESP32H2 Small LED: Pass
2024-10-01 10:11:15,386 - __main__ - INFO - Sticker Printing
2024-10-01 10:11:15,386 - __main__ - INFO - Print Sticker Time in seconds: 10
2024-10-01 10:11:15,386 - __main__ - INFO - Print Sticker Auto Mode: False
2024-10-01 10:11:17,110 - __main__ - INFO - Print Sticker: Cancel
2024-10-01 10:11:17,390 - __main__ - INFO - Test 2 Completed
