2024-10-01 09:21:33,107 - __main__ - INFO - Factory App Version: 0.0.1
2024-10-01 09:21:33,107 - __main__ - INFO - Test 1 Start
2024-10-01 09:21:33,107 - __main__ - INFO - Below are information extracted based on ESP32S3 MAC Address
2024-10-01 09:21:33,107 - __main__ - INFO - order-no: hand-sample
2024-10-01 09:21:33,107 - __main__ - INFO -  mac-address: 34:85:18:50:fa:94
2024-10-01 09:21:33,107 - __main__ - INFO -  serial-id: A09000500
2024-10-01 09:21:33,107 - __main__ - INFO -  cert-id: Polyaire-DAC-0x146D-0x0001-A09000500-Cert
2024-10-01 09:21:33,107 - __main__ - INFO -  esp-secure-cert-partition: dc19b802-47e1-4c5b-bf01-5279442482fc_esp_secure_cert.bin
2024-10-01 09:21:33,107 - __main__ - INFO -  commissionable-data-provider-partition: dc19b802-47e1-4c5b-bf01-5279442482fc-partition.bin
2024-10-01 09:21:33,107 - __main__ - INFO -  qrcode: MT:Y1CA00O6148F-405J10
2024-10-01 09:21:33,107 - __main__ - INFO -  manualcode: 1169-154-3426
2024-10-01 09:21:33,107 - __main__ - INFO -  discriminator: 1428
2024-10-01 09:21:33,107 - __main__ - INFO -  passcode: 71139859
2024-10-01 09:21:33,107 - __main__ - INFO - Read ESP32S3 Mac Address
2024-10-01 09:21:33,108 - components.flashFirmware.flashFirmware - INFO - ESP32S3 MAC Address: 34:85:18:50:fa:94
2024-10-01 09:21:33,108 - components.flashFirmware.flashFirmware - INFO - Get ESP32S3 MAC Address Completed
2024-10-01 09:21:33,108 - __main__ - INFO - Read ESP32H2 MAC Address
2024-10-01 09:21:34,194 - __main__ - INFO - Flashing esp32s3 and esp32h2 firmware
2024-10-01 09:21:34,194 - __main__ - INFO - Erase Flash ESP32S3: True
2024-10-01 09:21:34,194 - __main__ - INFO - Erase Flash ESP32S3 Start Address: 0x0
2024-10-01 09:21:34,194 - __main__ - INFO - Erase Flash ESP32S3 End Address: 0x800000
2024-10-01 09:21:34,194 - __main__ - INFO - Erase Flash ESP32H2: True
2024-10-01 09:21:34,194 - __main__ - INFO - Erase Flash ESP32H2 Start Address: 0x0
2024-10-01 09:21:34,194 - __main__ - INFO - Erase Flash ESP32H2 End Address: 0x400000
2024-10-01 09:21:34,194 - __main__ - INFO - Flashing ESP32S3 firmware, Port: /dev/ttyUSB0, Baud: 460800
2024-10-01 09:21:34,194 - __main__ - INFO - ESP32S3 Bootloader Address: 0x0
2024-10-01 09:21:34,194 - __main__ - INFO - ESP32S3 Partition Table Address: 0xC000
2024-10-01 09:21:34,194 - __main__ - INFO - ESP32S3 OTA Data Initial Address: 0x1E000
2024-10-01 09:21:34,194 - __main__ - INFO - ESP32S3 Firmware Address: 0x1F0000
2024-10-01 09:21:34,194 - __main__ - INFO - ESP32S3 Use ESPTOOL: True
2024-10-01 09:21:34,195 - __main__ - INFO - Flashing ESP32H2 firmware, Port: /dev/ttyUSB2, Baud: 115200
2024-10-01 09:21:34,195 - __main__ - INFO - ESP32H2 Bootloader Address: 0x0
2024-10-01 09:21:34,195 - __main__ - INFO - ESP32H2 Partition Table Address: 0x8000
2024-10-01 09:21:34,195 - __main__ - INFO - ESP32H2 Firmware Address: 0x10000
2024-10-01 09:21:34,195 - __main__ - INFO - ESP32H2 Use ESPTOOL: True
2024-10-01 09:21:34,195 - components.flashFirmware.flashFirmware - INFO - Erase Flash ESP32S3: esptool.py --chip esp32s3 -p /dev/ttyUSB0 -b 460800 erase_region 0x0 0x800000

2024-10-01 09:21:34,196 - components.flashFirmware.flashFirmware - ERROR - Error: Unable to find one or more bin files
2024-10-01 09:21:34,240 - components.flashFirmware.flashFirmware - INFO - Erase Flash ESP32S3 = esptool.py v4.7.0
2024-10-01 09:21:34,240 - components.flashFirmware.flashFirmware - INFO - Erase Flash ESP32S3 = Serial port /dev/ttyUSB0
2024-10-01 09:21:41,072 - components.flashFirmware.flashFirmware - INFO - Erase Flash ESP32S3 = Connecting....
2024-10-01 09:21:41,072 - components.flashFirmware.flashFirmware - INFO - Erase Flash ESP32S3 = Chip is ESP32-S3 (QFN56) (revision v0.1)
2024-10-01 09:21:41,072 - components.flashFirmware.flashFirmware - INFO - Erase Flash ESP32S3 = Features: WiFi, BLE
2024-10-01 09:21:41,072 - components.flashFirmware.flashFirmware - INFO - Erase Flash ESP32S3 = Crystal is 40MHz
2024-10-01 09:21:41,072 - components.flashFirmware.flashFirmware - INFO - Erase Flash ESP32S3 = MAC: 34:85:18:50:fa:94
2024-10-01 09:21:41,072 - components.flashFirmware.flashFirmware - INFO - Erase Flash ESP32S3 = Uploading stub...
2024-10-01 09:21:41,072 - components.flashFirmware.flashFirmware - INFO - Erase Flash ESP32S3 = Running stub...
2024-10-01 09:21:41,072 - components.flashFirmware.flashFirmware - INFO - Erase Flash ESP32S3 = Stub running...
2024-10-01 09:21:41,072 - components.flashFirmware.flashFirmware - INFO - Erase Flash ESP32S3 = Changing baud rate to 460800
2024-10-01 09:21:41,072 - components.flashFirmware.flashFirmware - INFO - Erase Flash ESP32S3 = Changed.
2024-10-01 09:21:41,072 - components.flashFirmware.flashFirmware - INFO - Erase Flash ESP32S3 = Erasing region (may be slow depending on size)...
2024-10-01 09:21:41,072 - components.flashFirmware.flashFirmware - INFO - Erase Flash ESP32S3 = Erase completed successfully in 5.1 seconds.
2024-10-01 09:21:41,072 - components.flashFirmware.flashFirmware - INFO - Erase Flash ESP32S3 = Hard resetting via RTS pin...
2024-10-01 09:21:42,080 - components.flashFirmware.flashFirmware - ERROR - Error: Unable to find one or more bin files
2024-10-01 09:21:42,081 - components.flashFirmware.flashFirmware - INFO - Flashing ESP32S3 Firmware: esptool.py --chip esp32s3 -p /dev/ttyUSB0 -b 460800 write_flash 0x0 /home/anuarrozman2303/Airdroitech/FactoryApp_Merge/FlashingTool/firmware/s3/bootloader.bin 0xC000 /home/anuarrozman2303/Airdroitech/FactoryApp_Merge/FlashingTool/firmware/s3/partition-table.bin 0x1E000 /home/anuarrozman2303/Airdroitech/FactoryApp_Merge/FlashingTool/firmware/s3/ota_data_initial.bin 0x1F0000 /home/anuarrozman2303/Airdroitech/FactoryApp_Merge/FlashingTool/firmware/s3/ARCHIVE/partitions_8MB_TBR/v1_0_0-20240717-rc1.bin

2024-10-01 09:21:42,123 - components.flashFirmware.flashFirmware - INFO - Flashing ESP32S3 Firmware = esptool.py v4.7.0
2024-10-01 09:21:42,123 - components.flashFirmware.flashFirmware - INFO - Flashing ESP32S3 Firmware = Serial port /dev/ttyUSB0
2024-10-01 09:21:43,897 - components.flashFirmware.flashFirmware - INFO - Flashing ESP32S3 Firmware = Connecting....
2024-10-01 09:21:43,897 - components.flashFirmware.flashFirmware - INFO - Flashing ESP32S3 Firmware = Chip is ESP32-S3 (QFN56) (revision v0.1)
2024-10-01 09:21:43,897 - components.flashFirmware.flashFirmware - INFO - Flashing ESP32S3 Firmware = Features: WiFi, BLE
2024-10-01 09:21:43,897 - components.flashFirmware.flashFirmware - INFO - Flashing ESP32S3 Firmware = Crystal is 40MHz
2024-10-01 09:21:43,897 - components.flashFirmware.flashFirmware - INFO - Flashing ESP32S3 Firmware = MAC: 34:85:18:50:fa:94
2024-10-01 09:21:43,897 - components.flashFirmware.flashFirmware - INFO - Flashing ESP32S3 Firmware = Uploading stub...
2024-10-01 09:21:43,897 - components.flashFirmware.flashFirmware - INFO - Flashing ESP32S3 Firmware = Running stub...
2024-10-01 09:21:43,897 - components.flashFirmware.flashFirmware - INFO - Flashing ESP32S3 Firmware = Stub running...
2024-10-01 09:21:43,897 - components.flashFirmware.flashFirmware - INFO - Flashing ESP32S3 Firmware = Changing baud rate to 460800
2024-10-01 09:21:43,897 - components.flashFirmware.flashFirmware - INFO - Flashing ESP32S3 Firmware = Changed.
2024-10-01 09:21:43,897 - components.flashFirmware.flashFirmware - INFO - Flashing ESP32S3 Firmware = Configuring flash size...
2024-10-01 09:21:43,897 - components.flashFirmware.flashFirmware - INFO - Flashing ESP32S3 Firmware = Flash will be erased from 0x00000000 to 0x00005fff...
2024-10-01 09:21:43,897 - components.flashFirmware.flashFirmware - INFO - Flashing ESP32S3 Firmware = Flash will be erased from 0x0000c000 to 0x0000cfff...
2024-10-01 09:21:43,897 - components.flashFirmware.flashFirmware - INFO - Flashing ESP32S3 Firmware = Flash will be erased from 0x0001e000 to 0x0001ffff...
2024-10-01 09:21:43,897 - components.flashFirmware.flashFirmware - INFO - Flashing ESP32S3 Firmware = Flash will be erased from 0x001f0000 to 0x0038afff...
2024-10-01 09:21:43,897 - components.flashFirmware.flashFirmware - INFO - Flashing ESP32S3 Firmware = Compressed 21136 bytes to 13136...
2024-10-01 09:21:43,897 - components.flashFirmware.flashFirmware - INFO - Flashing ESP32S3 Firmware = Writing at 0x00000000... (100 %)
2024-10-01 09:21:44,440 - components.flashFirmware.flashFirmware - INFO - Flashing ESP32S3 Firmware = Wrote 21136 bytes (13136 compressed) at 0x00000000 in 0.5 seconds (effective 352.4 kbit/s)...
2024-10-01 09:21:44,440 - components.flashFirmware.flashFirmware - INFO - Flashing ESP32S3 Firmware = Hash of data verified.
2024-10-01 09:21:44,440 - components.flashFirmware.flashFirmware - INFO - Flashing ESP32S3 Firmware = Compressed 3072 bytes to 270...
2024-10-01 09:21:44,440 - components.flashFirmware.flashFirmware - INFO - Flashing ESP32S3 Firmware = Writing at 0x0000c000... (100 %)
2024-10-01 09:21:44,504 - components.flashFirmware.flashFirmware - INFO - Flashing ESP32S3 Firmware = Wrote 3072 bytes (270 compressed) at 0x0000c000 in 0.0 seconds (effective 758.1 kbit/s)...
2024-10-01 09:21:44,504 - components.flashFirmware.flashFirmware - INFO - Flashing ESP32S3 Firmware = Hash of data verified.
2024-10-01 09:21:44,504 - components.flashFirmware.flashFirmware - INFO - Flashing ESP32S3 Firmware = Compressed 8192 bytes to 31...
2024-10-01 09:21:44,504 - components.flashFirmware.flashFirmware - INFO - Flashing ESP32S3 Firmware = Writing at 0x0001e000... (100 %)
2024-10-01 09:21:44,664 - components.flashFirmware.flashFirmware - INFO - Flashing ESP32S3 Firmware = Wrote 8192 bytes (31 compressed) at 0x0001e000 in 0.0 seconds (effective 1352.7 kbit/s)...
2024-10-01 09:21:44,664 - components.flashFirmware.flashFirmware - INFO - Flashing ESP32S3 Firmware = Hash of data verified.
2024-10-01 09:21:44,664 - components.flashFirmware.flashFirmware - INFO - Flashing ESP32S3 Firmware = Compressed 1682672 bytes to 1062104...
2024-10-01 09:21:44,664 - components.flashFirmware.flashFirmware - INFO - Flashing ESP32S3 Firmware = Writing at 0x001f0000... (1 %)
2024-10-01 09:21:45,031 - components.flashFirmware.flashFirmware - INFO - Flashing ESP32S3 Firmware = Writing at 0x001fc806... (3 %)
2024-10-01 09:21:45,399 - components.flashFirmware.flashFirmware - INFO - Flashing ESP32S3 Firmware = Writing at 0x0020994e... (4 %)
2024-10-01 09:21:45,767 - components.flashFirmware.flashFirmware - INFO - Flashing ESP32S3 Firmware = Writing at 0x00218600... (6 %)
2024-10-01 09:21:46,135 - components.flashFirmware.flashFirmware - INFO - Flashing ESP32S3 Firmware = Writing at 0x00223512... (7 %)
2024-10-01 09:21:46,502 - components.flashFirmware.flashFirmware - INFO - Flashing ESP32S3 Firmware = Writing at 0x0022a505... (9 %)
2024-10-01 09:21:46,871 - components.flashFirmware.flashFirmware - INFO - Flashing ESP32S3 Firmware = Writing at 0x0022f66c... (10 %)
2024-10-01 09:21:47,238 - components.flashFirmware.flashFirmware - INFO - Flashing ESP32S3 Firmware = Writing at 0x0023d5ac... (12 %)
2024-10-01 09:21:47,622 - components.flashFirmware.flashFirmware - INFO - Flashing ESP32S3 Firmware = Writing at 0x00244cdc... (13 %)
2024-10-01 09:21:47,990 - components.flashFirmware.flashFirmware - INFO - Flashing ESP32S3 Firmware = Writing at 0x0024a7f0... (15 %)
2024-10-01 09:21:48,357 - components.flashFirmware.flashFirmware - INFO - Flashing ESP32S3 Firmware = Writing at 0x00250b8c... (16 %)
2024-10-01 09:21:48,725 - components.flashFirmware.flashFirmware - INFO - Flashing ESP32S3 Firmware = Writing at 0x002562d6... (18 %)
2024-10-01 09:21:49,093 - components.flashFirmware.flashFirmware - INFO - Flashing ESP32S3 Firmware = Writing at 0x0025c9dc... (20 %)
2024-10-01 09:21:49,461 - components.flashFirmware.flashFirmware - INFO - Flashing ESP32S3 Firmware = Writing at 0x0026261d... (21 %)
2024-10-01 09:21:49,828 - components.flashFirmware.flashFirmware - INFO - Flashing ESP32S3 Firmware = Writing at 0x00268b3c... (23 %)
2024-10-01 09:21:50,197 - components.flashFirmware.flashFirmware - INFO - Flashing ESP32S3 Firmware = Writing at 0x0026f14a... (24 %)
2024-10-01 09:21:50,564 - components.flashFirmware.flashFirmware - INFO - Flashing ESP32S3 Firmware = Writing at 0x00274cc1... (26 %)
2024-10-01 09:21:50,932 - components.flashFirmware.flashFirmware - INFO - Flashing ESP32S3 Firmware = Writing at 0x0027ae52... (27 %)
2024-10-01 09:21:51,299 - components.flashFirmware.flashFirmware - INFO - Flashing ESP32S3 Firmware = Writing at 0x00280af9... (29 %)
2024-10-01 09:21:51,667 - components.flashFirmware.flashFirmware - INFO - Flashing ESP32S3 Firmware = Writing at 0x0028630f... (30 %)
2024-10-01 09:21:52,035 - components.flashFirmware.flashFirmware - INFO - Flashing ESP32S3 Firmware = Writing at 0x0028c593... (32 %)
2024-10-01 09:21:52,403 - components.flashFirmware.flashFirmware - INFO - Flashing ESP32S3 Firmware = Writing at 0x00292850... (33 %)
2024-10-01 09:21:52,770 - components.flashFirmware.flashFirmware - INFO - Flashing ESP32S3 Firmware = Writing at 0x00297f57... (35 %)
2024-10-01 09:21:53,138 - components.flashFirmware.flashFirmware - INFO - Flashing ESP32S3 Firmware = Writing at 0x0029da76... (36 %)
2024-10-01 09:21:53,506 - components.flashFirmware.flashFirmware - INFO - Flashing ESP32S3 Firmware = Writing at 0x002a3676... (38 %)
2024-10-01 09:21:53,874 - components.flashFirmware.flashFirmware - INFO - Flashing ESP32S3 Firmware = Writing at 0x002a9198... (40 %)
2024-10-01 09:21:54,241 - components.flashFirmware.flashFirmware - INFO - Flashing ESP32S3 Firmware = Writing at 0x002aeb31... (41 %)
2024-10-01 09:21:54,609 - components.flashFirmware.flashFirmware - INFO - Flashing ESP32S3 Firmware = Writing at 0x002b464b... (43 %)
2024-10-01 09:21:54,977 - components.flashFirmware.flashFirmware - INFO - Flashing ESP32S3 Firmware = Writing at 0x002b9ee2... (44 %)
2024-10-01 09:21:55,345 - components.flashFirmware.flashFirmware - INFO - Flashing ESP32S3 Firmware = Writing at 0x002bf595... (46 %)
2024-10-01 09:21:55,712 - components.flashFirmware.flashFirmware - INFO - Flashing ESP32S3 Firmware = Writing at 0x002c48e2... (47 %)
2024-10-01 09:21:56,080 - components.flashFirmware.flashFirmware - INFO - Flashing ESP32S3 Firmware = Writing at 0x002c9b46... (49 %)
2024-10-01 09:21:56,448 - components.flashFirmware.flashFirmware - INFO - Flashing ESP32S3 Firmware = Writing at 0x002cf0be... (50 %)
2024-10-01 09:21:56,816 - components.flashFirmware.flashFirmware - INFO - Flashing ESP32S3 Firmware = Writing at 0x002d4638... (52 %)
2024-10-01 09:21:57,183 - components.flashFirmware.flashFirmware - INFO - Flashing ESP32S3 Firmware = Writing at 0x002d97bc... (53 %)
2024-10-01 09:21:57,551 - components.flashFirmware.flashFirmware - INFO - Flashing ESP32S3 Firmware = Writing at 0x002de7cf... (55 %)
2024-10-01 09:21:57,919 - components.flashFirmware.flashFirmware - INFO - Flashing ESP32S3 Firmware = Writing at 0x002e38b4... (56 %)
2024-10-01 09:21:58,287 - components.flashFirmware.flashFirmware - INFO - Flashing ESP32S3 Firmware = Writing at 0x002e8925... (58 %)
2024-10-01 09:21:58,655 - components.flashFirmware.flashFirmware - INFO - Flashing ESP32S3 Firmware = Writing at 0x002edbf0... (60 %)
2024-10-01 09:21:59,022 - components.flashFirmware.flashFirmware - INFO - Flashing ESP32S3 Firmware = Writing at 0x002f30fa... (61 %)
2024-10-01 09:21:59,390 - components.flashFirmware.flashFirmware - INFO - Flashing ESP32S3 Firmware = Writing at 0x002f8a7d... (63 %)
2024-10-01 09:21:59,758 - components.flashFirmware.flashFirmware - INFO - Flashing ESP32S3 Firmware = Writing at 0x002fe184... (64 %)
2024-10-01 09:22:00,126 - components.flashFirmware.flashFirmware - INFO - Flashing ESP32S3 Firmware = Writing at 0x00303240... (66 %)
2024-10-01 09:22:00,493 - components.flashFirmware.flashFirmware - INFO - Flashing ESP32S3 Firmware = Writing at 0x003089e4... (67 %)
2024-10-01 09:22:00,861 - components.flashFirmware.flashFirmware - INFO - Flashing ESP32S3 Firmware = Writing at 0x0030e0d0... (69 %)
2024-10-01 09:22:01,229 - components.flashFirmware.flashFirmware - INFO - Flashing ESP32S3 Firmware = Writing at 0x00313fce... (70 %)
2024-10-01 09:22:01,597 - components.flashFirmware.flashFirmware - INFO - Flashing ESP32S3 Firmware = Writing at 0x00319c9c... (72 %)
2024-10-01 09:22:01,964 - components.flashFirmware.flashFirmware - INFO - Flashing ESP32S3 Firmware = Writing at 0x0031f658... (73 %)
2024-10-01 09:22:02,332 - components.flashFirmware.flashFirmware - INFO - Flashing ESP32S3 Firmware = Writing at 0x00324ab9... (75 %)
2024-10-01 09:22:02,700 - components.flashFirmware.flashFirmware - INFO - Flashing ESP32S3 Firmware = Writing at 0x0032a0e6... (76 %)
2024-10-01 09:22:03,068 - components.flashFirmware.flashFirmware - INFO - Flashing ESP32S3 Firmware = Writing at 0x0032f70f... (78 %)
2024-10-01 09:22:03,436 - components.flashFirmware.flashFirmware - INFO - Flashing ESP32S3 Firmware = Writing at 0x00334c0f... (80 %)
2024-10-01 09:22:03,803 - components.flashFirmware.flashFirmware - INFO - Flashing ESP32S3 Firmware = Writing at 0x0033a638... (81 %)
2024-10-01 09:22:04,171 - components.flashFirmware.flashFirmware - INFO - Flashing ESP32S3 Firmware = Writing at 0x0033fdfc... (83 %)
2024-10-01 09:22:04,539 - components.flashFirmware.flashFirmware - INFO - Flashing ESP32S3 Firmware = Writing at 0x003450e6... (84 %)
2024-10-01 09:22:04,906 - components.flashFirmware.flashFirmware - INFO - Flashing ESP32S3 Firmware = Writing at 0x0034a665... (86 %)
2024-10-01 09:22:05,274 - components.flashFirmware.flashFirmware - INFO - Flashing ESP32S3 Firmware = Writing at 0x0035025c... (87 %)
2024-10-01 09:22:05,642 - components.flashFirmware.flashFirmware - INFO - Flashing ESP32S3 Firmware = Writing at 0x00356107... (89 %)
2024-10-01 09:22:06,010 - components.flashFirmware.flashFirmware - INFO - Flashing ESP32S3 Firmware = Writing at 0x00360972... (90 %)
2024-10-01 09:22:06,377 - components.flashFirmware.flashFirmware - INFO - Flashing ESP32S3 Firmware = Writing at 0x00369015... (92 %)
2024-10-01 09:22:06,745 - components.flashFirmware.flashFirmware - INFO - Flashing ESP32S3 Firmware = Writing at 0x0036f1ac... (93 %)
2024-10-01 09:22:07,113 - components.flashFirmware.flashFirmware - INFO - Flashing ESP32S3 Firmware = Writing at 0x003753cd... (95 %)
2024-10-01 09:22:07,481 - components.flashFirmware.flashFirmware - INFO - Flashing ESP32S3 Firmware = Writing at 0x0037abd9... (96 %)
2024-10-01 09:22:07,848 - components.flashFirmware.flashFirmware - INFO - Flashing ESP32S3 Firmware = Writing at 0x00380431... (98 %)
2024-10-01 09:22:08,216 - components.flashFirmware.flashFirmware - INFO - Flashing ESP32S3 Firmware = Writing at 0x0038637a... (100 %)
2024-10-01 09:22:11,597 - components.flashFirmware.flashFirmware - INFO - Flashing ESP32S3 Firmware = Wrote 1682672 bytes (1062104 compressed) at 0x001f0000 in 24.1 seconds (effective 559.4 kbit/s)...
2024-10-01 09:22:11,597 - components.flashFirmware.flashFirmware - INFO - Flashing ESP32S3 Firmware = Hash of data verified.
2024-10-01 09:22:11,597 - components.flashFirmware.flashFirmware - INFO - Flashing ESP32S3 Firmware = 
2024-10-01 09:22:11,597 - components.flashFirmware.flashFirmware - INFO - Flashing ESP32S3 Firmware = Leaving...
2024-10-01 09:22:11,598 - components.flashFirmware.flashFirmware - INFO - Flashing ESP32S3 Firmware = Hard resetting via RTS pin...
2024-10-01 09:22:11,598 - components.flashFirmware.flashFirmware - INFO - Flashing ESP32S3 Firmware Complete
2024-10-01 09:22:11,605 - components.flashFirmware.flashFirmware - INFO - Flashing ESP32S3 Firmware Completed
2024-10-01 09:22:12,607 - __main__ - INFO - Flashing esp32s3 certificate
2024-10-01 09:22:12,607 - __main__ - INFO - Flashing esp32s3 certificate, Port: /dev/ttyUSB0, Baud: 460800
2024-10-01 09:22:12,607 - __main__ - INFO - ESP32S3 Secure Cert Partition Address: 0xD000
2024-10-01 09:22:12,607 - __main__ - INFO - ESP32S3 Data Provider Partition Address: 0x60000
2024-10-01 09:22:12,607 - __main__ - INFO - ESP32S3 DAC Use ESPTOOL: True
2024-10-01 09:22:12,607 - components.flashCert.flashCert - DEBUG - Cert file path: /home/anuarrozman2303/Airdroitech/FactoryApp_Merge/FlashingTool/certs/A09000500/espsecurecert/out/146d_1/dc19b802-47e1-4c5b-bf01-5279442482fc/dc19b802-47e1-4c5b-bf01-5279442482fc_esp_secure_cert.bin
2024-10-01 09:22:12,607 - components.flashCert.flashCert - INFO - Flashing certificate with cert-id: /home/anuarrozman2303/Airdroitech/FactoryApp_Merge/FlashingTool/certs/A09000500/espsecurecert/out/146d_1/dc19b802-47e1-4c5b-bf01-5279442482fc/dc19b802-47e1-4c5b-bf01-5279442482fc_esp_secure_cert.bin on port /dev/ttyUSB0
2024-10-01 09:22:12,607 - components.flashCert.flashCert - DEBUG - ESP Secure Cert /home/anuarrozman2303/Airdroitech/FactoryApp_Merge/FlashingTool/certs/A09000500/espsecurecert/out/146d_1/dc19b802-47e1-4c5b-bf01-5279442482fc/dc19b802-47e1-4c5b-bf01-5279442482fc_esp_secure_cert.bin on port /dev/ttyUSB0...
2024-10-01 09:22:12,607 - components.flashCert.flashCert - DEBUG - Certify Process: Flashing cert with bin_path: /home/anuarrozman2303/Airdroitech/FactoryApp_Merge/FlashingTool/certs/A09000500/espsecurecert/out/146d_1/dc19b802-47e1-4c5b-bf01-5279442482fc/dc19b802-47e1-4c5b-bf01-5279442482fc_esp_secure_cert.bin and part_bin_path: /home/anuarrozman2303/Airdroitech/FactoryApp_Merge/FlashingTool/certs/A09000500/espsecurecert/out/146d_1/dc19b802-47e1-4c5b-bf01-5279442482fc/dc19b802-47e1-4c5b-bf01-5279442482fc-partition.bin
2024-10-01 09:22:12,607 - components.flashCert.flashCert - INFO - Flashing ESP32S3 Cert with command: source /usr/src/app/esp/esp-idf/export.sh
esptool.py -p /dev/ttyUSB0 -b 460800 write_flash 0xD000 /home/anuarrozman2303/Airdroitech/FactoryApp_Merge/FlashingTool/certs/A09000500/espsecurecert/out/146d_1/dc19b802-47e1-4c5b-bf01-5279442482fc/dc19b802-47e1-4c5b-bf01-5279442482fc_esp_secure_cert.bin 0x60000 /home/anuarrozman2303/Airdroitech/FactoryApp_Merge/FlashingTool/certs/A09000500/espsecurecert/out/146d_1/dc19b802-47e1-4c5b-bf01-5279442482fc/dc19b802-47e1-4c5b-bf01-5279442482fc-partition.bin

2024-10-01 09:22:12,608 - components.flashCert.flashCert - INFO - Flashing ESP32S3 Cert = /bin/bash: line 1: /usr/src/app/esp/esp-idf/export.sh: No such file or directory
2024-10-01 09:22:12,651 - components.flashCert.flashCert - INFO - Flashing ESP32S3 Cert = esptool.py v4.7.0
2024-10-01 09:22:12,651 - components.flashCert.flashCert - INFO - Flashing ESP32S3 Cert = Serial port /dev/ttyUSB0
2024-10-01 09:22:14,266 - components.flashCert.flashCert - INFO - Flashing ESP32S3 Cert = Connecting....
2024-10-01 09:22:14,266 - components.flashCert.flashCert - INFO - Flashing ESP32S3 Cert = Detecting chip type... ESP32-S3
2024-10-01 09:22:14,266 - components.flashCert.flashCert - INFO - Flashing ESP32S3 Cert = Chip is ESP32-S3 (QFN56) (revision v0.1)
2024-10-01 09:22:14,266 - components.flashCert.flashCert - INFO - Flashing ESP32S3 Cert = Features: WiFi, BLE
2024-10-01 09:22:14,266 - components.flashCert.flashCert - INFO - Flashing ESP32S3 Cert = Crystal is 40MHz
2024-10-01 09:22:14,266 - components.flashCert.flashCert - INFO - Flashing ESP32S3 Cert = MAC: 34:85:18:50:fa:94
2024-10-01 09:22:14,266 - components.flashCert.flashCert - INFO - Flashing ESP32S3 Cert = Uploading stub...
2024-10-01 09:22:14,266 - components.flashCert.flashCert - INFO - Flashing ESP32S3 Cert = Running stub...
2024-10-01 09:22:14,266 - components.flashCert.flashCert - INFO - Flashing ESP32S3 Cert = Stub running...
2024-10-01 09:22:14,266 - components.flashCert.flashCert - INFO - Flashing ESP32S3 Cert = Changing baud rate to 460800
2024-10-01 09:22:14,266 - components.flashCert.flashCert - INFO - Flashing ESP32S3 Cert = Changed.
2024-10-01 09:22:14,266 - components.flashCert.flashCert - INFO - Flashing ESP32S3 Cert = Configuring flash size...
2024-10-01 09:22:14,266 - components.flashCert.flashCert - INFO - Flashing ESP32S3 Cert = Flash will be erased from 0x0000d000 to 0x0000efff...
2024-10-01 09:22:14,266 - components.flashCert.flashCert - INFO - Flashing ESP32S3 Cert = Flash will be erased from 0x00060000 to 0x00065fff...
2024-10-01 09:22:14,266 - components.flashCert.flashCert - INFO - Flashing ESP32S3 Cert = Compressed 8192 bytes to 773...
2024-10-01 09:22:14,267 - components.flashCert.flashCert - INFO - Flashing ESP32S3 Cert = Writing at 0x0000d000... (100 %)
2024-10-01 09:22:14,378 - components.flashCert.flashCert - INFO - Flashing ESP32S3 Cert = Wrote 8192 bytes (773 compressed) at 0x0000d000 in 0.1 seconds (effective 818.8 kbit/s)...
2024-10-01 09:22:14,378 - components.flashCert.flashCert - INFO - Flashing ESP32S3 Cert = Hash of data verified.
2024-10-01 09:22:14,378 - components.flashCert.flashCert - INFO - Flashing ESP32S3 Cert = Compressed 24576 bytes to 934...
2024-10-01 09:22:14,378 - components.flashCert.flashCert - INFO - Flashing ESP32S3 Cert = Writing at 0x00060000... (100 %)
2024-10-01 09:22:14,739 - components.flashCert.flashCert - INFO - Flashing ESP32S3 Cert = Wrote 24576 bytes (934 compressed) at 0x00060000 in 0.2 seconds (effective 1118.9 kbit/s)...
2024-10-01 09:22:14,739 - components.flashCert.flashCert - INFO - Flashing ESP32S3 Cert = Hash of data verified.
2024-10-01 09:22:14,739 - components.flashCert.flashCert - INFO - Flashing ESP32S3 Cert = 
2024-10-01 09:22:14,739 - components.flashCert.flashCert - INFO - Flashing ESP32S3 Cert = Leaving...
2024-10-01 09:22:14,739 - components.flashCert.flashCert - INFO - Flashing ESP32S3 Cert = Hard resetting via RTS pin...
2024-10-01 09:22:14,739 - components.flashCert.flashCert - INFO - Flashing ESP32S3 Cert Complete
2024-10-01 09:22:14,749 - components.flashCert.flashCert - INFO - FlashCert, Create New/Updata Database Start
2024-10-01 09:22:14,749 - components.flashCert.flashCert - DEBUG - Updating status for certId /home/anuarrozman2303/Airdroitech/FactoryApp_Merge/FlashingTool/certs/A09000500/espsecurecert/out/146d_1/dc19b802-47e1-4c5b-bf01-5279442482fc/dc19b802-47e1-4c5b-bf01-5279442482fc_esp_secure_cert.bin
2024-10-01 09:22:14,749 - components.flashCert.flashCert - DEBUG - Filtered certId =  esp-secure-cert-partition: dc19b802-47e1-4c5b-bf01-5279442482fc_esp_secure_cert.bin
2024-10-01 09:22:14,749 - components.flashCert.flashCert - DEBUG - Filtered macAddress =  mac-address: 34:85:18:50:fa:94
2024-10-01 09:22:14,749 - components.flashCert.flashCert - DEBUG - Reading file: /home/anuarrozman2303/Airdroitech/FactoryApp_Merge/FlashingTool/device_data.txt
2024-10-01 09:22:14,749 - components.flashCert.flashCert - INFO - Found in database =  mac-address: 34:85:18:50:fa:94
2024-10-01 09:22:14,749 - components.flashCert.flashCert - INFO - FlashCert, Create New/Updata Database End
2024-10-01 09:22:14,759 - __main__ - INFO - Test 1 Completed
2024-10-01 09:22:15,363 - __main__ - INFO - Test 2 Start
2024-10-01 09:22:15,363 - __main__ - INFO - Entering factory mode
2024-10-01 09:22:15,364 - __main__ - INFO - Reset Factory Mode Flag
2024-10-01 09:22:15,364 - __main__ - INFO - Open esp32s3 Factory Port
2024-10-01 09:22:15,364 - __main__ - INFO - factory Port: /dev/ttyUSB1, Baud: 115200
2024-10-01 09:22:15,364 - components.serialCom.serialCom - DEBUG - Opening port /dev/ttyUSB1 at 115200 baud
2024-10-01 09:22:15,368 - components.serialCom.serialCom - INFO - Opened port /dev/ttyUSB1 at 115200 baud
2024-10-01 09:22:15,368 - __main__ - INFO - Reboot esp32s3 and esp32h2
2024-10-01 09:22:15,368 - __main__ - INFO - Reboot esp32s3, Port: /dev/ttyUSB0, Baud: 460800
2024-10-01 09:22:15,368 - __main__ - INFO - Reboot esp32h2, Port: /dev/ttyUSB2, Baud: 115200
2024-10-01 09:22:15,368 - components.flashFirmware.flashFirmware - INFO - Reset ESP32H2: source /usr/src/app/esp/esp-idf/export.sh
esptool.py -p /dev/ttyUSB2 -b 115200 run

2024-10-01 09:22:15,369 - components.flashFirmware.flashFirmware - INFO - Reset ESP32H2 = /bin/bash: line 1: /usr/src/app/esp/esp-idf/export.sh: No such file or directory
2024-10-01 09:22:15,411 - components.flashFirmware.flashFirmware - INFO - Reset ESP32H2 = esptool.py v4.7.0
2024-10-01 09:22:15,411 - components.flashFirmware.flashFirmware - INFO - Reset ESP32H2 = Serial port /dev/ttyUSB2
2024-10-01 09:22:16,428 - components.flashFirmware.flashFirmware - INFO - Reset ESP32H2 = Connecting....
2024-10-01 09:22:16,428 - components.flashFirmware.flashFirmware - INFO - Reset ESP32H2 = Detecting chip type... ESP32-H2
2024-10-01 09:22:16,428 - components.flashFirmware.flashFirmware - INFO - Reset ESP32H2 = Chip is ESP32-H2 (revision v0.1)
2024-10-01 09:22:16,428 - components.flashFirmware.flashFirmware - INFO - Reset ESP32H2 = Features: BLE, IEEE802.15.4
2024-10-01 09:22:16,428 - components.flashFirmware.flashFirmware - INFO - Reset ESP32H2 = Crystal is 32MHz
2024-10-01 09:22:16,428 - components.flashFirmware.flashFirmware - INFO - Reset ESP32H2 = MAC: 48:31:b7:ff:fe:c0:19:80
2024-10-01 09:22:16,429 - components.flashFirmware.flashFirmware - INFO - Reset ESP32H2 = BASE MAC: 48:31:b7:c0:19:80
2024-10-01 09:22:16,429 - components.flashFirmware.flashFirmware - INFO - Reset ESP32H2 = MAC_EXT: ff:fe
2024-10-01 09:22:16,429 - components.flashFirmware.flashFirmware - INFO - Reset ESP32H2 = Uploading stub...
2024-10-01 09:22:16,429 - components.flashFirmware.flashFirmware - INFO - Reset ESP32H2 = Running stub...
2024-10-01 09:22:16,429 - components.flashFirmware.flashFirmware - INFO - Reset ESP32H2 = Stub running...
2024-10-01 09:22:16,429 - components.flashFirmware.flashFirmware - INFO - Reset ESP32H2 = Hard resetting via RTS pin...
2024-10-01 09:22:16,436 - components.flashFirmware.flashFirmware - INFO - Reset ESP32S3: source /usr/src/app/esp/esp-idf/export.sh
openocd -f /home/airdroitech/.espressif/tools/openocd-esp32/v0.12.0-esp32-20240318/openocd-esp32/share/openocd/scripts/interface/esp_usb_jtag.cfg -f /home/airdroitech/.espressif/tools/openocd-esp32/v0.12.0-esp32-20240318/openocd-esp32/share/openocd/scripts/board/esp32s3-builtin.cfg --command 'init; reset run; exit'

2024-10-01 09:22:16,437 - components.flashFirmware.flashFirmware - INFO - Reset ESP32S3 = /bin/bash: line 1: /usr/src/app/esp/esp-idf/export.sh: No such file or directory
2024-10-01 09:22:16,437 - components.flashFirmware.flashFirmware - INFO - Reset ESP32S3 = /bin/bash: line 2: openocd: command not found
2024-10-01 09:22:16,437 - __main__ - INFO - Start Wait 3
2024-10-01 09:22:19,438 - __main__ - INFO - Finish Wait 3
2024-10-01 09:22:20,439 - __main__ - INFO - Read MAC Address
2024-10-01 09:22:20,440 - __main__ - DEBUG - SerialCom, Sent: FF:3;MAC?
2024-10-01 09:22:20,440 - __main__ - INFO - Read MAC Address Command: FF:3;MAC?
2024-10-01 09:22:20,440 - __main__ - INFO - Reference MAC Address: 34:85:18:50:fa:94
2024-10-01 09:22:23,440 - __main__ - INFO - Read MAC Address: Failed
2024-10-01 09:22:23,441 - components.serialCom.serialCom - INFO - Close Serial Port
2024-10-01 09:22:23,441 - components.serialCom.serialCom - DEBUG - Close Port
2024-10-01 09:22:23,497 - components.serialCom.serialCom - ERROR - Exception in read_serial_data: 'NoneType' object cannot be interpreted as an integer
2024-10-01 09:22:23,497 - components.serialCom.serialCom - INFO - Exit Serial Com Loop
2024-10-01 09:22:23,497 - components.serialCom.serialCom - INFO - Serial Com Thread End
2024-10-01 09:22:33,843 - components.serialCom.serialCom - INFO - Close Serial Port
2024-10-01 09:22:33,843 - components.serialCom.serialCom - DEBUG - Port is not open.
