2024-10-02 10:22:48,752 - __main__ - INFO - Factory App Version: 0.0.1
2024-10-02 10:22:48,752 - __main__ - INFO - Test 1 Start
2024-10-02 10:22:48,753 - __main__ - INFO - Below are information extracted based on ESP32S3 MAC Address
2024-10-02 10:22:48,753 - __main__ - INFO - order-no: hand-sample
2024-10-02 10:22:48,753 - __main__ - INFO -  mac-address: 34:85:18:50:fa:94
2024-10-02 10:22:48,753 - __main__ - INFO -  serial-id: A09000500
2024-10-02 10:22:48,753 - __main__ - INFO -  cert-id: Polyaire-DAC-0x146D-0x0001-A09000500-Cert
2024-10-02 10:22:48,753 - __main__ - INFO -  esp-secure-cert-partition: dc19b802-47e1-4c5b-bf01-5279442482fc_esp_secure_cert.bin
2024-10-02 10:22:48,753 - __main__ - INFO -  commissionable-data-provider-partition: dc19b802-47e1-4c5b-bf01-5279442482fc-partition.bin
2024-10-02 10:22:48,753 - __main__ - INFO -  qrcode: MT:Y1CA00O6148F-405J10
2024-10-02 10:22:48,753 - __main__ - INFO -  manualcode: 1169-154-3426
2024-10-02 10:22:48,753 - __main__ - INFO -  discriminator: 1428
2024-10-02 10:22:48,753 - __main__ - INFO -  passcode: 71139859
2024-10-02 10:22:48,753 - __main__ - INFO - Read ESP32S3 Mac Address
2024-10-02 10:22:48,753 - components.flashFirmware.flashFirmware - INFO - ESP32S3 MAC Address: 34:85:18:50:fa:94
2024-10-02 10:22:48,753 - components.flashFirmware.flashFirmware - INFO - Get ESP32S3 MAC Address Completed
2024-10-02 10:22:48,753 - __main__ - INFO - Read ESP32H2 MAC Address
2024-10-02 10:22:49,839 - __main__ - INFO - Flashing esp32s3 and esp32h2 firmware
2024-10-02 10:22:49,839 - __main__ - INFO - Erase Flash ESP32S3: True
2024-10-02 10:22:49,839 - __main__ - INFO - Erase Flash ESP32S3 Start Address: 0x0
2024-10-02 10:22:49,839 - __main__ - INFO - Erase Flash ESP32S3 End Address: 0x800000
2024-10-02 10:22:49,839 - __main__ - INFO - Erase Flash ESP32H2: True
2024-10-02 10:22:49,839 - __main__ - INFO - Erase Flash ESP32H2 Start Address: 0x0
2024-10-02 10:22:49,839 - __main__ - INFO - Erase Flash ESP32H2 End Address: 0x400000
2024-10-02 10:22:49,839 - __main__ - INFO - Flashing ESP32S3 firmware, Port: /dev/ttyUSB0, Baud: 460800
2024-10-02 10:22:49,839 - __main__ - INFO - ESP32S3 Bootloader Address: 0x0
2024-10-02 10:22:49,839 - __main__ - INFO - ESP32S3 Partition Table Address: 0xC000
2024-10-02 10:22:49,839 - __main__ - INFO - ESP32S3 OTA Data Initial Address: 0x1E000
2024-10-02 10:22:49,839 - __main__ - INFO - ESP32S3 Firmware Address: 0x1F0000
2024-10-02 10:22:49,839 - __main__ - INFO - ESP32S3 Use ESPTOOL: True
2024-10-02 10:22:49,839 - __main__ - INFO - Flashing ESP32H2 firmware, Port: /dev/ttyUSB2, Baud: 115200
2024-10-02 10:22:49,839 - __main__ - INFO - ESP32H2 Bootloader Address: 0x0
2024-10-02 10:22:49,839 - __main__ - INFO - ESP32H2 Partition Table Address: 0x8000
2024-10-02 10:22:49,839 - __main__ - INFO - ESP32H2 Firmware Address: 0x10000
2024-10-02 10:22:49,839 - __main__ - INFO - ESP32H2 Use ESPTOOL: True
2024-10-02 10:22:49,840 - components.flashFirmware.flashFirmware - INFO - Erase Flash ESP32S3: esptool.py --chip esp32s3 -p /dev/ttyUSB0 -b 460800 erase_region 0x0 0x800000

2024-10-02 10:22:49,840 - components.flashFirmware.flashFirmware - INFO - Erase Flash ESP32H2: esptool.py --chip esp32h2 -p /dev/ttyUSB2 -b 115200 erase_flash

2024-10-02 10:22:49,897 - components.flashFirmware.flashFirmware - INFO - Erase Flash ESP32S3 = esptool.py v4.7.0
2024-10-02 10:22:49,897 - components.flashFirmware.flashFirmware - INFO - Erase Flash ESP32S3 = Serial port /dev/ttyUSB0
2024-10-02 10:22:49,897 - components.flashFirmware.flashFirmware - INFO - Erase Flash ESP32H2 = esptool.py v4.7.0
2024-10-02 10:22:49,897 - components.flashFirmware.flashFirmware - INFO - Erase Flash ESP32H2 = Serial port /dev/ttyUSB2
2024-10-02 10:22:51,568 - components.flashFirmware.flashFirmware - INFO - Erase Flash ESP32H2 = Connecting....
2024-10-02 10:22:51,568 - components.flashFirmware.flashFirmware - INFO - Erase Flash ESP32H2 = Chip is ESP32-H2 (revision v0.1)
2024-10-02 10:22:51,568 - components.flashFirmware.flashFirmware - INFO - Erase Flash ESP32H2 = Features: BLE, IEEE802.15.4
2024-10-02 10:22:51,568 - components.flashFirmware.flashFirmware - INFO - Erase Flash ESP32H2 = Crystal is 32MHz
2024-10-02 10:22:51,568 - components.flashFirmware.flashFirmware - INFO - Erase Flash ESP32H2 = MAC: 48:31:b7:ff:fe:c0:19:80
2024-10-02 10:22:51,569 - components.flashFirmware.flashFirmware - INFO - Erase Flash ESP32H2 = BASE MAC: 48:31:b7:c0:19:80
2024-10-02 10:22:51,569 - components.flashFirmware.flashFirmware - INFO - Erase Flash ESP32H2 = MAC_EXT: ff:fe
2024-10-02 10:22:51,569 - components.flashFirmware.flashFirmware - INFO - Erase Flash ESP32H2 = Uploading stub...
2024-10-02 10:22:51,569 - components.flashFirmware.flashFirmware - INFO - Erase Flash ESP32H2 = Running stub...
2024-10-02 10:22:51,569 - components.flashFirmware.flashFirmware - INFO - Erase Flash ESP32H2 = Stub running...
2024-10-02 10:22:51,569 - components.flashFirmware.flashFirmware - INFO - Erase Flash ESP32H2 = Erasing flash (this may take a while)...
2024-10-02 10:22:51,569 - components.flashFirmware.flashFirmware - INFO - Erase Flash ESP32H2 = Chip erase completed successfully in 0.7s
2024-10-02 10:22:51,569 - components.flashFirmware.flashFirmware - INFO - Erase Flash ESP32H2 Complete
2024-10-02 10:22:51,569 - components.flashFirmware.flashFirmware - INFO - Erase Flash ESP32H2 = Hard resetting via RTS pin...
2024-10-02 10:22:56,760 - components.flashFirmware.flashFirmware - INFO - Erase Flash ESP32S3 = Connecting....
2024-10-02 10:22:56,760 - components.flashFirmware.flashFirmware - INFO - Erase Flash ESP32S3 = Chip is ESP32-S3 (QFN56) (revision v0.1)
2024-10-02 10:22:56,760 - components.flashFirmware.flashFirmware - INFO - Erase Flash ESP32S3 = Features: WiFi, BLE
2024-10-02 10:22:56,760 - components.flashFirmware.flashFirmware - INFO - Erase Flash ESP32S3 = Crystal is 40MHz
2024-10-02 10:22:56,760 - components.flashFirmware.flashFirmware - INFO - Erase Flash ESP32S3 = MAC: 34:85:18:50:fa:94
2024-10-02 10:22:56,760 - components.flashFirmware.flashFirmware - INFO - Erase Flash ESP32S3 = Uploading stub...
2024-10-02 10:22:56,760 - components.flashFirmware.flashFirmware - INFO - Erase Flash ESP32S3 = Running stub...
2024-10-02 10:22:56,760 - components.flashFirmware.flashFirmware - INFO - Erase Flash ESP32S3 = Stub running...
2024-10-02 10:22:56,760 - components.flashFirmware.flashFirmware - INFO - Erase Flash ESP32S3 = Changing baud rate to 460800
2024-10-02 10:22:56,760 - components.flashFirmware.flashFirmware - INFO - Erase Flash ESP32S3 = Changed.
2024-10-02 10:22:56,760 - components.flashFirmware.flashFirmware - INFO - Erase Flash ESP32S3 = Erasing region (may be slow depending on size)...
2024-10-02 10:22:56,760 - components.flashFirmware.flashFirmware - INFO - Erase Flash ESP32S3 = Erase completed successfully in 5.2 seconds.
2024-10-02 10:22:56,760 - components.flashFirmware.flashFirmware - INFO - Erase Flash ESP32S3 = Hard resetting via RTS pin...
2024-10-02 10:22:57,767 - components.flashFirmware.flashFirmware - INFO - Flashing ESP32H2 Firmware: esptool.py --chip esp32h2 -p /dev/ttyUSB2 -b 115200 write_flash 0x0 /home/anuarrozman2303/Airdroitech/FactoryApp_Merge/FlashingTool/firmware/h2/bootloader.bin 0x8000 /home/anuarrozman2303/Airdroitech/FactoryApp_Merge/FlashingTool/firmware/h2/partition-table.bin 0x10000 /home/anuarrozman2303/Airdroitech/FactoryApp_Merge/FlashingTool/firmware/h2/ATIR_H2.bin

2024-10-02 10:22:57,767 - components.flashFirmware.flashFirmware - INFO - Flashing ESP32S3 Firmware: esptool.py --chip esp32s3 -p /dev/ttyUSB0 -b 460800 write_flash 0x0 /home/anuarrozman2303/Airdroitech/FactoryApp_Merge/FlashingTool/firmware/s3/bootloader.bin 0xC000 /home/anuarrozman2303/Airdroitech/FactoryApp_Merge/FlashingTool/firmware/s3/partition-table.bin 0x1E000 /home/anuarrozman2303/Airdroitech/FactoryApp_Merge/FlashingTool/firmware/s3/ota_data_initial.bin 0x1F0000 /home/anuarrozman2303/Airdroitech/FactoryApp_Merge/FlashingTool/firmware/s3/ARCHIVE/partitions_8MB_TBR/v1_0_0-20240717-rc1.bin

2024-10-02 10:22:57,814 - components.flashFirmware.flashFirmware - INFO - Flashing ESP32S3 Firmware = esptool.py v4.7.0
2024-10-02 10:22:57,814 - components.flashFirmware.flashFirmware - INFO - Flashing ESP32S3 Firmware = Serial port /dev/ttyUSB0
2024-10-02 10:22:57,815 - components.flashFirmware.flashFirmware - INFO - Flashing ESP32H2 Firmware = esptool.py v4.7.0
2024-10-02 10:22:57,815 - components.flashFirmware.flashFirmware - INFO - Flashing ESP32H2 Firmware = Serial port /dev/ttyUSB2
2024-10-02 10:22:58,756 - components.flashFirmware.flashFirmware - INFO - Flashing ESP32H2 Firmware = Connecting....
2024-10-02 10:22:58,756 - components.flashFirmware.flashFirmware - INFO - Flashing ESP32H2 Firmware = Chip is ESP32-H2 (revision v0.1)
2024-10-02 10:22:58,756 - components.flashFirmware.flashFirmware - INFO - Flashing ESP32H2 Firmware = Features: BLE, IEEE802.15.4
2024-10-02 10:22:58,756 - components.flashFirmware.flashFirmware - INFO - Flashing ESP32H2 Firmware = Crystal is 32MHz
2024-10-02 10:22:58,756 - components.flashFirmware.flashFirmware - INFO - Flashing ESP32H2 Firmware = MAC: 48:31:b7:ff:fe:c0:19:80
2024-10-02 10:22:58,756 - components.flashFirmware.flashFirmware - INFO - Flashing ESP32H2 Firmware = BASE MAC: 48:31:b7:c0:19:80
2024-10-02 10:22:58,756 - components.flashFirmware.flashFirmware - INFO - Flashing ESP32H2 Firmware = MAC_EXT: ff:fe
2024-10-02 10:22:58,756 - components.flashFirmware.flashFirmware - INFO - Flashing ESP32H2 Firmware = Uploading stub...
2024-10-02 10:22:58,756 - components.flashFirmware.flashFirmware - INFO - Flashing ESP32H2 Firmware = Running stub...
2024-10-02 10:22:58,756 - components.flashFirmware.flashFirmware - INFO - Flashing ESP32H2 Firmware = Stub running...
2024-10-02 10:22:58,756 - components.flashFirmware.flashFirmware - INFO - Flashing ESP32H2 Firmware = Configuring flash size...
2024-10-02 10:22:58,756 - components.flashFirmware.flashFirmware - INFO - Flashing ESP32H2 Firmware = Flash will be erased from 0x00000000 to 0x00005fff...
2024-10-02 10:22:58,756 - components.flashFirmware.flashFirmware - INFO - Flashing ESP32H2 Firmware = Flash will be erased from 0x00008000 to 0x00008fff...
2024-10-02 10:22:58,756 - components.flashFirmware.flashFirmware - INFO - Flashing ESP32H2 Firmware = Flash will be erased from 0x00010000 to 0x00040fff...
2024-10-02 10:22:58,756 - components.flashFirmware.flashFirmware - INFO - Flashing ESP32H2 Firmware = Compressed 21424 bytes to 12965...
2024-10-02 10:22:58,756 - components.flashFirmware.flashFirmware - INFO - Flashing ESP32H2 Firmware = Writing at 0x00000000... (100 %)
2024-10-02 10:22:59,589 - components.flashFirmware.flashFirmware - INFO - Flashing ESP32S3 Firmware = Connecting....
2024-10-02 10:22:59,589 - components.flashFirmware.flashFirmware - INFO - Flashing ESP32S3 Firmware = Chip is ESP32-S3 (QFN56) (revision v0.1)
2024-10-02 10:22:59,589 - components.flashFirmware.flashFirmware - INFO - Flashing ESP32S3 Firmware = Features: WiFi, BLE
2024-10-02 10:22:59,589 - components.flashFirmware.flashFirmware - INFO - Flashing ESP32S3 Firmware = Crystal is 40MHz
2024-10-02 10:22:59,589 - components.flashFirmware.flashFirmware - INFO - Flashing ESP32S3 Firmware = MAC: 34:85:18:50:fa:94
2024-10-02 10:22:59,589 - components.flashFirmware.flashFirmware - INFO - Flashing ESP32S3 Firmware = Uploading stub...
2024-10-02 10:22:59,589 - components.flashFirmware.flashFirmware - INFO - Flashing ESP32S3 Firmware = Running stub...
2024-10-02 10:22:59,589 - components.flashFirmware.flashFirmware - INFO - Flashing ESP32S3 Firmware = Stub running...
2024-10-02 10:22:59,589 - components.flashFirmware.flashFirmware - INFO - Flashing ESP32S3 Firmware = Changing baud rate to 460800
2024-10-02 10:22:59,589 - components.flashFirmware.flashFirmware - INFO - Flashing ESP32S3 Firmware = Changed.
2024-10-02 10:22:59,589 - components.flashFirmware.flashFirmware - INFO - Flashing ESP32S3 Firmware = Configuring flash size...
2024-10-02 10:22:59,589 - components.flashFirmware.flashFirmware - INFO - Flashing ESP32S3 Firmware = Flash will be erased from 0x00000000 to 0x00005fff...
2024-10-02 10:22:59,589 - components.flashFirmware.flashFirmware - INFO - Flashing ESP32S3 Firmware = Flash will be erased from 0x0000c000 to 0x0000cfff...
2024-10-02 10:22:59,589 - components.flashFirmware.flashFirmware - INFO - Flashing ESP32S3 Firmware = Flash will be erased from 0x0001e000 to 0x0001ffff...
2024-10-02 10:22:59,589 - components.flashFirmware.flashFirmware - INFO - Flashing ESP32S3 Firmware = Flash will be erased from 0x001f0000 to 0x0038afff...
2024-10-02 10:22:59,589 - components.flashFirmware.flashFirmware - INFO - Flashing ESP32S3 Firmware = Compressed 21136 bytes to 13136...
2024-10-02 10:22:59,589 - components.flashFirmware.flashFirmware - INFO - Flashing ESP32S3 Firmware = Writing at 0x00000000... (100 %)
2024-10-02 10:23:00,132 - components.flashFirmware.flashFirmware - INFO - Flashing ESP32S3 Firmware = Wrote 21136 bytes (13136 compressed) at 0x00000000 in 0.5 seconds (effective 352.6 kbit/s)...
2024-10-02 10:23:00,132 - components.flashFirmware.flashFirmware - INFO - Flashing ESP32S3 Firmware = Hash of data verified.
2024-10-02 10:23:00,132 - components.flashFirmware.flashFirmware - INFO - Flashing ESP32S3 Firmware = Compressed 3072 bytes to 270...
2024-10-02 10:23:00,132 - components.flashFirmware.flashFirmware - INFO - Flashing ESP32S3 Firmware = Writing at 0x0000c000... (100 %)
2024-10-02 10:23:00,146 - components.flashFirmware.flashFirmware - INFO - Flashing ESP32H2 Firmware = Wrote 21424 bytes (12965 compressed) at 0x00000000 in 1.3 seconds (effective 128.6 kbit/s)...
2024-10-02 10:23:00,146 - components.flashFirmware.flashFirmware - INFO - Flashing ESP32H2 Firmware = Hash of data verified.
2024-10-02 10:23:00,146 - components.flashFirmware.flashFirmware - INFO - Flashing ESP32H2 Firmware = Compressed 3072 bytes to 103...
2024-10-02 10:23:00,146 - components.flashFirmware.flashFirmware - INFO - Flashing ESP32H2 Firmware = Writing at 0x00008000... (100 %)
2024-10-02 10:23:00,196 - components.flashFirmware.flashFirmware - INFO - Flashing ESP32S3 Firmware = Wrote 3072 bytes (270 compressed) at 0x0000c000 in 0.0 seconds (effective 769.0 kbit/s)...
2024-10-02 10:23:00,196 - components.flashFirmware.flashFirmware - INFO - Flashing ESP32S3 Firmware = Hash of data verified.
2024-10-02 10:23:00,196 - components.flashFirmware.flashFirmware - INFO - Flashing ESP32S3 Firmware = Compressed 8192 bytes to 31...
2024-10-02 10:23:00,196 - components.flashFirmware.flashFirmware - INFO - Flashing ESP32S3 Firmware = Writing at 0x0001e000... (100 %)
2024-10-02 10:23:00,211 - components.flashFirmware.flashFirmware - INFO - Flashing ESP32H2 Firmware = Wrote 3072 bytes (103 compressed) at 0x00008000 in 0.0 seconds (effective 620.2 kbit/s)...
2024-10-02 10:23:00,211 - components.flashFirmware.flashFirmware - INFO - Flashing ESP32H2 Firmware = Hash of data verified.
2024-10-02 10:23:00,211 - components.flashFirmware.flashFirmware - INFO - Flashing ESP32H2 Firmware = Compressed 198544 bytes to 102827...
2024-10-02 10:23:00,212 - components.flashFirmware.flashFirmware - INFO - Flashing ESP32H2 Firmware = Writing at 0x00010000... (14 %)
2024-10-02 10:23:00,356 - components.flashFirmware.flashFirmware - INFO - Flashing ESP32S3 Firmware = Wrote 8192 bytes (31 compressed) at 0x0001e000 in 0.0 seconds (effective 1369.0 kbit/s)...
2024-10-02 10:23:00,356 - components.flashFirmware.flashFirmware - INFO - Flashing ESP32S3 Firmware = Hash of data verified.
2024-10-02 10:23:00,356 - components.flashFirmware.flashFirmware - INFO - Flashing ESP32S3 Firmware = Compressed 1682672 bytes to 1062104...
2024-10-02 10:23:00,356 - components.flashFirmware.flashFirmware - INFO - Flashing ESP32S3 Firmware = Writing at 0x001f0000... (1 %)
2024-10-02 10:23:00,724 - components.flashFirmware.flashFirmware - INFO - Flashing ESP32S3 Firmware = Writing at 0x001fc806... (3 %)
2024-10-02 10:23:01,091 - components.flashFirmware.flashFirmware - INFO - Flashing ESP32S3 Firmware = Writing at 0x0020994e... (4 %)
2024-10-02 10:23:01,459 - components.flashFirmware.flashFirmware - INFO - Flashing ESP32S3 Firmware = Writing at 0x00218600... (6 %)
2024-10-02 10:23:01,653 - components.flashFirmware.flashFirmware - INFO - Flashing ESP32H2 Firmware = Writing at 0x0001b22a... (28 %)
2024-10-02 10:23:01,827 - components.flashFirmware.flashFirmware - INFO - Flashing ESP32S3 Firmware = Writing at 0x00223512... (7 %)
2024-10-02 10:23:02,194 - components.flashFirmware.flashFirmware - INFO - Flashing ESP32S3 Firmware = Writing at 0x0022a505... (9 %)
2024-10-02 10:23:02,562 - components.flashFirmware.flashFirmware - INFO - Flashing ESP32S3 Firmware = Writing at 0x0022f66c... (10 %)
2024-10-02 10:23:02,930 - components.flashFirmware.flashFirmware - INFO - Flashing ESP32S3 Firmware = Writing at 0x0023d5ac... (12 %)
2024-10-02 10:23:03,092 - components.flashFirmware.flashFirmware - INFO - Flashing ESP32H2 Firmware = Writing at 0x00021afc... (42 %)
2024-10-02 10:23:03,313 - components.flashFirmware.flashFirmware - INFO - Flashing ESP32S3 Firmware = Writing at 0x00244cdc... (13 %)
2024-10-02 10:23:03,681 - components.flashFirmware.flashFirmware - INFO - Flashing ESP32S3 Firmware = Writing at 0x0024a7f0... (15 %)
2024-10-02 10:23:04,049 - components.flashFirmware.flashFirmware - INFO - Flashing ESP32S3 Firmware = Writing at 0x00250b8c... (16 %)
2024-10-02 10:23:04,416 - components.flashFirmware.flashFirmware - INFO - Flashing ESP32S3 Firmware = Writing at 0x002562d6... (18 %)
2024-10-02 10:23:04,533 - components.flashFirmware.flashFirmware - INFO - Flashing ESP32H2 Firmware = Writing at 0x0002888a... (57 %)
2024-10-02 10:23:04,784 - components.flashFirmware.flashFirmware - INFO - Flashing ESP32S3 Firmware = Writing at 0x0025c9dc... (20 %)
2024-10-02 10:23:05,152 - components.flashFirmware.flashFirmware - INFO - Flashing ESP32S3 Firmware = Writing at 0x0026261d... (21 %)
2024-10-02 10:23:05,520 - components.flashFirmware.flashFirmware - INFO - Flashing ESP32S3 Firmware = Writing at 0x00268b3c... (23 %)
2024-10-02 10:23:05,887 - components.flashFirmware.flashFirmware - INFO - Flashing ESP32S3 Firmware = Writing at 0x0026f14a... (24 %)
2024-10-02 10:23:05,972 - components.flashFirmware.flashFirmware - INFO - Flashing ESP32H2 Firmware = Writing at 0x000303e2... (71 %)
2024-10-02 10:23:06,255 - components.flashFirmware.flashFirmware - INFO - Flashing ESP32S3 Firmware = Writing at 0x00274cc1... (26 %)
2024-10-02 10:23:06,623 - components.flashFirmware.flashFirmware - INFO - Flashing ESP32S3 Firmware = Writing at 0x0027ae52... (27 %)
2024-10-02 10:23:06,990 - components.flashFirmware.flashFirmware - INFO - Flashing ESP32S3 Firmware = Writing at 0x00280af9... (29 %)
2024-10-02 10:23:07,358 - components.flashFirmware.flashFirmware - INFO - Flashing ESP32S3 Firmware = Writing at 0x0028630f... (30 %)
2024-10-02 10:23:07,412 - components.flashFirmware.flashFirmware - INFO - Flashing ESP32H2 Firmware = Writing at 0x00036dd1... (85 %)
2024-10-02 10:23:07,726 - components.flashFirmware.flashFirmware - INFO - Flashing ESP32S3 Firmware = Writing at 0x0028c593... (32 %)
2024-10-02 10:23:08,093 - components.flashFirmware.flashFirmware - INFO - Flashing ESP32S3 Firmware = Writing at 0x00292850... (33 %)
2024-10-02 10:23:08,461 - components.flashFirmware.flashFirmware - INFO - Flashing ESP32S3 Firmware = Writing at 0x00297f57... (35 %)
2024-10-02 10:23:08,829 - components.flashFirmware.flashFirmware - INFO - Flashing ESP32S3 Firmware = Writing at 0x0029da76... (36 %)
2024-10-02 10:23:08,853 - components.flashFirmware.flashFirmware - INFO - Flashing ESP32H2 Firmware = Writing at 0x0003e517... (100 %)
2024-10-02 10:23:09,196 - components.flashFirmware.flashFirmware - INFO - Flashing ESP32S3 Firmware = Writing at 0x002a3676... (38 %)
2024-10-02 10:23:09,564 - components.flashFirmware.flashFirmware - INFO - Flashing ESP32S3 Firmware = Writing at 0x002a9198... (40 %)
2024-10-02 10:23:09,932 - components.flashFirmware.flashFirmware - INFO - Flashing ESP32S3 Firmware = Writing at 0x002aeb31... (41 %)
2024-10-02 10:23:09,953 - components.flashFirmware.flashFirmware - INFO - Flashing ESP32H2 Firmware = Wrote 198544 bytes (102827 compressed) at 0x00010000 in 9.2 seconds (effective 172.5 kbit/s)...
2024-10-02 10:23:09,954 - components.flashFirmware.flashFirmware - INFO - Flashing ESP32H2 Firmware = Hash of data verified.
2024-10-02 10:23:09,954 - components.flashFirmware.flashFirmware - INFO - Flashing ESP32H2 Firmware = 
2024-10-02 10:23:09,954 - components.flashFirmware.flashFirmware - INFO - Flashing ESP32H2 Firmware = Leaving...
2024-10-02 10:23:09,954 - components.flashFirmware.flashFirmware - INFO - Flashing ESP32H2 Firmware = Hard resetting via RTS pin...
2024-10-02 10:23:09,954 - components.flashFirmware.flashFirmware - INFO - Flashing ESP32H2 Firmware Complete
2024-10-02 10:23:09,959 - components.flashFirmware.flashFirmware - INFO - Flashing ESP32H2 Firmware Completed
2024-10-02 10:23:10,299 - components.flashFirmware.flashFirmware - INFO - Flashing ESP32S3 Firmware = Writing at 0x002b464b... (43 %)
2024-10-02 10:23:10,667 - components.flashFirmware.flashFirmware - INFO - Flashing ESP32S3 Firmware = Writing at 0x002b9ee2... (44 %)
2024-10-02 10:23:11,035 - components.flashFirmware.flashFirmware - INFO - Flashing ESP32S3 Firmware = Writing at 0x002bf595... (46 %)
2024-10-02 10:23:11,403 - components.flashFirmware.flashFirmware - INFO - Flashing ESP32S3 Firmware = Writing at 0x002c48e2... (47 %)
2024-10-02 10:23:11,771 - components.flashFirmware.flashFirmware - INFO - Flashing ESP32S3 Firmware = Writing at 0x002c9b46... (49 %)
2024-10-02 10:23:12,138 - components.flashFirmware.flashFirmware - INFO - Flashing ESP32S3 Firmware = Writing at 0x002cf0be... (50 %)
2024-10-02 10:23:12,506 - components.flashFirmware.flashFirmware - INFO - Flashing ESP32S3 Firmware = Writing at 0x002d4638... (52 %)
2024-10-02 10:23:12,874 - components.flashFirmware.flashFirmware - INFO - Flashing ESP32S3 Firmware = Writing at 0x002d97bc... (53 %)
2024-10-02 10:23:13,242 - components.flashFirmware.flashFirmware - INFO - Flashing ESP32S3 Firmware = Writing at 0x002de7cf... (55 %)
2024-10-02 10:23:13,609 - components.flashFirmware.flashFirmware - INFO - Flashing ESP32S3 Firmware = Writing at 0x002e38b4... (56 %)
2024-10-02 10:23:13,977 - components.flashFirmware.flashFirmware - INFO - Flashing ESP32S3 Firmware = Writing at 0x002e8925... (58 %)
2024-10-02 10:23:14,345 - components.flashFirmware.flashFirmware - INFO - Flashing ESP32S3 Firmware = Writing at 0x002edbf0... (60 %)
2024-10-02 10:23:14,713 - components.flashFirmware.flashFirmware - INFO - Flashing ESP32S3 Firmware = Writing at 0x002f30fa... (61 %)
2024-10-02 10:23:15,080 - components.flashFirmware.flashFirmware - INFO - Flashing ESP32S3 Firmware = Writing at 0x002f8a7d... (63 %)
2024-10-02 10:23:15,448 - components.flashFirmware.flashFirmware - INFO - Flashing ESP32S3 Firmware = Writing at 0x002fe184... (64 %)
2024-10-02 10:23:15,816 - components.flashFirmware.flashFirmware - INFO - Flashing ESP32S3 Firmware = Writing at 0x00303240... (66 %)
2024-10-02 10:23:16,184 - components.flashFirmware.flashFirmware - INFO - Flashing ESP32S3 Firmware = Writing at 0x003089e4... (67 %)
2024-10-02 10:23:16,551 - components.flashFirmware.flashFirmware - INFO - Flashing ESP32S3 Firmware = Writing at 0x0030e0d0... (69 %)
2024-10-02 10:23:16,919 - components.flashFirmware.flashFirmware - INFO - Flashing ESP32S3 Firmware = Writing at 0x00313fce... (70 %)
2024-10-02 10:23:17,287 - components.flashFirmware.flashFirmware - INFO - Flashing ESP32S3 Firmware = Writing at 0x00319c9c... (72 %)
2024-10-02 10:23:17,654 - components.flashFirmware.flashFirmware - INFO - Flashing ESP32S3 Firmware = Writing at 0x0031f658... (73 %)
2024-10-02 10:23:18,022 - components.flashFirmware.flashFirmware - INFO - Flashing ESP32S3 Firmware = Writing at 0x00324ab9... (75 %)
2024-10-02 10:23:18,390 - components.flashFirmware.flashFirmware - INFO - Flashing ESP32S3 Firmware = Writing at 0x0032a0e6... (76 %)
2024-10-02 10:23:18,757 - components.flashFirmware.flashFirmware - INFO - Flashing ESP32S3 Firmware = Writing at 0x0032f70f... (78 %)
2024-10-02 10:23:19,125 - components.flashFirmware.flashFirmware - INFO - Flashing ESP32S3 Firmware = Writing at 0x00334c0f... (80 %)
2024-10-02 10:23:19,493 - components.flashFirmware.flashFirmware - INFO - Flashing ESP32S3 Firmware = Writing at 0x0033a638... (81 %)
2024-10-02 10:23:19,861 - components.flashFirmware.flashFirmware - INFO - Flashing ESP32S3 Firmware = Writing at 0x0033fdfc... (83 %)
2024-10-02 10:23:20,229 - components.flashFirmware.flashFirmware - INFO - Flashing ESP32S3 Firmware = Writing at 0x003450e6... (84 %)
2024-10-02 10:23:20,597 - components.flashFirmware.flashFirmware - INFO - Flashing ESP32S3 Firmware = Writing at 0x0034a665... (86 %)
2024-10-02 10:23:20,964 - components.flashFirmware.flashFirmware - INFO - Flashing ESP32S3 Firmware = Writing at 0x0035025c... (87 %)
2024-10-02 10:23:21,332 - components.flashFirmware.flashFirmware - INFO - Flashing ESP32S3 Firmware = Writing at 0x00356107... (89 %)
2024-10-02 10:23:21,700 - components.flashFirmware.flashFirmware - INFO - Flashing ESP32S3 Firmware = Writing at 0x00360972... (90 %)
2024-10-02 10:23:22,068 - components.flashFirmware.flashFirmware - INFO - Flashing ESP32S3 Firmware = Writing at 0x00369015... (92 %)
2024-10-02 10:23:22,435 - components.flashFirmware.flashFirmware - INFO - Flashing ESP32S3 Firmware = Writing at 0x0036f1ac... (93 %)
2024-10-02 10:23:22,803 - components.flashFirmware.flashFirmware - INFO - Flashing ESP32S3 Firmware = Writing at 0x003753cd... (95 %)
2024-10-02 10:23:23,171 - components.flashFirmware.flashFirmware - INFO - Flashing ESP32S3 Firmware = Writing at 0x0037abd9... (96 %)
2024-10-02 10:23:23,538 - components.flashFirmware.flashFirmware - INFO - Flashing ESP32S3 Firmware = Writing at 0x00380431... (98 %)
2024-10-02 10:23:23,906 - components.flashFirmware.flashFirmware - INFO - Flashing ESP32S3 Firmware = Writing at 0x0038637a... (100 %)
2024-10-02 10:23:27,286 - components.flashFirmware.flashFirmware - INFO - Flashing ESP32S3 Firmware = Wrote 1682672 bytes (1062104 compressed) at 0x001f0000 in 24.1 seconds (effective 559.4 kbit/s)...
2024-10-02 10:23:27,286 - components.flashFirmware.flashFirmware - INFO - Flashing ESP32S3 Firmware = Hash of data verified.
2024-10-02 10:23:27,286 - components.flashFirmware.flashFirmware - INFO - Flashing ESP32S3 Firmware = 
2024-10-02 10:23:27,286 - components.flashFirmware.flashFirmware - INFO - Flashing ESP32S3 Firmware = Leaving...
2024-10-02 10:23:27,286 - components.flashFirmware.flashFirmware - INFO - Flashing ESP32S3 Firmware = Hard resetting via RTS pin...
2024-10-02 10:23:27,286 - components.flashFirmware.flashFirmware - INFO - Flashing ESP32S3 Firmware Complete
2024-10-02 10:23:27,292 - components.flashFirmware.flashFirmware - INFO - Flashing ESP32S3 Firmware Completed
2024-10-02 10:23:28,293 - __main__ - INFO - Flashing esp32s3 certificate
2024-10-02 10:23:28,293 - __main__ - INFO - Flashing esp32s3 certificate, Port: /dev/ttyUSB0, Baud: 460800
2024-10-02 10:23:28,293 - __main__ - INFO - ESP32S3 Secure Cert Partition Address: 0xD000
2024-10-02 10:23:28,293 - __main__ - INFO - ESP32S3 Data Provider Partition Address: 0x60000
2024-10-02 10:23:28,293 - __main__ - INFO - ESP32S3 DAC Use ESPTOOL: True
2024-10-02 10:23:28,293 - components.flashCert.flashCert - DEBUG - Cert file path: /home/anuarrozman2303/Airdroitech/FactoryApp_Merge/FlashingTool/certs/A09000500/espsecurecert/out/146d_1/dc19b802-47e1-4c5b-bf01-5279442482fc/dc19b802-47e1-4c5b-bf01-5279442482fc_esp_secure_cert.bin
2024-10-02 10:23:28,293 - components.flashCert.flashCert - INFO - Flashing certificate with cert-id: /home/anuarrozman2303/Airdroitech/FactoryApp_Merge/FlashingTool/certs/A09000500/espsecurecert/out/146d_1/dc19b802-47e1-4c5b-bf01-5279442482fc/dc19b802-47e1-4c5b-bf01-5279442482fc_esp_secure_cert.bin on port /dev/ttyUSB0
2024-10-02 10:23:28,293 - components.flashCert.flashCert - DEBUG - ESP Secure Cert /home/anuarrozman2303/Airdroitech/FactoryApp_Merge/FlashingTool/certs/A09000500/espsecurecert/out/146d_1/dc19b802-47e1-4c5b-bf01-5279442482fc/dc19b802-47e1-4c5b-bf01-5279442482fc_esp_secure_cert.bin on port /dev/ttyUSB0...
2024-10-02 10:23:28,293 - components.flashCert.flashCert - DEBUG - Certify Process: Flashing cert with bin_path: /home/anuarrozman2303/Airdroitech/FactoryApp_Merge/FlashingTool/certs/A09000500/espsecurecert/out/146d_1/dc19b802-47e1-4c5b-bf01-5279442482fc/dc19b802-47e1-4c5b-bf01-5279442482fc_esp_secure_cert.bin and part_bin_path: /home/anuarrozman2303/Airdroitech/FactoryApp_Merge/FlashingTool/certs/A09000500/espsecurecert/out/146d_1/dc19b802-47e1-4c5b-bf01-5279442482fc/dc19b802-47e1-4c5b-bf01-5279442482fc-partition.bin
2024-10-02 10:23:28,293 - components.flashCert.flashCert - INFO - Flashing ESP32S3 Cert with command: esptool.py -p /dev/ttyUSB0 -b 460800 write_flash 0xD000 /home/anuarrozman2303/Airdroitech/FactoryApp_Merge/FlashingTool/certs/A09000500/espsecurecert/out/146d_1/dc19b802-47e1-4c5b-bf01-5279442482fc/dc19b802-47e1-4c5b-bf01-5279442482fc_esp_secure_cert.bin 0x60000 /home/anuarrozman2303/Airdroitech/FactoryApp_Merge/FlashingTool/certs/A09000500/espsecurecert/out/146d_1/dc19b802-47e1-4c5b-bf01-5279442482fc/dc19b802-47e1-4c5b-bf01-5279442482fc-partition.bin

2024-10-02 10:23:28,333 - components.flashCert.flashCert - INFO - Flashing ESP32S3 Cert = esptool.py v4.7.0
2024-10-02 10:23:28,333 - components.flashCert.flashCert - INFO - Flashing ESP32S3 Cert = Serial port /dev/ttyUSB0
2024-10-02 10:23:29,947 - components.flashCert.flashCert - INFO - Flashing ESP32S3 Cert = Connecting....
2024-10-02 10:23:29,947 - components.flashCert.flashCert - INFO - Flashing ESP32S3 Cert = Detecting chip type... ESP32-S3
2024-10-02 10:23:29,947 - components.flashCert.flashCert - INFO - Flashing ESP32S3 Cert = Chip is ESP32-S3 (QFN56) (revision v0.1)
2024-10-02 10:23:29,947 - components.flashCert.flashCert - INFO - Flashing ESP32S3 Cert = Features: WiFi, BLE
2024-10-02 10:23:29,947 - components.flashCert.flashCert - INFO - Flashing ESP32S3 Cert = Crystal is 40MHz
2024-10-02 10:23:29,947 - components.flashCert.flashCert - INFO - Flashing ESP32S3 Cert = MAC: 34:85:18:50:fa:94
2024-10-02 10:23:29,947 - components.flashCert.flashCert - INFO - Flashing ESP32S3 Cert = Uploading stub...
2024-10-02 10:23:29,947 - components.flashCert.flashCert - INFO - Flashing ESP32S3 Cert = Running stub...
2024-10-02 10:23:29,947 - components.flashCert.flashCert - INFO - Flashing ESP32S3 Cert = Stub running...
2024-10-02 10:23:29,948 - components.flashCert.flashCert - INFO - Flashing ESP32S3 Cert = Changing baud rate to 460800
2024-10-02 10:23:29,948 - components.flashCert.flashCert - INFO - Flashing ESP32S3 Cert = Changed.
2024-10-02 10:23:29,948 - components.flashCert.flashCert - INFO - Flashing ESP32S3 Cert = Configuring flash size...
2024-10-02 10:23:29,948 - components.flashCert.flashCert - INFO - Flashing ESP32S3 Cert = Flash will be erased from 0x0000d000 to 0x0000efff...
2024-10-02 10:23:29,948 - components.flashCert.flashCert - INFO - Flashing ESP32S3 Cert = Flash will be erased from 0x00060000 to 0x00065fff...
2024-10-02 10:23:29,948 - components.flashCert.flashCert - INFO - Flashing ESP32S3 Cert = Compressed 8192 bytes to 773...
2024-10-02 10:23:29,948 - components.flashCert.flashCert - INFO - Flashing ESP32S3 Cert = Writing at 0x0000d000... (100 %)
2024-10-02 10:23:30,059 - components.flashCert.flashCert - INFO - Flashing ESP32S3 Cert = Wrote 8192 bytes (773 compressed) at 0x0000d000 in 0.1 seconds (effective 821.4 kbit/s)...
2024-10-02 10:23:30,059 - components.flashCert.flashCert - INFO - Flashing ESP32S3 Cert = Hash of data verified.
2024-10-02 10:23:30,059 - components.flashCert.flashCert - INFO - Flashing ESP32S3 Cert = Compressed 24576 bytes to 934...
2024-10-02 10:23:30,059 - components.flashCert.flashCert - INFO - Flashing ESP32S3 Cert = Writing at 0x00060000... (100 %)
2024-10-02 10:23:30,421 - components.flashCert.flashCert - INFO - Flashing ESP32S3 Cert = Wrote 24576 bytes (934 compressed) at 0x00060000 in 0.2 seconds (effective 1118.5 kbit/s)...
2024-10-02 10:23:30,421 - components.flashCert.flashCert - INFO - Flashing ESP32S3 Cert = Hash of data verified.
2024-10-02 10:23:30,421 - components.flashCert.flashCert - INFO - Flashing ESP32S3 Cert = 
2024-10-02 10:23:30,421 - components.flashCert.flashCert - INFO - Flashing ESP32S3 Cert = Leaving...
2024-10-02 10:23:30,421 - components.flashCert.flashCert - INFO - Flashing ESP32S3 Cert = Hard resetting via RTS pin...
2024-10-02 10:23:30,421 - components.flashCert.flashCert - INFO - Flashing ESP32S3 Cert Complete
2024-10-02 10:23:30,427 - components.flashCert.flashCert - INFO - FlashCert, Create New/Updata Database Start
2024-10-02 10:23:30,427 - components.flashCert.flashCert - DEBUG - Updating status for certId /home/anuarrozman2303/Airdroitech/FactoryApp_Merge/FlashingTool/certs/A09000500/espsecurecert/out/146d_1/dc19b802-47e1-4c5b-bf01-5279442482fc/dc19b802-47e1-4c5b-bf01-5279442482fc_esp_secure_cert.bin
2024-10-02 10:23:30,427 - components.flashCert.flashCert - DEBUG - Filtered certId =  esp-secure-cert-partition: dc19b802-47e1-4c5b-bf01-5279442482fc_esp_secure_cert.bin
2024-10-02 10:23:30,427 - components.flashCert.flashCert - DEBUG - Filtered macAddress =  mac-address: 34:85:18:50:fa:94
2024-10-02 10:23:30,428 - components.flashCert.flashCert - DEBUG - Reading file: /home/anuarrozman2303/Airdroitech/FactoryApp_Merge/FlashingTool/device_data.txt
2024-10-02 10:23:30,428 - components.flashCert.flashCert - INFO - Found in database =  mac-address: 34:85:18:50:fa:94
2024-10-02 10:23:30,428 - components.flashCert.flashCert - INFO - FlashCert, Create New/Updata Database End
2024-10-02 10:23:30,435 - __main__ - INFO - Test 1 Completed
2024-10-02 10:23:31,012 - __main__ - INFO - Test 2 Start
2024-10-02 10:23:31,012 - __main__ - INFO - Entering factory mode
2024-10-02 10:23:31,013 - __main__ - INFO - Reset Factory Mode Flag
2024-10-02 10:23:31,013 - __main__ - INFO - Open esp32s3 Factory Port
2024-10-02 10:23:31,013 - __main__ - INFO - factory Port: /dev/ttyUSB1, Baud: 115200
2024-10-02 10:23:31,013 - components.serialCom.serialCom - DEBUG - Opening port /dev/ttyUSB1 at 115200 baud
2024-10-02 10:23:31,017 - components.serialCom.serialCom - INFO - Opened port /dev/ttyUSB1 at 115200 baud
2024-10-02 10:23:31,017 - __main__ - INFO - Reboot esp32s3 and esp32h2
2024-10-02 10:23:31,017 - __main__ - INFO - Reboot esp32s3, Port: /dev/ttyUSB0, Baud: 460800
2024-10-02 10:23:31,017 - __main__ - INFO - Reboot esp32h2, Port: /dev/ttyUSB2, Baud: 115200
2024-10-02 10:23:31,017 - components.flashFirmware.flashFirmware - INFO - Reset ESP32H2: esptool.py -p /dev/ttyUSB2 -b 115200 run

2024-10-02 10:23:31,058 - components.flashFirmware.flashFirmware - INFO - Reset ESP32S3 = esptool.py v4.7.0
2024-10-02 10:23:31,058 - components.flashFirmware.flashFirmware - INFO - Reset ESP32S3 = Serial port /dev/ttyUSB2
2024-10-02 10:23:32,073 - components.flashFirmware.flashFirmware - INFO - Reset ESP32S3 = Connecting....
2024-10-02 10:23:32,074 - components.flashFirmware.flashFirmware - INFO - Reset ESP32S3 = Detecting chip type... ESP32-H2
2024-10-02 10:23:32,074 - components.flashFirmware.flashFirmware - INFO - Reset ESP32S3 = Chip is ESP32-H2 (revision v0.1)
2024-10-02 10:23:32,074 - components.flashFirmware.flashFirmware - INFO - Reset ESP32S3 = Features: BLE, IEEE802.15.4
2024-10-02 10:23:32,074 - components.flashFirmware.flashFirmware - INFO - Reset ESP32S3 = Crystal is 32MHz
2024-10-02 10:23:32,074 - components.flashFirmware.flashFirmware - INFO - Reset ESP32S3 = MAC: 48:31:b7:ff:fe:c0:19:80
2024-10-02 10:23:32,074 - components.flashFirmware.flashFirmware - INFO - Reset ESP32S3 = BASE MAC: 48:31:b7:c0:19:80
2024-10-02 10:23:32,074 - components.flashFirmware.flashFirmware - INFO - Reset ESP32S3 = MAC_EXT: ff:fe
2024-10-02 10:23:32,074 - components.flashFirmware.flashFirmware - INFO - Reset ESP32S3 = Uploading stub...
2024-10-02 10:23:32,074 - components.flashFirmware.flashFirmware - INFO - Reset ESP32S3 = Running stub...
2024-10-02 10:23:32,074 - components.flashFirmware.flashFirmware - INFO - Reset ESP32S3 = Stub running...
2024-10-02 10:23:32,074 - components.flashFirmware.flashFirmware - INFO - Reset ESP32S3 = Hard resetting via RTS pin...
2024-10-02 10:23:37,080 - components.flashFirmware.flashFirmware - INFO - Reset ESP32H2: esptool.py -p /dev/ttyUSB0 -b 460800 run

2024-10-02 10:23:37,119 - components.flashFirmware.flashFirmware - INFO - Reset ESP32S3 = esptool.py v4.7.0
2024-10-02 10:23:37,119 - components.flashFirmware.flashFirmware - INFO - Reset ESP32S3 = Serial port /dev/ttyUSB0
2024-10-02 10:23:38,810 - components.flashFirmware.flashFirmware - INFO - Reset ESP32S3 = Connecting....
2024-10-02 10:23:38,810 - components.flashFirmware.flashFirmware - INFO - Reset ESP32S3 = Detecting chip type... ESP32-S3
2024-10-02 10:23:38,811 - components.flashFirmware.flashFirmware - INFO - Reset ESP32S3 = Chip is ESP32-S3 (QFN56) (revision v0.1)
2024-10-02 10:23:38,811 - components.flashFirmware.flashFirmware - INFO - Reset ESP32S3 = Features: WiFi, BLE
2024-10-02 10:23:38,811 - components.flashFirmware.flashFirmware - INFO - Reset ESP32S3 = Crystal is 40MHz
2024-10-02 10:23:38,811 - components.flashFirmware.flashFirmware - INFO - Reset ESP32S3 = MAC: 34:85:18:50:fa:94
2024-10-02 10:23:38,811 - components.flashFirmware.flashFirmware - INFO - Reset ESP32S3 = Uploading stub...
2024-10-02 10:23:38,811 - components.flashFirmware.flashFirmware - INFO - Reset ESP32S3 = Running stub...
2024-10-02 10:23:38,811 - components.flashFirmware.flashFirmware - INFO - Reset ESP32S3 = Stub running...
2024-10-02 10:23:38,811 - components.flashFirmware.flashFirmware - INFO - Reset ESP32S3 = Changing baud rate to 460800
2024-10-02 10:23:38,811 - components.flashFirmware.flashFirmware - INFO - Reset ESP32S3 = Changed.
2024-10-02 10:23:38,811 - components.flashFirmware.flashFirmware - INFO - Reset ESP32S3 = Hard resetting via RTS pin...
2024-10-02 10:23:40,409 - components.serialCom.serialCom - DEBUG - Received: .
2024-10-02 10:23:40,409 - components.serialCom.serialCom - DEBUG - Data contains '.'
2024-10-02 10:23:40,409 - components.serialCom.serialCom - DEBUG - SerialCom, Factory: polyaire&ADT

2024-10-02 10:23:43,816 - __main__ - INFO - Start Wait 3
2024-10-02 10:23:46,817 - __main__ - INFO - Finish Wait 3
2024-10-02 10:23:47,818 - __main__ - INFO - Read MAC Address
2024-10-02 10:23:47,818 - __main__ - DEBUG - SerialCom, Sent: FF:3;MAC?
2024-10-02 10:23:47,818 - __main__ - INFO - Read MAC Address Command: FF:3;MAC?
2024-10-02 10:23:47,818 - __main__ - INFO - Reference MAC Address: 34:85:18:50:fa:94
2024-10-02 10:23:48,875 - components.serialCom.serialCom - DEBUG - Received: 3;MAC? = 34:85:18:50:FA:94
2024-10-02 10:23:48,875 - components.serialCom.serialCom - INFO - SerialCom, MAC Address: 34:85:18:50:FA:94
2024-10-02 10:23:50,819 - __main__ - INFO - Read MAC Address: Pass
2024-10-02 10:23:50,821 - __main__ - INFO - Write Product Name
2024-10-02 10:23:50,821 - __main__ - DEBUG - SerialCom, Sent: FF:3;PRD-ATBEAM
2024-10-02 10:23:50,821 - __main__ - INFO - Write Product Name Command: FF:3;PRD-ATBEAM
2024-10-02 10:23:51,873 - components.serialCom.serialCom - DEBUG - Received: 3;PRD-ATBEAM
2024-10-02 10:23:53,821 - __main__ - INFO - Read Product Name
2024-10-02 10:23:53,821 - __main__ - DEBUG - SerialCom, Sent: FF:3;PRD?
2024-10-02 10:23:53,821 - __main__ - INFO - Read Product Name Command: FF:3;PRD?
2024-10-02 10:23:53,821 - __main__ - INFO - Reference Product Name: ATBEAM
2024-10-02 10:23:54,873 - components.serialCom.serialCom - DEBUG - Received: 3;PRD? = ATBEAM
2024-10-02 10:23:54,873 - components.serialCom.serialCom - INFO - SerialCom, Product Name: ATBEAM
2024-10-02 10:23:56,822 - __main__ - INFO - Product Name: Pass
2024-10-02 10:23:56,823 - __main__ - INFO - Write Serial Number
2024-10-02 10:23:56,823 - __main__ - DEBUG - SerialCom, Sent: FF:3;SRN-A09000500
2024-10-02 10:23:56,823 - __main__ - INFO - Write Serial Number Command: FF:3;SRN-A09000500
2024-10-02 10:23:57,874 - components.serialCom.serialCom - DEBUG - Received: 3;SRN-A09000500
2024-10-02 10:23:59,823 - __main__ - INFO - Read Serial Number
2024-10-02 10:23:59,824 - __main__ - DEBUG - SerialCom, Sent: FF:3;SRN?
2024-10-02 10:23:59,824 - __main__ - INFO - Read Serial Number Command: FF:3;SRN?
2024-10-02 10:24:00,874 - components.serialCom.serialCom - DEBUG - Received: 3;SRN? = A09000500
2024-10-02 10:24:00,874 - components.serialCom.serialCom - INFO - SerialCom, Serial Number: A09000500
2024-10-02 10:24:02,824 - __main__ - INFO - Write Device S/N: Pass
2024-10-02 10:24:02,826 - __main__ - INFO - Write Matter QR String
2024-10-02 10:24:02,826 - __main__ - DEBUG - SerialCom, Sent: FF:3;MTQRS-MT:Y1CA00O6148F-405J10
2024-10-02 10:24:02,826 - __main__ - INFO - Write Matter QR String Command: FF:3;MTQRS-MT:Y1CA00O6148F-405J10
2024-10-02 10:24:03,885 - components.serialCom.serialCom - DEBUG - Received: 3;MTQRS-MT:Y1CA00O6148F-405J10
2024-10-02 10:24:05,827 - __main__ - INFO - Read Matter QR String
2024-10-02 10:24:05,827 - __main__ - DEBUG - SerialCom, Sent: FF:3;MTQRS?
2024-10-02 10:24:05,827 - __main__ - INFO - Read Matter QR String Command: FF:3;MTQRS?
2024-10-02 10:24:06,875 - components.serialCom.serialCom - DEBUG - Received: 3;MTQRS? = MT:Y1CA00O6148F-405J10
2024-10-02 10:24:06,875 - components.serialCom.serialCom - INFO - SerialCom, Matter QR String: MT:Y1CA00O6148F-405J10
2024-10-02 10:24:08,827 - __main__ - INFO - Write Device Matter QR: Pass
2024-10-02 10:24:08,828 - __main__ - INFO - Write IR Definition
2024-10-02 10:24:08,830 - __main__ - DEBUG - SerialCom, Sent: FF:3;irdevconf-B001010FE00FE00FE00F000FE05024001B0ED801000000000F0012000F003001000400860042000A0907000F018100860042001B0220E004000000060220E00400312080AF000006600000800006720B100380840A038084030380840503808407160A045F069006043F0690060C180384880F038488010384880203848803038488040384880500D407010400020D3006050401081A1A0904037378020A1403686C0303686C0403686C0003686C0603686C0212020400144B02090A0800610801900D07021700620009090801908AC0088A0A0A12400A8A060813400A0800610901900D07041D0062000A0A0901908AC0098A0A0A8C400A8A080413400A8C060414400C-kk_panasonic_2587
2024-10-02 10:24:08,830 - __main__ - INFO - Write IR Definition Command: FF:3;irdevconf-B001010FE00FE00FE00F000FE05024001B0ED801000000000F0012000F003001000400860042000A0907000F018100860042001B0220E004000000060220E00400312080AF000006600000800006720B100380840A038084030380840503808407160A045F069006043F0690060C180384880F038488010384880203848803038488040384880500D407010400020D3006050401081A1A0904037378020A1403686C0303686C0403686C0003686C0603686C0212020400144B02090A0800610801900D07021700620009090801908AC0088A0A0A12400A8A060813400A0800610901900D07041D0062000A0A0901908AC0098A0A0A8C400A8A080413400A8C060414400C-kk_panasonic_2587
2024-10-02 10:24:09,923 - components.serialCom.serialCom - DEBUG - Received: 3;irdevconf
2024-10-02 10:24:13,830 - __main__ - INFO - Read IR Definition
2024-10-02 10:24:13,831 - __main__ - DEBUG - SerialCom, Sent: FF:3;irdevconf?
2024-10-02 10:24:13,831 - __main__ - INFO - Read IR Definition Command: FF:3;irdevconf?
2024-10-02 10:24:14,929 - components.serialCom.serialCom - DEBUG - Received: 3;irdevconf? = B001010FE00FE00FE00F000FE05024001B0ED801000000000F0012000F003001000400860042000A0907000F018100860042001B0220E004000000060220E00400312080AF000006600000800006720B100380840A038084030380840503808407160A045F069006043F0690060C180384880F038488010384880203848803038488040384880500D407010400020D3006050401081A1A0904037378020A1403686C0303686C0403686C0003686C0603686C0212020400144B02090A0800610801900D07021700620009090801908AC0088A0A0A12400A8A060813400A0800610901900D07041D0062000A0A0901908AC0098A0A0A8C400A8A080413400A8C060414400C
2024-10-02 10:24:14,929 - components.serialCom.serialCom - INFO - Serial Com, Read IR Definition: B001010FE00FE00FE00F000FE05024001B0ED801000000000F0012000F003001000400860042000A0907000F018100860042001B0220E004000000060220E00400312080AF000006600000800006720B100380840A038084030380840503808407160A045F069006043F0690060C180384880F038488010384880203848803038488040384880500D407010400020D3006050401081A1A0904037378020A1403686C0303686C0403686C0003686C0603686C0212020400144B02090A0800610801900D07021700620009090801908AC0088A0A0A12400A8A060813400A0800610901900D07041D0062000A0A0901908AC0098A0A0A8C400A8A080413400A8C060414400C %
2024-10-02 10:24:18,831 - __main__ - INFO - IR Definition Test: Pass
2024-10-02 10:24:18,832 - __main__ - INFO - Save Device Data
2024-10-02 10:24:18,832 - __main__ - INFO - Save Device Data Command: FF:3;saveDevData
2024-10-02 10:24:18,832 - __main__ - INFO - Extracted data: saveDevData
2024-10-02 10:24:18,832 - __main__ - DEBUG - SerialCom, Sent: FF:3;saveDevData
2024-10-02 10:24:19,883 - components.serialCom.serialCom - DEBUG - Received: 3;saveDevData
2024-10-02 10:24:19,883 - components.serialCom.serialCom - INFO - SerialCom, Save Device Data: saveDevData
2024-10-02 10:24:28,832 - __main__ - INFO - Save Device Data: Pass
2024-10-02 10:24:28,834 - __main__ - INFO - 5V Test
2024-10-02 10:24:28,834 - __main__ - INFO - 5V Test Auto Mode: True
2024-10-02 10:24:28,835 - __main__ - INFO - 5V Test Time in seconds: 10
2024-10-02 10:24:28,835 - __main__ - INFO - 5V Test Range: 0.5 V
2024-10-02 10:24:28,835 - components.dmmReader.dmmReader - ERROR - Selected device number is out of range.
2024-10-02 10:24:28,835 - __main__ - DEBUG - Manual 5V DMM Value: 
2024-10-02 10:24:28,835 - __main__ - DEBUG - Manual 5V Test Range Value: 0.5
2024-10-02 10:24:28,835 - __main__ - INFO - 'dmm_manual_input' is not numeric
2024-10-02 10:24:28,837 - __main__ - INFO - 3.3V Test
2024-10-02 10:24:28,837 - __main__ - INFO - 3.3V Test Auto Mode: True
2024-10-02 10:24:28,837 - __main__ - INFO - 3.3V Test Time in seconds: 10
2024-10-02 10:24:28,837 - __main__ - INFO - 3.3V Test Range: 0.33
2024-10-02 10:24:28,838 - components.dmmReader.dmmReader - ERROR - Selected device number is out of range.
2024-10-02 10:24:28,838 - __main__ - DEBUG - Manual 3.3V DMM Value: 
2024-10-02 10:24:28,838 - __main__ - DEBUG - Manual 3.3V Test Range Value: 0.33
2024-10-02 10:24:28,838 - __main__ - INFO - 'dmm_manual_input' is not numeric
2024-10-02 10:24:28,839 - __main__ - INFO - Read ATBeam Temperature
2024-10-02 10:24:28,839 - __main__ - DEBUG - SerialCom, Sent: FF:3;sensorTemp?
2024-10-02 10:24:28,839 - __main__ - INFO - Compare Temperature
2024-10-02 10:24:28,839 - __main__ - INFO - Temperature Test Range: 10.0
2024-10-02 10:24:28,839 - __main__ - DEBUG - External Temperature: 25.0
2024-10-02 10:24:28,839 - __main__ - ERROR - File not found
2024-10-02 10:24:29,894 - components.serialCom.serialCom - DEBUG - Received: 3;sensorTemp? = 29.44
2024-10-02 10:24:29,894 - components.serialCom.serialCom - INFO - 29.44 C
2024-10-02 10:24:29,894 - components.serialCom.serialCom - INFO - SerialCom, Device Temparature Reading '29.44' written to file 'sensor.txt'
2024-10-02 10:24:30,840 - __main__ - INFO - ATBeam Temperature: 29.44
2024-10-02 10:24:30,840 - __main__ - INFO - Temperature Range: 10.0
2024-10-02 10:24:30,840 - __main__ - INFO - Temperature is within ±10.0 range
2024-10-02 10:24:33,841 - __main__ - INFO - Temperature Test: Pass
2024-10-02 10:24:33,842 - __main__ - INFO - Read ATBeam Humidity
2024-10-02 10:24:33,842 - __main__ - DEBUG - SerialCom, Sent: FF:3;sensorHumi?
2024-10-02 10:24:33,842 - __main__ - INFO - Compare Humidity
2024-10-02 10:24:33,842 - __main__ - INFO - Humidity Test Range: 20.0
2024-10-02 10:24:33,842 - __main__ - DEBUG - External Humidity: 50.5
2024-10-02 10:24:34,894 - components.serialCom.serialCom - DEBUG - Received: 3;sensorHumi? = 53.76
2024-10-02 10:24:34,894 - components.serialCom.serialCom - INFO - 53.76 %
2024-10-02 10:24:34,894 - components.serialCom.serialCom - DEBUG - SerialCom, Device Humidity Reading '53.76' written to file 'sensor.txt'
2024-10-02 10:24:35,843 - __main__ - INFO - ATBeam Humidity: 53.76
2024-10-02 10:24:35,843 - __main__ - INFO - Humidity Range: 20.0
2024-10-02 10:24:35,843 - __main__ - INFO - Humidity is within ±20.0 range
2024-10-02 10:24:38,844 - __main__ - INFO - Humidity Test: Pass
2024-10-02 10:24:38,844 - __main__ - INFO - Button Test
2024-10-02 10:24:38,844 - __main__ - INFO - Button Test Time in seconds: 10
2024-10-02 10:24:46,964 - components.serialCom.serialCom - DEBUG - Received: 3;test_buttonshort = pressed
2024-10-02 10:24:47,355 - __main__ - INFO - Button Test: Pass
2024-10-02 10:24:47,356 - __main__ - INFO - Manual Test Time in seconds: 60
2024-10-02 10:24:47,356 - __main__ - INFO - Manual Test Loop Start
2024-10-02 10:24:47,357 - __main__ - DEBUG - SerialCom, Sent: FF:3;RGB-1
2024-10-02 10:24:48,358 - __main__ - DEBUG - SerialCom, Sent: FF:3;RGB-1
2024-10-02 10:24:48,724 - components.serialCom.serialCom - DEBUG - Received: 3;test_buttonshort = pressed
2024-10-02 10:24:49,359 - __main__ - DEBUG - SerialCom, Sent: FF:3;RGB-1
2024-10-02 10:24:50,360 - __main__ - DEBUG - SerialCom, Sent: FF:3;RGB-1
2024-10-02 10:24:51,360 - __main__ - INFO - Red LED: Pass
2024-10-02 10:24:52,362 - __main__ - DEBUG - SerialCom, Sent: FF:3;RGB-2
2024-10-02 10:24:53,363 - __main__ - DEBUG - SerialCom, Sent: FF:3;RGB-2
2024-10-02 10:24:54,363 - __main__ - INFO - Green LED: Pass
2024-10-02 10:24:55,365 - __main__ - DEBUG - SerialCom, Sent: FF:3;RGB-3
2024-10-02 10:24:56,366 - __main__ - DEBUG - SerialCom, Sent: FF:3;RGB-3
2024-10-02 10:24:57,366 - __main__ - INFO - Blue LED: Pass
2024-10-02 10:24:59,367 - __main__ - DEBUG - SerialCom, Sent: FF:3;auto_detect
2024-10-02 10:25:00,423 - components.serialCom.serialCom - DEBUG - Received: 3;auto_detect
2024-10-02 10:25:01,368 - __main__ - DEBUG - SerialCom, Sent: FF:3;ir_send
2024-10-02 10:25:02,422 - components.serialCom.serialCom - DEBUG - Received: 3;ir_send
2024-10-02 10:25:03,369 - __main__ - DEBUG - SerialCom, Sent: FF:3;auto_detect
2024-10-02 10:25:04,424 - components.serialCom.serialCom - DEBUG - Received: 3;auto_detect
2024-10-02 10:25:05,370 - __main__ - DEBUG - SerialCom, Sent: FF:3;ir_send
2024-10-02 10:25:06,423 - components.serialCom.serialCom - DEBUG - Received: 3;ir_send
2024-10-02 10:25:07,371 - __main__ - DEBUG - SerialCom, Sent: FF:3;auto_detect
2024-10-02 10:25:08,424 - components.serialCom.serialCom - DEBUG - Received: 3;auto_detect
2024-10-02 10:25:09,372 - __main__ - DEBUG - SerialCom, Sent: FF:3;ir_send
2024-10-02 10:25:10,422 - components.serialCom.serialCom - DEBUG - Received: 3;ir_send
2024-10-02 10:25:11,372 - __main__ - DEBUG - SerialCom, Sent: FF:3;auto_detect
2024-10-02 10:25:12,423 - components.serialCom.serialCom - DEBUG - Received: 3;auto_detect
2024-10-02 10:25:13,373 - __main__ - DEBUG - SerialCom, Sent: FF:3;ir_send
2024-10-02 10:25:13,373 - __main__ - INFO - IR Receiver/Turn off LED: Pass
2024-10-02 10:25:14,423 - components.serialCom.serialCom - DEBUG - Received: 3;ir_send
2024-10-02 10:25:15,375 - __main__ - DEBUG - SerialCom, Sent: FF:3;ir_send
2024-10-02 10:25:16,423 - components.serialCom.serialCom - DEBUG - Received: 3;ir_send
2024-10-02 10:25:17,375 - __main__ - DEBUG - SerialCom, Sent: FF:3;ir_send
2024-10-02 10:25:18,423 - components.serialCom.serialCom - DEBUG - Received: 3;ir_send
2024-10-02 10:25:19,376 - __main__ - DEBUG - SerialCom, Sent: FF:3;ir_send
2024-10-02 10:25:20,423 - components.serialCom.serialCom - DEBUG - Received: 3;ir_send
2024-10-02 10:25:21,377 - __main__ - DEBUG - SerialCom, Sent: FF:3;ir_send
2024-10-02 10:25:21,377 - __main__ - INFO - IR LED 1: Pass
2024-10-02 10:25:22,423 - components.serialCom.serialCom - DEBUG - Received: 3;ir_send
2024-10-02 10:25:23,379 - __main__ - DEBUG - SerialCom, Sent: FF:3;ir_send
2024-10-02 10:25:24,432 - components.serialCom.serialCom - DEBUG - Received: 3;ir_send
2024-10-02 10:25:25,379 - __main__ - DEBUG - SerialCom, Sent: FF:3;ir_send
2024-10-02 10:25:26,433 - components.serialCom.serialCom - DEBUG - Received: 3;ir_send
2024-10-02 10:25:27,380 - __main__ - DEBUG - SerialCom, Sent: FF:3;ir_send
2024-10-02 10:25:27,381 - __main__ - INFO - IR LED 2: Pass
2024-10-02 10:25:28,433 - components.serialCom.serialCom - DEBUG - Received: 3;ir_send
2024-10-02 10:25:29,381 - __main__ - DEBUG - SerialCom, Sent: FF:3;ir_send
2024-10-02 10:25:30,432 - components.serialCom.serialCom - DEBUG - Received: 3;ir_send
2024-10-02 10:25:31,382 - __main__ - DEBUG - SerialCom, Sent: FF:3;ir_send
2024-10-02 10:25:32,432 - components.serialCom.serialCom - DEBUG - Received: 3;ir_send
2024-10-02 10:25:33,382 - __main__ - DEBUG - SerialCom, Sent: FF:3;ir_send
2024-10-02 10:25:34,433 - components.serialCom.serialCom - DEBUG - Received: 3;ir_send
2024-10-02 10:25:35,384 - __main__ - DEBUG - SerialCom, Sent: FF:3;ir_send
2024-10-02 10:25:36,433 - components.serialCom.serialCom - DEBUG - Received: 3;ir_send
2024-10-02 10:25:37,385 - __main__ - DEBUG - SerialCom, Sent: FF:3;ir_send
2024-10-02 10:25:38,432 - components.serialCom.serialCom - DEBUG - Received: 3;ir_send
2024-10-02 10:25:39,386 - __main__ - DEBUG - SerialCom, Sent: FF:3;ir_send
2024-10-02 10:25:40,434 - components.serialCom.serialCom - DEBUG - Received: 3;ir_send
2024-10-02 10:25:41,387 - __main__ - DEBUG - SerialCom, Sent: FF:3;ir_send
2024-10-02 10:25:42,431 - components.serialCom.serialCom - DEBUG - Received: 3;ir_send
2024-10-02 10:25:43,388 - __main__ - DEBUG - SerialCom, Sent: FF:3;ir_send
2024-10-02 10:25:44,442 - components.serialCom.serialCom - DEBUG - Received: 3;ir_send
2024-10-02 10:25:45,388 - __main__ - DEBUG - SerialCom, Sent: FF:3;ir_send
2024-10-02 10:25:46,443 - components.serialCom.serialCom - DEBUG - Received: 3;ir_send
2024-10-02 10:25:47,389 - __main__ - DEBUG - SerialCom, Sent: FF:3;ir_send
2024-10-02 10:25:48,443 - components.serialCom.serialCom - DEBUG - Received: 3;ir_send
2024-10-02 10:25:49,390 - __main__ - DEBUG - SerialCom, Sent: FF:3;ir_send
2024-10-02 10:25:50,443 - components.serialCom.serialCom - DEBUG - Received: 3;ir_send
2024-10-02 10:25:51,393 - __main__ - DEBUG - SerialCom, Sent: FF:3;ir_send
2024-10-02 10:25:52,443 - components.serialCom.serialCom - DEBUG - Received: 3;ir_send
2024-10-02 10:25:53,394 - __main__ - DEBUG - SerialCom, Sent: FF:3;ir_send
2024-10-02 10:25:54,442 - components.serialCom.serialCom - DEBUG - Received: 3;ir_send
2024-10-02 10:25:55,396 - __main__ - DEBUG - SerialCom, Sent: FF:3;ir_send
2024-10-02 10:25:56,442 - components.serialCom.serialCom - DEBUG - Received: 3;ir_send
2024-10-02 10:25:57,397 - __main__ - DEBUG - SerialCom, Sent: FF:3;ir_send
2024-10-02 10:25:58,441 - components.serialCom.serialCom - DEBUG - Received: 3;ir_send
2024-10-02 10:25:59,398 - __main__ - DEBUG - SerialCom, Sent: FF:3;ir_send
2024-10-02 10:26:00,452 - components.serialCom.serialCom - DEBUG - Received: 3;ir_send
2024-10-02 10:26:01,399 - __main__ - DEBUG - SerialCom, Sent: FF:3;ir_send
2024-10-02 10:26:02,452 - components.serialCom.serialCom - DEBUG - Received: 3;ir_send
2024-10-02 10:26:03,400 - __main__ - DEBUG - SerialCom, Sent: FF:3;ir_send
2024-10-02 10:26:04,453 - components.serialCom.serialCom - DEBUG - Received: 3;ir_send
2024-10-02 10:26:05,401 - __main__ - DEBUG - SerialCom, Sent: FF:3;ir_send
2024-10-02 10:26:05,401 - __main__ - INFO - IR LED 3: Pass
2024-10-02 10:26:06,452 - components.serialCom.serialCom - DEBUG - Received: 3;ir_send
2024-10-02 10:26:07,401 - __main__ - DEBUG - SerialCom, Sent: FF:3;ir_send
2024-10-02 10:26:08,452 - components.serialCom.serialCom - DEBUG - Received: 3;ir_send
2024-10-02 10:26:09,402 - __main__ - DEBUG - SerialCom, Sent: FF:3;ir_send
2024-10-02 10:26:10,452 - components.serialCom.serialCom - DEBUG - Received: 3;ir_send
2024-10-02 10:26:11,403 - __main__ - DEBUG - SerialCom, Sent: FF:3;ir_send
2024-10-02 10:26:11,404 - __main__ - INFO - IR LED 4: Pass
2024-10-02 10:26:12,453 - components.serialCom.serialCom - DEBUG - Received: 3;ir_send
2024-10-02 10:26:13,405 - __main__ - DEBUG - SerialCom, Sent: FF:3;ir_send
2024-10-02 10:26:14,453 - components.serialCom.serialCom - DEBUG - Received: 3;ir_send
2024-10-02 10:26:15,407 - __main__ - DEBUG - SerialCom, Sent: FF:3;ir_send
2024-10-02 10:26:16,452 - components.serialCom.serialCom - DEBUG - Received: 3;ir_send
2024-10-02 10:26:17,408 - __main__ - DEBUG - SerialCom, Sent: FF:3;ir_send
2024-10-02 10:26:17,408 - __main__ - INFO - IR LED 5: Pass
2024-10-02 10:26:18,412 - __main__ - INFO - Red LED: Pass
2024-10-02 10:26:18,412 - __main__ - INFO - Green LED: Pass
2024-10-02 10:26:18,412 - __main__ - INFO - Blue LED: Pass
2024-10-02 10:26:18,413 - __main__ - INFO - IR Receiver: Pass
2024-10-02 10:26:18,413 - __main__ - INFO - IR LED 1: Pass
2024-10-02 10:26:18,413 - __main__ - INFO - IR LED 2: Pass
2024-10-02 10:26:18,413 - __main__ - INFO - IR LED 3: Pass
2024-10-02 10:26:18,413 - __main__ - INFO - IR LED 4: Pass
2024-10-02 10:26:18,413 - __main__ - INFO - IR LED 5: Pass
2024-10-02 10:26:18,413 - __main__ - INFO - Manual Test Loop Completed
2024-10-02 10:26:18,462 - components.serialCom.serialCom - DEBUG - Received: 3;ir_send
2024-10-02 10:26:21,413 - __main__ - INFO - Entering factory mode
2024-10-02 10:26:21,414 - __main__ - INFO - Reset Factory Mode Flag
2024-10-02 10:26:21,414 - __main__ - INFO - Reboot esp32s3 and esp32h2
2024-10-02 10:26:21,414 - __main__ - INFO - Reboot esp32s3, Port: /dev/ttyUSB0, Baud: 460800
2024-10-02 10:26:21,414 - __main__ - INFO - Reboot esp32h2, Port: /dev/ttyUSB2, Baud: 115200
2024-10-02 10:26:21,414 - components.flashFirmware.flashFirmware - INFO - Reset ESP32H2: esptool.py -p /dev/ttyUSB2 -b 115200 run

2024-10-02 10:26:21,458 - components.flashFirmware.flashFirmware - INFO - Reset ESP32S3 = esptool.py v4.7.0
2024-10-02 10:26:21,458 - components.flashFirmware.flashFirmware - INFO - Reset ESP32S3 = Serial port /dev/ttyUSB2
2024-10-02 10:26:22,464 - components.flashFirmware.flashFirmware - INFO - Reset ESP32S3 = Connecting....
2024-10-02 10:26:22,464 - components.flashFirmware.flashFirmware - INFO - Reset ESP32S3 = Detecting chip type... ESP32-H2
2024-10-02 10:26:22,464 - components.flashFirmware.flashFirmware - INFO - Reset ESP32S3 = Chip is ESP32-H2 (revision v0.1)
2024-10-02 10:26:22,464 - components.flashFirmware.flashFirmware - INFO - Reset ESP32S3 = Features: BLE, IEEE802.15.4
2024-10-02 10:26:22,464 - components.flashFirmware.flashFirmware - INFO - Reset ESP32S3 = Crystal is 32MHz
2024-10-02 10:26:22,464 - components.flashFirmware.flashFirmware - INFO - Reset ESP32S3 = MAC: 48:31:b7:ff:fe:c0:19:80
2024-10-02 10:26:22,464 - components.flashFirmware.flashFirmware - INFO - Reset ESP32S3 = BASE MAC: 48:31:b7:c0:19:80
2024-10-02 10:26:22,464 - components.flashFirmware.flashFirmware - INFO - Reset ESP32S3 = MAC_EXT: ff:fe
2024-10-02 10:26:22,464 - components.flashFirmware.flashFirmware - INFO - Reset ESP32S3 = Uploading stub...
2024-10-02 10:26:22,464 - components.flashFirmware.flashFirmware - INFO - Reset ESP32S3 = Running stub...
2024-10-02 10:26:22,464 - components.flashFirmware.flashFirmware - INFO - Reset ESP32S3 = Stub running...
2024-10-02 10:26:22,464 - components.flashFirmware.flashFirmware - INFO - Reset ESP32S3 = Hard resetting via RTS pin...
2024-10-02 10:26:27,470 - components.flashFirmware.flashFirmware - INFO - Reset ESP32H2: esptool.py -p /dev/ttyUSB0 -b 460800 run

2024-10-02 10:26:27,511 - components.flashFirmware.flashFirmware - INFO - Reset ESP32S3 = esptool.py v4.7.0
2024-10-02 10:26:27,511 - components.flashFirmware.flashFirmware - INFO - Reset ESP32S3 = Serial port /dev/ttyUSB0
2024-10-02 10:26:29,202 - components.flashFirmware.flashFirmware - INFO - Reset ESP32S3 = Connecting....
2024-10-02 10:26:29,202 - components.flashFirmware.flashFirmware - INFO - Reset ESP32S3 = Detecting chip type... ESP32-S3
2024-10-02 10:26:29,202 - components.flashFirmware.flashFirmware - INFO - Reset ESP32S3 = Chip is ESP32-S3 (QFN56) (revision v0.1)
2024-10-02 10:26:29,202 - components.flashFirmware.flashFirmware - INFO - Reset ESP32S3 = Features: WiFi, BLE
2024-10-02 10:26:29,202 - components.flashFirmware.flashFirmware - INFO - Reset ESP32S3 = Crystal is 40MHz
2024-10-02 10:26:29,202 - components.flashFirmware.flashFirmware - INFO - Reset ESP32S3 = MAC: 34:85:18:50:fa:94
2024-10-02 10:26:29,202 - components.flashFirmware.flashFirmware - INFO - Reset ESP32S3 = Uploading stub...
2024-10-02 10:26:29,202 - components.flashFirmware.flashFirmware - INFO - Reset ESP32S3 = Running stub...
2024-10-02 10:26:29,202 - components.flashFirmware.flashFirmware - INFO - Reset ESP32S3 = Stub running...
2024-10-02 10:26:29,202 - components.flashFirmware.flashFirmware - INFO - Reset ESP32S3 = Changing baud rate to 460800
2024-10-02 10:26:29,202 - components.flashFirmware.flashFirmware - INFO - Reset ESP32S3 = Changed.
2024-10-02 10:26:29,202 - components.flashFirmware.flashFirmware - INFO - Reset ESP32S3 = Hard resetting via RTS pin...
2024-10-02 10:26:30,802 - components.serialCom.serialCom - DEBUG - Received: .
2024-10-02 10:26:30,802 - components.serialCom.serialCom - DEBUG - Data contains '.'
2024-10-02 10:26:30,802 - components.serialCom.serialCom - DEBUG - SerialCom, Factory: polyaire&ADT

2024-10-02 10:26:34,209 - __main__ - INFO - Start Wait 3
2024-10-02 10:26:37,209 - __main__ - INFO - Finish Wait 3
2024-10-02 10:26:37,209 - __main__ - INFO - Read MAC Address
2024-10-02 10:26:37,209 - __main__ - DEBUG - SerialCom, Sent: FF:3;MAC?
2024-10-02 10:26:37,209 - __main__ - INFO - Read MAC Address Command: FF:3;MAC?
2024-10-02 10:26:37,209 - __main__ - INFO - Reference MAC Address: 34:85:18:50:fa:94
2024-10-02 10:26:38,257 - components.serialCom.serialCom - DEBUG - Received: 3;MAC? = 34:85:18:50:FA:94
2024-10-02 10:26:43,211 - urllib3.connectionpool - DEBUG - Starting new HTTP connection (1): 192.168.0.44:5000
2024-10-02 10:26:43,213 - urllib3.connectionpool - DEBUG - http://192.168.0.44:5000 "GET /getDeviceState HTTP/1.1" 200 350
2024-10-02 10:26:46,213 - __main__ - INFO - Start Wi-Fi Soft AP Test
2024-10-02 10:26:46,213 - __main__ - INFO - Wi-Fi SoftAP RSSI Test Range: -80
2024-10-02 10:26:46,214 - __main__ - INFO - Device Wi-Fi Soft AP Development: AT-MT:Y1CA00O6148F-405J10
2024-10-02 10:26:46,214 - __main__ - INFO - Device Wi-Fi Soft AP Name 1: AT-MT:Y1CA00O6148F-405J10
2024-10-02 10:26:46,214 - __main__ - INFO - Device Wi-Fi Soft AP Name 2: AT BEAM 405J10
2024-10-02 10:26:46,214 - __main__ - INFO - Wi-Fi Soft AP RSSI Test Range: -80
2024-10-02 10:26:54,210 - __main__ - INFO - Target network found: SSID: AT-MT:Y1CA00O6148F-405J10, Signal Level: -16 dBm
2024-10-02 10:26:54,210 - __main__ - INFO - Wi-Fi Soft AP Test: Pass
2024-10-02 10:26:57,211 - __main__ - INFO - Wi-Fi Soft AP: Pass
2024-10-02 10:26:57,212 - __main__ - INFO - Reset Factory Mode Flag
2024-10-02 10:26:57,212 - __main__ - INFO - Start Wi-Fi Station Test
2024-10-02 10:26:57,212 - __main__ - INFO - Wi-Fi Station RSSI Test Range: -60
2024-10-02 10:26:57,212 - __main__ - DEBUG - SerialCom, Sent: FF:1;AirTouch_Pi_WiFi_17
2024-10-02 10:26:57,212 - __main__ - INFO - Wi-Fi Station Command: FF:1;AirTouch_Pi_WiFi_17
2024-10-02 10:26:58,266 - components.serialCom.serialCom - DEBUG - Received: 1;AirTouch_Pi_WiFi_17
2024-10-02 10:26:59,213 - __main__ - DEBUG - SerialCom, Sent: FF:3;connectwifi
2024-10-02 10:26:59,213 - __main__ - INFO - Wi-Fi Station Command: FF:3;connectwifi
2024-10-02 10:27:00,315 - components.serialCom.serialCom - DEBUG - Received: 3;connectwifi
2024-10-02 10:27:04,213 - __main__ - DEBUG - SerialCom, Sent: FF:3;RSSI?
2024-10-02 10:27:04,213 - __main__ - INFO - Wi-Fi Station RSSI Command: FF:3;RSSI?
2024-10-02 10:27:05,266 - components.serialCom.serialCom - DEBUG - Received: 3;RSSI? = -56
2024-10-02 10:27:05,266 - components.serialCom.serialCom - INFO - Serial Com, Read WiFi RSSI: -56 dBm
2024-10-02 10:27:06,214 - __main__ - INFO - Wi-Fi Station RSSI Test Range: -60
2024-10-02 10:27:06,214 - __main__ - INFO - Wi-Fi Station RSSI: Pass
2024-10-02 10:27:09,215 - __main__ - INFO - Wi-Fi Station: Pass
