2024-10-02 08:20:19,482 - __main__ - INFO - Factory App Version: 0.0.1
2024-10-02 08:20:19,482 - __main__ - INFO - Test 1 Start
2024-10-02 08:20:19,482 - __main__ - INFO - Below are information extracted based on ESP32S3 MAC Address
2024-10-02 08:20:19,482 - __main__ - INFO - order-no: hand-sample
2024-10-02 08:20:19,482 - __main__ - INFO -  mac-address: 34:85:18:50:fa:94
2024-10-02 08:20:19,482 - __main__ - INFO -  serial-id: A09000500
2024-10-02 08:20:19,482 - __main__ - INFO -  cert-id: Polyaire-DAC-0x146D-0x0001-A09000500-Cert
2024-10-02 08:20:19,482 - __main__ - INFO -  esp-secure-cert-partition: dc19b802-47e1-4c5b-bf01-5279442482fc_esp_secure_cert.bin
2024-10-02 08:20:19,482 - __main__ - INFO -  commissionable-data-provider-partition: dc19b802-47e1-4c5b-bf01-5279442482fc-partition.bin
2024-10-02 08:20:19,482 - __main__ - INFO -  qrcode: MT:Y1CA00O6148F-405J10
2024-10-02 08:20:19,482 - __main__ - INFO -  manualcode: 1169-154-3426
2024-10-02 08:20:19,482 - __main__ - INFO -  discriminator: 1428
2024-10-02 08:20:19,482 - __main__ - INFO -  passcode: 71139859
2024-10-02 08:20:19,482 - __main__ - INFO - Read ESP32S3 Mac Address
2024-10-02 08:20:19,482 - components.flashFirmware.flashFirmware - INFO - ESP32S3 MAC Address: 34:85:18:50:fa:94
2024-10-02 08:20:19,482 - components.flashFirmware.flashFirmware - INFO - Get ESP32S3 MAC Address Completed
2024-10-02 08:20:19,482 - __main__ - INFO - Read ESP32H2 MAC Address
2024-10-02 08:20:20,566 - __main__ - INFO - Flashing esp32s3 and esp32h2 firmware
2024-10-02 08:20:20,566 - __main__ - INFO - Erase Flash ESP32S3: True
2024-10-02 08:20:20,566 - __main__ - INFO - Erase Flash ESP32S3 Start Address: 0x0
2024-10-02 08:20:20,566 - __main__ - INFO - Erase Flash ESP32S3 End Address: 0x800000
2024-10-02 08:20:20,566 - __main__ - INFO - Erase Flash ESP32H2: True
2024-10-02 08:20:20,566 - __main__ - INFO - Erase Flash ESP32H2 Start Address: 0x0
2024-10-02 08:20:20,566 - __main__ - INFO - Erase Flash ESP32H2 End Address: 0x400000
2024-10-02 08:20:20,566 - __main__ - INFO - Flashing ESP32S3 firmware, Port: /dev/ttyUSB0, Baud: 460800
2024-10-02 08:20:20,566 - __main__ - INFO - ESP32S3 Bootloader Address: 0x0
2024-10-02 08:20:20,566 - __main__ - INFO - ESP32S3 Partition Table Address: 0xC000
2024-10-02 08:20:20,566 - __main__ - INFO - ESP32S3 OTA Data Initial Address: 0x1E000
2024-10-02 08:20:20,566 - __main__ - INFO - ESP32S3 Firmware Address: 0x1F0000
2024-10-02 08:20:20,566 - __main__ - INFO - ESP32S3 Use ESPTOOL: True
2024-10-02 08:20:20,566 - __main__ - INFO - Flashing ESP32H2 firmware, Port: /dev/ttyUSB2, Baud: 115200
2024-10-02 08:20:20,566 - __main__ - INFO - ESP32H2 Bootloader Address: 0x0
2024-10-02 08:20:20,566 - __main__ - INFO - ESP32H2 Partition Table Address: 0x8000
2024-10-02 08:20:20,566 - __main__ - INFO - ESP32H2 Firmware Address: 0x10000
2024-10-02 08:20:20,566 - __main__ - INFO - ESP32H2 Use ESPTOOL: True
2024-10-02 08:20:20,567 - components.flashFirmware.flashFirmware - INFO - Erase Flash ESP32S3: esptool.py --chip esp32s3 -p /dev/ttyUSB0 -b 460800 erase_region 0x0 0x800000

2024-10-02 08:20:20,567 - components.flashFirmware.flashFirmware - INFO - Erase Flash ESP32H2: esptool.py --chip esp32h2 -p /dev/ttyUSB2 -b 115200 erase_flash

2024-10-02 08:20:20,615 - components.flashFirmware.flashFirmware - INFO - Erase Flash ESP32H2 = esptool.py v4.7.0
2024-10-02 08:20:20,615 - components.flashFirmware.flashFirmware - INFO - Erase Flash ESP32S3 = esptool.py v4.7.0
2024-10-02 08:20:20,615 - components.flashFirmware.flashFirmware - INFO - Erase Flash ESP32H2 = Serial port /dev/ttyUSB2
2024-10-02 08:20:20,616 - components.flashFirmware.flashFirmware - INFO - Erase Flash ESP32S3 = Serial port /dev/ttyUSB0
2024-10-02 08:20:22,308 - components.flashFirmware.flashFirmware - INFO - Erase Flash ESP32H2 = Connecting....
2024-10-02 08:20:22,308 - components.flashFirmware.flashFirmware - INFO - Erase Flash ESP32H2 = Chip is ESP32-H2 (revision v0.1)
2024-10-02 08:20:22,308 - components.flashFirmware.flashFirmware - INFO - Erase Flash ESP32H2 = Features: BLE, IEEE802.15.4
2024-10-02 08:20:22,308 - components.flashFirmware.flashFirmware - INFO - Erase Flash ESP32H2 = Crystal is 32MHz
2024-10-02 08:20:22,308 - components.flashFirmware.flashFirmware - INFO - Erase Flash ESP32H2 = MAC: 48:31:b7:ff:fe:c0:19:80
2024-10-02 08:20:22,308 - components.flashFirmware.flashFirmware - INFO - Erase Flash ESP32H2 = BASE MAC: 48:31:b7:c0:19:80
2024-10-02 08:20:22,308 - components.flashFirmware.flashFirmware - INFO - Erase Flash ESP32H2 = MAC_EXT: ff:fe
2024-10-02 08:20:22,308 - components.flashFirmware.flashFirmware - INFO - Erase Flash ESP32H2 = Uploading stub...
2024-10-02 08:20:22,308 - components.flashFirmware.flashFirmware - INFO - Erase Flash ESP32H2 = Running stub...
2024-10-02 08:20:22,308 - components.flashFirmware.flashFirmware - INFO - Erase Flash ESP32H2 = Stub running...
2024-10-02 08:20:22,308 - components.flashFirmware.flashFirmware - INFO - Erase Flash ESP32H2 = Erasing flash (this may take a while)...
2024-10-02 08:20:22,308 - components.flashFirmware.flashFirmware - INFO - Erase Flash ESP32H2 = Chip erase completed successfully in 0.7s
2024-10-02 08:20:22,308 - components.flashFirmware.flashFirmware - INFO - Erase Flash ESP32H2 Complete
2024-10-02 08:20:22,308 - components.flashFirmware.flashFirmware - INFO - Erase Flash ESP32H2 = Hard resetting via RTS pin...
2024-10-02 08:20:27,417 - components.flashFirmware.flashFirmware - INFO - Erase Flash ESP32S3 = Connecting....
2024-10-02 08:20:27,417 - components.flashFirmware.flashFirmware - INFO - Erase Flash ESP32S3 = Chip is ESP32-S3 (QFN56) (revision v0.1)
2024-10-02 08:20:27,417 - components.flashFirmware.flashFirmware - INFO - Erase Flash ESP32S3 = Features: WiFi, BLE
2024-10-02 08:20:27,417 - components.flashFirmware.flashFirmware - INFO - Erase Flash ESP32S3 = Crystal is 40MHz
2024-10-02 08:20:27,417 - components.flashFirmware.flashFirmware - INFO - Erase Flash ESP32S3 = MAC: 34:85:18:50:fa:94
2024-10-02 08:20:27,417 - components.flashFirmware.flashFirmware - INFO - Erase Flash ESP32S3 = Uploading stub...
2024-10-02 08:20:27,417 - components.flashFirmware.flashFirmware - INFO - Erase Flash ESP32S3 = Running stub...
2024-10-02 08:20:27,417 - components.flashFirmware.flashFirmware - INFO - Erase Flash ESP32S3 = Stub running...
2024-10-02 08:20:27,417 - components.flashFirmware.flashFirmware - INFO - Erase Flash ESP32S3 = Changing baud rate to 460800
2024-10-02 08:20:27,417 - components.flashFirmware.flashFirmware - INFO - Erase Flash ESP32S3 = Changed.
2024-10-02 08:20:27,417 - components.flashFirmware.flashFirmware - INFO - Erase Flash ESP32S3 = Erasing region (may be slow depending on size)...
2024-10-02 08:20:27,417 - components.flashFirmware.flashFirmware - INFO - Erase Flash ESP32S3 = Erase completed successfully in 5.1 seconds.
2024-10-02 08:20:27,417 - components.flashFirmware.flashFirmware - INFO - Erase Flash ESP32S3 = Hard resetting via RTS pin...
2024-10-02 08:20:28,424 - components.flashFirmware.flashFirmware - INFO - Flashing ESP32H2 Firmware: esptool.py --chip esp32h2 -p /dev/ttyUSB2 -b 115200 write_flash 0x0 /home/anuarrozman2303/Airdroitech/FactoryApp_Merge/FlashingTool/firmware/h2/bootloader.bin 0x8000 /home/anuarrozman2303/Airdroitech/FactoryApp_Merge/FlashingTool/firmware/h2/partition-table.bin 0x10000 /home/anuarrozman2303/Airdroitech/FactoryApp_Merge/FlashingTool/firmware/h2/ATIR_H2.bin

2024-10-02 08:20:28,424 - components.flashFirmware.flashFirmware - INFO - Flashing ESP32S3 Firmware: esptool.py --chip esp32s3 -p /dev/ttyUSB0 -b 460800 write_flash 0x0 /home/anuarrozman2303/Airdroitech/FactoryApp_Merge/FlashingTool/firmware/s3/bootloader.bin 0xC000 /home/anuarrozman2303/Airdroitech/FactoryApp_Merge/FlashingTool/firmware/s3/partition-table.bin 0x1E000 /home/anuarrozman2303/Airdroitech/FactoryApp_Merge/FlashingTool/firmware/s3/ota_data_initial.bin 0x1F0000 /home/anuarrozman2303/Airdroitech/FactoryApp_Merge/FlashingTool/firmware/s3/ARCHIVE/partitions_8MB_TBR/v1_0_0-20240717-rc1.bin

2024-10-02 08:20:28,469 - components.flashFirmware.flashFirmware - INFO - Flashing ESP32S3 Firmware = esptool.py v4.7.0
2024-10-02 08:20:28,469 - components.flashFirmware.flashFirmware - INFO - Flashing ESP32S3 Firmware = Serial port /dev/ttyUSB0
2024-10-02 08:20:28,471 - components.flashFirmware.flashFirmware - INFO - Flashing ESP32H2 Firmware = esptool.py v4.7.0
2024-10-02 08:20:28,471 - components.flashFirmware.flashFirmware - INFO - Flashing ESP32H2 Firmware = Serial port /dev/ttyUSB2
2024-10-02 08:20:29,409 - components.flashFirmware.flashFirmware - INFO - Flashing ESP32H2 Firmware = Connecting....
2024-10-02 08:20:29,409 - components.flashFirmware.flashFirmware - INFO - Flashing ESP32H2 Firmware = Chip is ESP32-H2 (revision v0.1)
2024-10-02 08:20:29,409 - components.flashFirmware.flashFirmware - INFO - Flashing ESP32H2 Firmware = Features: BLE, IEEE802.15.4
2024-10-02 08:20:29,409 - components.flashFirmware.flashFirmware - INFO - Flashing ESP32H2 Firmware = Crystal is 32MHz
2024-10-02 08:20:29,409 - components.flashFirmware.flashFirmware - INFO - Flashing ESP32H2 Firmware = MAC: 48:31:b7:ff:fe:c0:19:80
2024-10-02 08:20:29,409 - components.flashFirmware.flashFirmware - INFO - Flashing ESP32H2 Firmware = BASE MAC: 48:31:b7:c0:19:80
2024-10-02 08:20:29,409 - components.flashFirmware.flashFirmware - INFO - Flashing ESP32H2 Firmware = MAC_EXT: ff:fe
2024-10-02 08:20:29,409 - components.flashFirmware.flashFirmware - INFO - Flashing ESP32H2 Firmware = Uploading stub...
2024-10-02 08:20:29,409 - components.flashFirmware.flashFirmware - INFO - Flashing ESP32H2 Firmware = Running stub...
2024-10-02 08:20:29,409 - components.flashFirmware.flashFirmware - INFO - Flashing ESP32H2 Firmware = Stub running...
2024-10-02 08:20:29,409 - components.flashFirmware.flashFirmware - INFO - Flashing ESP32H2 Firmware = Configuring flash size...
2024-10-02 08:20:29,409 - components.flashFirmware.flashFirmware - INFO - Flashing ESP32H2 Firmware = Flash will be erased from 0x00000000 to 0x00005fff...
2024-10-02 08:20:29,409 - components.flashFirmware.flashFirmware - INFO - Flashing ESP32H2 Firmware = Flash will be erased from 0x00008000 to 0x00008fff...
2024-10-02 08:20:29,409 - components.flashFirmware.flashFirmware - INFO - Flashing ESP32H2 Firmware = Flash will be erased from 0x00010000 to 0x00040fff...
2024-10-02 08:20:29,409 - components.flashFirmware.flashFirmware - INFO - Flashing ESP32H2 Firmware = Compressed 21424 bytes to 12965...
2024-10-02 08:20:29,409 - components.flashFirmware.flashFirmware - INFO - Flashing ESP32H2 Firmware = Writing at 0x00000000... (100 %)
2024-10-02 08:20:30,245 - components.flashFirmware.flashFirmware - INFO - Flashing ESP32S3 Firmware = Connecting....
2024-10-02 08:20:30,245 - components.flashFirmware.flashFirmware - INFO - Flashing ESP32S3 Firmware = Chip is ESP32-S3 (QFN56) (revision v0.1)
2024-10-02 08:20:30,245 - components.flashFirmware.flashFirmware - INFO - Flashing ESP32S3 Firmware = Features: WiFi, BLE
2024-10-02 08:20:30,245 - components.flashFirmware.flashFirmware - INFO - Flashing ESP32S3 Firmware = Crystal is 40MHz
2024-10-02 08:20:30,245 - components.flashFirmware.flashFirmware - INFO - Flashing ESP32S3 Firmware = MAC: 34:85:18:50:fa:94
2024-10-02 08:20:30,245 - components.flashFirmware.flashFirmware - INFO - Flashing ESP32S3 Firmware = Uploading stub...
2024-10-02 08:20:30,245 - components.flashFirmware.flashFirmware - INFO - Flashing ESP32S3 Firmware = Running stub...
2024-10-02 08:20:30,245 - components.flashFirmware.flashFirmware - INFO - Flashing ESP32S3 Firmware = Stub running...
2024-10-02 08:20:30,245 - components.flashFirmware.flashFirmware - INFO - Flashing ESP32S3 Firmware = Changing baud rate to 460800
2024-10-02 08:20:30,245 - components.flashFirmware.flashFirmware - INFO - Flashing ESP32S3 Firmware = Changed.
2024-10-02 08:20:30,245 - components.flashFirmware.flashFirmware - INFO - Flashing ESP32S3 Firmware = Configuring flash size...
2024-10-02 08:20:30,245 - components.flashFirmware.flashFirmware - INFO - Flashing ESP32S3 Firmware = Flash will be erased from 0x00000000 to 0x00005fff...
2024-10-02 08:20:30,245 - components.flashFirmware.flashFirmware - INFO - Flashing ESP32S3 Firmware = Flash will be erased from 0x0000c000 to 0x0000cfff...
2024-10-02 08:20:30,245 - components.flashFirmware.flashFirmware - INFO - Flashing ESP32S3 Firmware = Flash will be erased from 0x0001e000 to 0x0001ffff...
2024-10-02 08:20:30,245 - components.flashFirmware.flashFirmware - INFO - Flashing ESP32S3 Firmware = Flash will be erased from 0x001f0000 to 0x0038afff...
2024-10-02 08:20:30,245 - components.flashFirmware.flashFirmware - INFO - Flashing ESP32S3 Firmware = Compressed 21136 bytes to 13136...
2024-10-02 08:20:30,245 - components.flashFirmware.flashFirmware - INFO - Flashing ESP32S3 Firmware = Writing at 0x00000000... (100 %)
2024-10-02 08:20:30,788 - components.flashFirmware.flashFirmware - INFO - Flashing ESP32S3 Firmware = Wrote 21136 bytes (13136 compressed) at 0x00000000 in 0.5 seconds (effective 352.8 kbit/s)...
2024-10-02 08:20:30,788 - components.flashFirmware.flashFirmware - INFO - Flashing ESP32S3 Firmware = Hash of data verified.
2024-10-02 08:20:30,788 - components.flashFirmware.flashFirmware - INFO - Flashing ESP32S3 Firmware = Compressed 3072 bytes to 270...
2024-10-02 08:20:30,788 - components.flashFirmware.flashFirmware - INFO - Flashing ESP32S3 Firmware = Writing at 0x0000c000... (100 %)
2024-10-02 08:20:30,801 - components.flashFirmware.flashFirmware - INFO - Flashing ESP32H2 Firmware = Wrote 21424 bytes (12965 compressed) at 0x00000000 in 1.3 seconds (effective 128.4 kbit/s)...
2024-10-02 08:20:30,801 - components.flashFirmware.flashFirmware - INFO - Flashing ESP32H2 Firmware = Hash of data verified.
2024-10-02 08:20:30,801 - components.flashFirmware.flashFirmware - INFO - Flashing ESP32H2 Firmware = Compressed 3072 bytes to 103...
2024-10-02 08:20:30,801 - components.flashFirmware.flashFirmware - INFO - Flashing ESP32H2 Firmware = Writing at 0x00008000... (100 %)
2024-10-02 08:20:30,852 - components.flashFirmware.flashFirmware - INFO - Flashing ESP32S3 Firmware = Wrote 3072 bytes (270 compressed) at 0x0000c000 in 0.0 seconds (effective 771.5 kbit/s)...
2024-10-02 08:20:30,852 - components.flashFirmware.flashFirmware - INFO - Flashing ESP32S3 Firmware = Hash of data verified.
2024-10-02 08:20:30,852 - components.flashFirmware.flashFirmware - INFO - Flashing ESP32S3 Firmware = Compressed 8192 bytes to 31...
2024-10-02 08:20:30,852 - components.flashFirmware.flashFirmware - INFO - Flashing ESP32S3 Firmware = Writing at 0x0001e000... (100 %)
2024-10-02 08:20:30,867 - components.flashFirmware.flashFirmware - INFO - Flashing ESP32H2 Firmware = Wrote 3072 bytes (103 compressed) at 0x00008000 in 0.0 seconds (effective 616.6 kbit/s)...
2024-10-02 08:20:30,867 - components.flashFirmware.flashFirmware - INFO - Flashing ESP32H2 Firmware = Hash of data verified.
2024-10-02 08:20:30,867 - components.flashFirmware.flashFirmware - INFO - Flashing ESP32H2 Firmware = Compressed 198544 bytes to 102827...
2024-10-02 08:20:30,867 - components.flashFirmware.flashFirmware - INFO - Flashing ESP32H2 Firmware = Writing at 0x00010000... (14 %)
2024-10-02 08:20:31,012 - components.flashFirmware.flashFirmware - INFO - Flashing ESP32S3 Firmware = Wrote 8192 bytes (31 compressed) at 0x0001e000 in 0.0 seconds (effective 1375.1 kbit/s)...
2024-10-02 08:20:31,012 - components.flashFirmware.flashFirmware - INFO - Flashing ESP32S3 Firmware = Hash of data verified.
2024-10-02 08:20:31,012 - components.flashFirmware.flashFirmware - INFO - Flashing ESP32S3 Firmware = Compressed 1682672 bytes to 1062104...
2024-10-02 08:20:31,012 - components.flashFirmware.flashFirmware - INFO - Flashing ESP32S3 Firmware = Writing at 0x001f0000... (1 %)
2024-10-02 08:20:31,379 - components.flashFirmware.flashFirmware - INFO - Flashing ESP32S3 Firmware = Writing at 0x001fc806... (3 %)
2024-10-02 08:20:31,747 - components.flashFirmware.flashFirmware - INFO - Flashing ESP32S3 Firmware = Writing at 0x0020994e... (4 %)
2024-10-02 08:20:32,115 - components.flashFirmware.flashFirmware - INFO - Flashing ESP32S3 Firmware = Writing at 0x00218600... (6 %)
2024-10-02 08:20:32,309 - components.flashFirmware.flashFirmware - INFO - Flashing ESP32H2 Firmware = Writing at 0x0001b22a... (28 %)
2024-10-02 08:20:32,483 - components.flashFirmware.flashFirmware - INFO - Flashing ESP32S3 Firmware = Writing at 0x00223512... (7 %)
2024-10-02 08:20:32,851 - components.flashFirmware.flashFirmware - INFO - Flashing ESP32S3 Firmware = Writing at 0x0022a505... (9 %)
2024-10-02 08:20:33,219 - components.flashFirmware.flashFirmware - INFO - Flashing ESP32S3 Firmware = Writing at 0x0022f66c... (10 %)
2024-10-02 08:20:33,586 - components.flashFirmware.flashFirmware - INFO - Flashing ESP32S3 Firmware = Writing at 0x0023d5ac... (12 %)
2024-10-02 08:20:33,749 - components.flashFirmware.flashFirmware - INFO - Flashing ESP32H2 Firmware = Writing at 0x00021afc... (42 %)
2024-10-02 08:20:33,970 - components.flashFirmware.flashFirmware - INFO - Flashing ESP32S3 Firmware = Writing at 0x00244cdc... (13 %)
2024-10-02 08:20:34,338 - components.flashFirmware.flashFirmware - INFO - Flashing ESP32S3 Firmware = Writing at 0x0024a7f0... (15 %)
2024-10-02 08:20:34,706 - components.flashFirmware.flashFirmware - INFO - Flashing ESP32S3 Firmware = Writing at 0x00250b8c... (16 %)
2024-10-02 08:20:35,074 - components.flashFirmware.flashFirmware - INFO - Flashing ESP32S3 Firmware = Writing at 0x002562d6... (18 %)
2024-10-02 08:20:35,190 - components.flashFirmware.flashFirmware - INFO - Flashing ESP32H2 Firmware = Writing at 0x0002888a... (57 %)
2024-10-02 08:20:35,441 - components.flashFirmware.flashFirmware - INFO - Flashing ESP32S3 Firmware = Writing at 0x0025c9dc... (20 %)
2024-10-02 08:20:35,809 - components.flashFirmware.flashFirmware - INFO - Flashing ESP32S3 Firmware = Writing at 0x0026261d... (21 %)
2024-10-02 08:20:36,177 - components.flashFirmware.flashFirmware - INFO - Flashing ESP32S3 Firmware = Writing at 0x00268b3c... (23 %)
2024-10-02 08:20:36,545 - components.flashFirmware.flashFirmware - INFO - Flashing ESP32S3 Firmware = Writing at 0x0026f14a... (24 %)
2024-10-02 08:20:36,630 - components.flashFirmware.flashFirmware - INFO - Flashing ESP32H2 Firmware = Writing at 0x000303e2... (71 %)
2024-10-02 08:20:36,913 - components.flashFirmware.flashFirmware - INFO - Flashing ESP32S3 Firmware = Writing at 0x00274cc1... (26 %)
2024-10-02 08:20:37,281 - components.flashFirmware.flashFirmware - INFO - Flashing ESP32S3 Firmware = Writing at 0x0027ae52... (27 %)
2024-10-02 08:20:37,648 - components.flashFirmware.flashFirmware - INFO - Flashing ESP32S3 Firmware = Writing at 0x00280af9... (29 %)
2024-10-02 08:20:38,016 - components.flashFirmware.flashFirmware - INFO - Flashing ESP32S3 Firmware = Writing at 0x0028630f... (30 %)
2024-10-02 08:20:38,070 - components.flashFirmware.flashFirmware - INFO - Flashing ESP32H2 Firmware = Writing at 0x00036dd1... (85 %)
2024-10-02 08:20:38,384 - components.flashFirmware.flashFirmware - INFO - Flashing ESP32S3 Firmware = Writing at 0x0028c593... (32 %)
2024-10-02 08:20:38,752 - components.flashFirmware.flashFirmware - INFO - Flashing ESP32S3 Firmware = Writing at 0x00292850... (33 %)
2024-10-02 08:20:39,119 - components.flashFirmware.flashFirmware - INFO - Flashing ESP32S3 Firmware = Writing at 0x00297f57... (35 %)
2024-10-02 08:20:39,487 - components.flashFirmware.flashFirmware - INFO - Flashing ESP32S3 Firmware = Writing at 0x0029da76... (36 %)
2024-10-02 08:20:39,512 - components.flashFirmware.flashFirmware - INFO - Flashing ESP32H2 Firmware = Writing at 0x0003e517... (100 %)
2024-10-02 08:20:39,855 - components.flashFirmware.flashFirmware - INFO - Flashing ESP32S3 Firmware = Writing at 0x002a3676... (38 %)
2024-10-02 08:20:40,223 - components.flashFirmware.flashFirmware - INFO - Flashing ESP32S3 Firmware = Writing at 0x002a9198... (40 %)
2024-10-02 08:20:40,591 - components.flashFirmware.flashFirmware - INFO - Flashing ESP32S3 Firmware = Writing at 0x002aeb31... (41 %)
2024-10-02 08:20:40,611 - components.flashFirmware.flashFirmware - INFO - Flashing ESP32H2 Firmware = Wrote 198544 bytes (102827 compressed) at 0x00010000 in 9.2 seconds (effective 172.5 kbit/s)...
2024-10-02 08:20:40,611 - components.flashFirmware.flashFirmware - INFO - Flashing ESP32H2 Firmware = Hash of data verified.
2024-10-02 08:20:40,612 - components.flashFirmware.flashFirmware - INFO - Flashing ESP32H2 Firmware = 
2024-10-02 08:20:40,612 - components.flashFirmware.flashFirmware - INFO - Flashing ESP32H2 Firmware = Leaving...
2024-10-02 08:20:40,612 - components.flashFirmware.flashFirmware - INFO - Flashing ESP32H2 Firmware = Hard resetting via RTS pin...
2024-10-02 08:20:40,612 - components.flashFirmware.flashFirmware - INFO - Flashing ESP32H2 Firmware Complete
2024-10-02 08:20:40,617 - components.flashFirmware.flashFirmware - INFO - Flashing ESP32H2 Firmware Completed
2024-10-02 08:20:40,959 - components.flashFirmware.flashFirmware - INFO - Flashing ESP32S3 Firmware = Writing at 0x002b464b... (43 %)
2024-10-02 08:20:41,326 - components.flashFirmware.flashFirmware - INFO - Flashing ESP32S3 Firmware = Writing at 0x002b9ee2... (44 %)
2024-10-02 08:20:41,695 - components.flashFirmware.flashFirmware - INFO - Flashing ESP32S3 Firmware = Writing at 0x002bf595... (46 %)
2024-10-02 08:20:42,062 - components.flashFirmware.flashFirmware - INFO - Flashing ESP32S3 Firmware = Writing at 0x002c48e2... (47 %)
2024-10-02 08:20:42,430 - components.flashFirmware.flashFirmware - INFO - Flashing ESP32S3 Firmware = Writing at 0x002c9b46... (49 %)
2024-10-02 08:20:42,798 - components.flashFirmware.flashFirmware - INFO - Flashing ESP32S3 Firmware = Writing at 0x002cf0be... (50 %)
2024-10-02 08:20:43,166 - components.flashFirmware.flashFirmware - INFO - Flashing ESP32S3 Firmware = Writing at 0x002d4638... (52 %)
2024-10-02 08:20:43,533 - components.flashFirmware.flashFirmware - INFO - Flashing ESP32S3 Firmware = Writing at 0x002d97bc... (53 %)
2024-10-02 08:20:43,902 - components.flashFirmware.flashFirmware - INFO - Flashing ESP32S3 Firmware = Writing at 0x002de7cf... (55 %)
2024-10-02 08:20:44,269 - components.flashFirmware.flashFirmware - INFO - Flashing ESP32S3 Firmware = Writing at 0x002e38b4... (56 %)
2024-10-02 08:20:44,638 - components.flashFirmware.flashFirmware - INFO - Flashing ESP32S3 Firmware = Writing at 0x002e8925... (58 %)
2024-10-02 08:20:45,005 - components.flashFirmware.flashFirmware - INFO - Flashing ESP32S3 Firmware = Writing at 0x002edbf0... (60 %)
2024-10-02 08:20:45,373 - components.flashFirmware.flashFirmware - INFO - Flashing ESP32S3 Firmware = Writing at 0x002f30fa... (61 %)
2024-10-02 08:20:45,741 - components.flashFirmware.flashFirmware - INFO - Flashing ESP32S3 Firmware = Writing at 0x002f8a7d... (63 %)
2024-10-02 08:20:46,109 - components.flashFirmware.flashFirmware - INFO - Flashing ESP32S3 Firmware = Writing at 0x002fe184... (64 %)
2024-10-02 08:20:46,477 - components.flashFirmware.flashFirmware - INFO - Flashing ESP32S3 Firmware = Writing at 0x00303240... (66 %)
2024-10-02 08:20:46,844 - components.flashFirmware.flashFirmware - INFO - Flashing ESP32S3 Firmware = Writing at 0x003089e4... (67 %)
2024-10-02 08:20:47,212 - components.flashFirmware.flashFirmware - INFO - Flashing ESP32S3 Firmware = Writing at 0x0030e0d0... (69 %)
2024-10-02 08:20:47,580 - components.flashFirmware.flashFirmware - INFO - Flashing ESP32S3 Firmware = Writing at 0x00313fce... (70 %)
2024-10-02 08:20:47,948 - components.flashFirmware.flashFirmware - INFO - Flashing ESP32S3 Firmware = Writing at 0x00319c9c... (72 %)
2024-10-02 08:20:48,316 - components.flashFirmware.flashFirmware - INFO - Flashing ESP32S3 Firmware = Writing at 0x0031f658... (73 %)
2024-10-02 08:20:48,684 - components.flashFirmware.flashFirmware - INFO - Flashing ESP32S3 Firmware = Writing at 0x00324ab9... (75 %)
2024-10-02 08:20:49,051 - components.flashFirmware.flashFirmware - INFO - Flashing ESP32S3 Firmware = Writing at 0x0032a0e6... (76 %)
2024-10-02 08:20:49,419 - components.flashFirmware.flashFirmware - INFO - Flashing ESP32S3 Firmware = Writing at 0x0032f70f... (78 %)
2024-10-02 08:20:49,787 - components.flashFirmware.flashFirmware - INFO - Flashing ESP32S3 Firmware = Writing at 0x00334c0f... (80 %)
2024-10-02 08:20:50,155 - components.flashFirmware.flashFirmware - INFO - Flashing ESP32S3 Firmware = Writing at 0x0033a638... (81 %)
2024-10-02 08:20:50,523 - components.flashFirmware.flashFirmware - INFO - Flashing ESP32S3 Firmware = Writing at 0x0033fdfc... (83 %)
2024-10-02 08:20:50,891 - components.flashFirmware.flashFirmware - INFO - Flashing ESP32S3 Firmware = Writing at 0x003450e6... (84 %)
2024-10-02 08:20:51,258 - components.flashFirmware.flashFirmware - INFO - Flashing ESP32S3 Firmware = Writing at 0x0034a665... (86 %)
2024-10-02 08:20:51,627 - components.flashFirmware.flashFirmware - INFO - Flashing ESP32S3 Firmware = Writing at 0x0035025c... (87 %)
2024-10-02 08:20:51,994 - components.flashFirmware.flashFirmware - INFO - Flashing ESP32S3 Firmware = Writing at 0x00356107... (89 %)
2024-10-02 08:20:52,362 - components.flashFirmware.flashFirmware - INFO - Flashing ESP32S3 Firmware = Writing at 0x00360972... (90 %)
2024-10-02 08:20:52,730 - components.flashFirmware.flashFirmware - INFO - Flashing ESP32S3 Firmware = Writing at 0x00369015... (92 %)
2024-10-02 08:20:53,098 - components.flashFirmware.flashFirmware - INFO - Flashing ESP32S3 Firmware = Writing at 0x0036f1ac... (93 %)
2024-10-02 08:20:53,466 - components.flashFirmware.flashFirmware - INFO - Flashing ESP32S3 Firmware = Writing at 0x003753cd... (95 %)
2024-10-02 08:20:53,833 - components.flashFirmware.flashFirmware - INFO - Flashing ESP32S3 Firmware = Writing at 0x0037abd9... (96 %)
2024-10-02 08:20:54,201 - components.flashFirmware.flashFirmware - INFO - Flashing ESP32S3 Firmware = Writing at 0x00380431... (98 %)
2024-10-02 08:20:54,569 - components.flashFirmware.flashFirmware - INFO - Flashing ESP32S3 Firmware = Writing at 0x0038637a... (100 %)
2024-10-02 08:20:57,950 - components.flashFirmware.flashFirmware - INFO - Flashing ESP32S3 Firmware = Wrote 1682672 bytes (1062104 compressed) at 0x001f0000 in 24.1 seconds (effective 559.3 kbit/s)...
2024-10-02 08:20:57,950 - components.flashFirmware.flashFirmware - INFO - Flashing ESP32S3 Firmware = Hash of data verified.
2024-10-02 08:20:57,950 - components.flashFirmware.flashFirmware - INFO - Flashing ESP32S3 Firmware = 
2024-10-02 08:20:57,950 - components.flashFirmware.flashFirmware - INFO - Flashing ESP32S3 Firmware = Leaving...
2024-10-02 08:20:57,950 - components.flashFirmware.flashFirmware - INFO - Flashing ESP32S3 Firmware = Hard resetting via RTS pin...
2024-10-02 08:20:57,950 - components.flashFirmware.flashFirmware - INFO - Flashing ESP32S3 Firmware Complete
2024-10-02 08:20:57,956 - components.flashFirmware.flashFirmware - INFO - Flashing ESP32S3 Firmware Completed
2024-10-02 08:20:58,957 - __main__ - INFO - Flashing esp32s3 certificate
2024-10-02 08:20:58,957 - __main__ - INFO - Flashing esp32s3 certificate, Port: /dev/ttyUSB0, Baud: 460800
2024-10-02 08:20:58,957 - __main__ - INFO - ESP32S3 Secure Cert Partition Address: 0xD000
2024-10-02 08:20:58,957 - __main__ - INFO - ESP32S3 Data Provider Partition Address: 0x60000
2024-10-02 08:20:58,957 - __main__ - INFO - ESP32S3 DAC Use ESPTOOL: True
2024-10-02 08:20:58,958 - components.flashCert.flashCert - DEBUG - Cert file path: /home/anuarrozman2303/Airdroitech/FactoryApp_Merge/FlashingTool/certs/A09000500/espsecurecert/out/146d_1/dc19b802-47e1-4c5b-bf01-5279442482fc/dc19b802-47e1-4c5b-bf01-5279442482fc_esp_secure_cert.bin
2024-10-02 08:20:58,958 - components.flashCert.flashCert - INFO - Flashing certificate with cert-id: /home/anuarrozman2303/Airdroitech/FactoryApp_Merge/FlashingTool/certs/A09000500/espsecurecert/out/146d_1/dc19b802-47e1-4c5b-bf01-5279442482fc/dc19b802-47e1-4c5b-bf01-5279442482fc_esp_secure_cert.bin on port /dev/ttyUSB0
2024-10-02 08:20:58,958 - components.flashCert.flashCert - DEBUG - ESP Secure Cert /home/anuarrozman2303/Airdroitech/FactoryApp_Merge/FlashingTool/certs/A09000500/espsecurecert/out/146d_1/dc19b802-47e1-4c5b-bf01-5279442482fc/dc19b802-47e1-4c5b-bf01-5279442482fc_esp_secure_cert.bin on port /dev/ttyUSB0...
2024-10-02 08:20:58,958 - components.flashCert.flashCert - DEBUG - Certify Process: Flashing cert with bin_path: /home/anuarrozman2303/Airdroitech/FactoryApp_Merge/FlashingTool/certs/A09000500/espsecurecert/out/146d_1/dc19b802-47e1-4c5b-bf01-5279442482fc/dc19b802-47e1-4c5b-bf01-5279442482fc_esp_secure_cert.bin and part_bin_path: /home/anuarrozman2303/Airdroitech/FactoryApp_Merge/FlashingTool/certs/A09000500/espsecurecert/out/146d_1/dc19b802-47e1-4c5b-bf01-5279442482fc/dc19b802-47e1-4c5b-bf01-5279442482fc-partition.bin
2024-10-02 08:20:58,958 - components.flashCert.flashCert - INFO - Flashing ESP32S3 Cert with command: esptool.py -p /dev/ttyUSB0 -b 460800 write_flash 0xD000 /home/anuarrozman2303/Airdroitech/FactoryApp_Merge/FlashingTool/certs/A09000500/espsecurecert/out/146d_1/dc19b802-47e1-4c5b-bf01-5279442482fc/dc19b802-47e1-4c5b-bf01-5279442482fc_esp_secure_cert.bin 0x60000 /home/anuarrozman2303/Airdroitech/FactoryApp_Merge/FlashingTool/certs/A09000500/espsecurecert/out/146d_1/dc19b802-47e1-4c5b-bf01-5279442482fc/dc19b802-47e1-4c5b-bf01-5279442482fc-partition.bin

2024-10-02 08:20:58,999 - components.flashCert.flashCert - INFO - Flashing ESP32S3 Cert = esptool.py v4.7.0
2024-10-02 08:20:58,999 - components.flashCert.flashCert - INFO - Flashing ESP32S3 Cert = Serial port /dev/ttyUSB0
2024-10-02 08:21:00,614 - components.flashCert.flashCert - INFO - Flashing ESP32S3 Cert = Connecting....
2024-10-02 08:21:00,614 - components.flashCert.flashCert - INFO - Flashing ESP32S3 Cert = Detecting chip type... ESP32-S3
2024-10-02 08:21:00,614 - components.flashCert.flashCert - INFO - Flashing ESP32S3 Cert = Chip is ESP32-S3 (QFN56) (revision v0.1)
2024-10-02 08:21:00,614 - components.flashCert.flashCert - INFO - Flashing ESP32S3 Cert = Features: WiFi, BLE
2024-10-02 08:21:00,614 - components.flashCert.flashCert - INFO - Flashing ESP32S3 Cert = Crystal is 40MHz
2024-10-02 08:21:00,614 - components.flashCert.flashCert - INFO - Flashing ESP32S3 Cert = MAC: 34:85:18:50:fa:94
2024-10-02 08:21:00,614 - components.flashCert.flashCert - INFO - Flashing ESP32S3 Cert = Uploading stub...
2024-10-02 08:21:00,614 - components.flashCert.flashCert - INFO - Flashing ESP32S3 Cert = Running stub...
2024-10-02 08:21:00,614 - components.flashCert.flashCert - INFO - Flashing ESP32S3 Cert = Stub running...
2024-10-02 08:21:00,614 - components.flashCert.flashCert - INFO - Flashing ESP32S3 Cert = Changing baud rate to 460800
2024-10-02 08:21:00,614 - components.flashCert.flashCert - INFO - Flashing ESP32S3 Cert = Changed.
2024-10-02 08:21:00,614 - components.flashCert.flashCert - INFO - Flashing ESP32S3 Cert = Configuring flash size...
2024-10-02 08:21:00,614 - components.flashCert.flashCert - INFO - Flashing ESP32S3 Cert = Flash will be erased from 0x0000d000 to 0x0000efff...
2024-10-02 08:21:00,614 - components.flashCert.flashCert - INFO - Flashing ESP32S3 Cert = Flash will be erased from 0x00060000 to 0x00065fff...
2024-10-02 08:21:00,614 - components.flashCert.flashCert - INFO - Flashing ESP32S3 Cert = Compressed 8192 bytes to 773...
2024-10-02 08:21:00,614 - components.flashCert.flashCert - INFO - Flashing ESP32S3 Cert = Writing at 0x0000d000... (100 %)
2024-10-02 08:21:00,726 - components.flashCert.flashCert - INFO - Flashing ESP32S3 Cert = Wrote 8192 bytes (773 compressed) at 0x0000d000 in 0.1 seconds (effective 819.9 kbit/s)...
2024-10-02 08:21:00,726 - components.flashCert.flashCert - INFO - Flashing ESP32S3 Cert = Hash of data verified.
2024-10-02 08:21:00,726 - components.flashCert.flashCert - INFO - Flashing ESP32S3 Cert = Compressed 24576 bytes to 934...
2024-10-02 08:21:00,726 - components.flashCert.flashCert - INFO - Flashing ESP32S3 Cert = Writing at 0x00060000... (100 %)
2024-10-02 08:21:01,088 - components.flashCert.flashCert - INFO - Flashing ESP32S3 Cert = Wrote 24576 bytes (934 compressed) at 0x00060000 in 0.2 seconds (effective 1120.4 kbit/s)...
2024-10-02 08:21:01,088 - components.flashCert.flashCert - INFO - Flashing ESP32S3 Cert = Hash of data verified.
2024-10-02 08:21:01,088 - components.flashCert.flashCert - INFO - Flashing ESP32S3 Cert = 
2024-10-02 08:21:01,088 - components.flashCert.flashCert - INFO - Flashing ESP32S3 Cert = Leaving...
2024-10-02 08:21:01,088 - components.flashCert.flashCert - INFO - Flashing ESP32S3 Cert = Hard resetting via RTS pin...
2024-10-02 08:21:01,088 - components.flashCert.flashCert - INFO - Flashing ESP32S3 Cert Complete
2024-10-02 08:21:01,094 - components.flashCert.flashCert - INFO - FlashCert, Create New/Updata Database Start
2024-10-02 08:21:01,094 - components.flashCert.flashCert - DEBUG - Updating status for certId /home/anuarrozman2303/Airdroitech/FactoryApp_Merge/FlashingTool/certs/A09000500/espsecurecert/out/146d_1/dc19b802-47e1-4c5b-bf01-5279442482fc/dc19b802-47e1-4c5b-bf01-5279442482fc_esp_secure_cert.bin
2024-10-02 08:21:01,094 - components.flashCert.flashCert - DEBUG - Filtered certId =  esp-secure-cert-partition: dc19b802-47e1-4c5b-bf01-5279442482fc_esp_secure_cert.bin
2024-10-02 08:21:01,094 - components.flashCert.flashCert - DEBUG - Filtered macAddress =  mac-address: 34:85:18:50:fa:94
2024-10-02 08:21:01,094 - components.flashCert.flashCert - DEBUG - Reading file: /home/anuarrozman2303/Airdroitech/FactoryApp_Merge/FlashingTool/device_data.txt
2024-10-02 08:21:01,094 - components.flashCert.flashCert - INFO - Found in database =  mac-address: 34:85:18:50:fa:94
2024-10-02 08:21:01,094 - components.flashCert.flashCert - INFO - FlashCert, Create New/Updata Database End
2024-10-02 08:21:01,100 - __main__ - INFO - Test 1 Completed
2024-10-02 08:21:01,738 - __main__ - INFO - Test 2 Start
2024-10-02 08:21:01,739 - __main__ - INFO - Entering factory mode
2024-10-02 08:21:01,739 - __main__ - INFO - Reset Factory Mode Flag
2024-10-02 08:21:01,739 - __main__ - INFO - Open esp32s3 Factory Port
2024-10-02 08:21:01,739 - __main__ - INFO - factory Port: /dev/ttyUSB1, Baud: 115200
2024-10-02 08:21:01,739 - components.serialCom.serialCom - DEBUG - Opening port /dev/ttyUSB1 at 115200 baud
2024-10-02 08:21:01,743 - components.serialCom.serialCom - INFO - Opened port /dev/ttyUSB1 at 115200 baud
2024-10-02 08:21:01,743 - __main__ - INFO - Reboot esp32s3 and esp32h2
2024-10-02 08:21:01,743 - __main__ - INFO - Reboot esp32s3, Port: /dev/ttyUSB0, Baud: 460800
2024-10-02 08:21:01,743 - __main__ - INFO - Reboot esp32h2, Port: /dev/ttyUSB2, Baud: 115200
2024-10-02 08:21:01,743 - components.flashFirmware.flashFirmware - INFO - Reset ESP32H2: esptool.py -p /dev/ttyUSB2 -b 115200 run

2024-10-02 08:21:01,785 - components.flashFirmware.flashFirmware - INFO - Reset ESP32S3 = esptool.py v4.7.0
2024-10-02 08:21:01,785 - components.flashFirmware.flashFirmware - INFO - Reset ESP32S3 = Serial port /dev/ttyUSB2
2024-10-02 08:21:02,804 - components.flashFirmware.flashFirmware - INFO - Reset ESP32S3 = Connecting....
2024-10-02 08:21:02,804 - components.flashFirmware.flashFirmware - INFO - Reset ESP32S3 = Detecting chip type... ESP32-H2
2024-10-02 08:21:02,804 - components.flashFirmware.flashFirmware - INFO - Reset ESP32S3 = Chip is ESP32-H2 (revision v0.1)
2024-10-02 08:21:02,804 - components.flashFirmware.flashFirmware - INFO - Reset ESP32S3 = Features: BLE, IEEE802.15.4
2024-10-02 08:21:02,804 - components.flashFirmware.flashFirmware - INFO - Reset ESP32S3 = Crystal is 32MHz
2024-10-02 08:21:02,804 - components.flashFirmware.flashFirmware - INFO - Reset ESP32S3 = MAC: 48:31:b7:ff:fe:c0:19:80
2024-10-02 08:21:02,804 - components.flashFirmware.flashFirmware - INFO - Reset ESP32S3 = BASE MAC: 48:31:b7:c0:19:80
2024-10-02 08:21:02,804 - components.flashFirmware.flashFirmware - INFO - Reset ESP32S3 = MAC_EXT: ff:fe
2024-10-02 08:21:02,804 - components.flashFirmware.flashFirmware - INFO - Reset ESP32S3 = Uploading stub...
2024-10-02 08:21:02,804 - components.flashFirmware.flashFirmware - INFO - Reset ESP32S3 = Running stub...
2024-10-02 08:21:02,804 - components.flashFirmware.flashFirmware - INFO - Reset ESP32S3 = Stub running...
2024-10-02 08:21:02,804 - components.flashFirmware.flashFirmware - INFO - Reset ESP32S3 = Hard resetting via RTS pin...
2024-10-02 08:21:07,810 - components.flashFirmware.flashFirmware - INFO - Reset ESP32H2: esptool.py -p /dev/ttyUSB0 -b 460800 run

2024-10-02 08:21:07,849 - components.flashFirmware.flashFirmware - INFO - Reset ESP32S3 = esptool.py v4.7.0
2024-10-02 08:21:07,850 - components.flashFirmware.flashFirmware - INFO - Reset ESP32S3 = Serial port /dev/ttyUSB0
2024-10-02 08:21:09,540 - components.flashFirmware.flashFirmware - INFO - Reset ESP32S3 = Connecting....
2024-10-02 08:21:09,540 - components.flashFirmware.flashFirmware - INFO - Reset ESP32S3 = Detecting chip type... ESP32-S3
2024-10-02 08:21:09,540 - components.flashFirmware.flashFirmware - INFO - Reset ESP32S3 = Chip is ESP32-S3 (QFN56) (revision v0.1)
2024-10-02 08:21:09,540 - components.flashFirmware.flashFirmware - INFO - Reset ESP32S3 = Features: WiFi, BLE
2024-10-02 08:21:09,540 - components.flashFirmware.flashFirmware - INFO - Reset ESP32S3 = Crystal is 40MHz
2024-10-02 08:21:09,540 - components.flashFirmware.flashFirmware - INFO - Reset ESP32S3 = MAC: 34:85:18:50:fa:94
2024-10-02 08:21:09,540 - components.flashFirmware.flashFirmware - INFO - Reset ESP32S3 = Uploading stub...
2024-10-02 08:21:09,540 - components.flashFirmware.flashFirmware - INFO - Reset ESP32S3 = Running stub...
2024-10-02 08:21:09,540 - components.flashFirmware.flashFirmware - INFO - Reset ESP32S3 = Stub running...
2024-10-02 08:21:09,540 - components.flashFirmware.flashFirmware - INFO - Reset ESP32S3 = Changing baud rate to 460800
2024-10-02 08:21:09,540 - components.flashFirmware.flashFirmware - INFO - Reset ESP32S3 = Changed.
2024-10-02 08:21:09,540 - components.flashFirmware.flashFirmware - INFO - Reset ESP32S3 = Hard resetting via RTS pin...
2024-10-02 08:21:11,139 - components.serialCom.serialCom - DEBUG - Received: .
2024-10-02 08:21:11,139 - components.serialCom.serialCom - DEBUG - Data contains '.'
2024-10-02 08:21:11,139 - components.serialCom.serialCom - DEBUG - SerialCom, Factory: polyaire&ADT

2024-10-02 08:21:14,546 - __main__ - INFO - Start Wait 3
2024-10-02 08:21:17,546 - __main__ - INFO - Finish Wait 3
2024-10-02 08:21:18,547 - __main__ - INFO - Read MAC Address
2024-10-02 08:21:18,547 - __main__ - DEBUG - SerialCom, Sent: FF:3;MAC?
2024-10-02 08:21:18,547 - __main__ - INFO - Read MAC Address Command: FF:3;MAC?
2024-10-02 08:21:18,547 - __main__ - INFO - Reference MAC Address: 34:85:18:50:fa:94
2024-10-02 08:21:19,597 - components.serialCom.serialCom - DEBUG - Received: 3;MAC? = 34:85:18:50:FA:94
2024-10-02 08:21:19,597 - components.serialCom.serialCom - INFO - SerialCom, MAC Address: 34:85:18:50:FA:94
2024-10-02 08:21:21,548 - __main__ - INFO - Read MAC Address: Pass
2024-10-02 08:21:21,548 - __main__ - INFO - Write Product Name
2024-10-02 08:21:21,548 - __main__ - DEBUG - SerialCom, Sent: FF:3;PRD-ATBEAM
2024-10-02 08:21:21,549 - __main__ - INFO - Write Product Name Command: FF:3;PRD-ATBEAM
2024-10-02 08:21:22,596 - components.serialCom.serialCom - DEBUG - Received: 3;PRD-ATBEAM
2024-10-02 08:21:24,549 - __main__ - INFO - Read Product Name
2024-10-02 08:21:24,549 - __main__ - DEBUG - SerialCom, Sent: FF:3;PRD?
2024-10-02 08:21:24,549 - __main__ - INFO - Read Product Name Command: FF:3;PRD?
2024-10-02 08:21:24,549 - __main__ - INFO - Reference Product Name: ATBEAM
2024-10-02 08:21:25,596 - components.serialCom.serialCom - DEBUG - Received: 3;PRD? = ATBEAM
2024-10-02 08:21:25,596 - components.serialCom.serialCom - INFO - SerialCom, Product Name: ATBEAM
2024-10-02 08:21:27,549 - __main__ - INFO - Product Name: Pass
2024-10-02 08:21:27,550 - __main__ - INFO - Write Serial Number
2024-10-02 08:21:27,550 - __main__ - DEBUG - SerialCom, Sent: FF:3;SRN-A09000500
2024-10-02 08:21:27,550 - __main__ - INFO - Write Serial Number Command: FF:3;SRN-A09000500
2024-10-02 08:21:28,597 - components.serialCom.serialCom - DEBUG - Received: 3;SRN-A09000500
2024-10-02 08:21:30,550 - __main__ - INFO - Read Serial Number
2024-10-02 08:21:30,550 - __main__ - DEBUG - SerialCom, Sent: FF:3;SRN?
2024-10-02 08:21:30,551 - __main__ - INFO - Read Serial Number Command: FF:3;SRN?
2024-10-02 08:21:31,599 - components.serialCom.serialCom - DEBUG - Received: 3;SRN? = A09000500
2024-10-02 08:21:31,599 - components.serialCom.serialCom - INFO - SerialCom, Serial Number: A09000500
2024-10-02 08:21:33,551 - __main__ - INFO - Write Device S/N: Pass
2024-10-02 08:21:33,553 - __main__ - INFO - Write Matter QR String
2024-10-02 08:21:33,553 - __main__ - DEBUG - SerialCom, Sent: FF:3;MTQRS-MT:Y1CA00O6148F-405J10
2024-10-02 08:21:33,553 - __main__ - INFO - Write Matter QR String Command: FF:3;MTQRS-MT:Y1CA00O6148F-405J10
2024-10-02 08:21:34,610 - components.serialCom.serialCom - DEBUG - Received: 3;MTQRS-MT:Y1CA00O6148F-405J10
2024-10-02 08:21:36,553 - __main__ - INFO - Read Matter QR String
2024-10-02 08:21:36,553 - __main__ - DEBUG - SerialCom, Sent: FF:3;MTQRS?
2024-10-02 08:21:36,553 - __main__ - INFO - Read Matter QR String Command: FF:3;MTQRS?
2024-10-02 08:21:37,611 - components.serialCom.serialCom - DEBUG - Received: 3;MTQRS? = MT:Y1CA00O6148F-405J10
2024-10-02 08:21:37,611 - components.serialCom.serialCom - INFO - SerialCom, Matter QR String: MT:Y1CA00O6148F-405J10
2024-10-02 08:21:39,554 - __main__ - INFO - Write Device Matter QR: Pass
2024-10-02 08:21:39,556 - __main__ - INFO - Write IR Definition
2024-10-02 08:21:39,557 - __main__ - DEBUG - SerialCom, Sent: FF:3;irdevconf-B001010FE00FE00FE00F000FE05024001B0ED801000000000F0012000F003001000400860042000A0907000F018100860042001B0220E004000000060220E00400312080AF000006600000800006720B100380840A038084030380840503808407160A045F069006043F0690060C180384880F038488010384880203848803038488040384880500D407010400020D3006050401081A1A0904037378020A1403686C0303686C0403686C0003686C0603686C0212020400144B02090A0800610801900D07021700620009090801908AC0088A0A0A12400A8A060813400A0800610901900D07041D0062000A0A0901908AC0098A0A0A8C400A8A080413400A8C060414400C-kk_panasonic_2587
2024-10-02 08:21:39,557 - __main__ - INFO - Write IR Definition Command: FF:3;irdevconf-B001010FE00FE00FE00F000FE05024001B0ED801000000000F0012000F003001000400860042000A0907000F018100860042001B0220E004000000060220E00400312080AF000006600000800006720B100380840A038084030380840503808407160A045F069006043F0690060C180384880F038488010384880203848803038488040384880500D407010400020D3006050401081A1A0904037378020A1403686C0303686C0403686C0003686C0603686C0212020400144B02090A0800610801900D07021700620009090801908AC0088A0A0A12400A8A060813400A0800610901900D07041D0062000A0A0901908AC0098A0A0A8C400A8A080413400A8C060414400C-kk_panasonic_2587
2024-10-02 08:21:40,649 - components.serialCom.serialCom - DEBUG - Received: 3;irdevconf
2024-10-02 08:21:44,557 - __main__ - INFO - Read IR Definition
2024-10-02 08:21:44,558 - __main__ - DEBUG - SerialCom, Sent: FF:3;irdevconf?
2024-10-02 08:21:44,558 - __main__ - INFO - Read IR Definition Command: FF:3;irdevconf?
2024-10-02 08:21:45,656 - components.serialCom.serialCom - DEBUG - Received: 3;irdevconf? = B001010FE00FE00FE00F000FE05024001B0ED801000000000F0012000F003001000400860042000A0907000F018100860042001B0220E004000000060220E00400312080AF000006600000800006720B100380840A038084030380840503808407160A045F069006043F0690060C180384880F038488010384880203848803038488040384880500D407010400020D3006050401081A1A0904037378020A1403686C0303686C0403686C0003686C0603686C0212020400144B02090A0800610801900D07021700620009090801908AC0088A0A0A12400A8A060813400A0800610901900D07041D0062000A0A0901908AC0098A0A0A8C400A8A080413400A8C060414400C
2024-10-02 08:21:45,656 - components.serialCom.serialCom - INFO - Serial Com, Read IR Definition: B001010FE00FE00FE00F000FE05024001B0ED801000000000F0012000F003001000400860042000A0907000F018100860042001B0220E004000000060220E00400312080AF000006600000800006720B100380840A038084030380840503808407160A045F069006043F0690060C180384880F038488010384880203848803038488040384880500D407010400020D3006050401081A1A0904037378020A1403686C0303686C0403686C0003686C0603686C0212020400144B02090A0800610801900D07021700620009090801908AC0088A0A0A12400A8A060813400A0800610901900D07041D0062000A0A0901908AC0098A0A0A8C400A8A080413400A8C060414400C %
2024-10-02 08:21:49,558 - __main__ - INFO - IR Definition Test: Pass
2024-10-02 08:21:49,559 - __main__ - INFO - Save Device Data
2024-10-02 08:21:49,559 - __main__ - INFO - Save Device Data Command: FF:3;saveDevData
2024-10-02 08:21:49,559 - __main__ - INFO - Extracted data: saveDevData
2024-10-02 08:21:49,559 - __main__ - DEBUG - SerialCom, Sent: FF:3;saveDevData
2024-10-02 08:21:50,611 - components.serialCom.serialCom - DEBUG - Received: 3;saveDevData
2024-10-02 08:21:50,611 - components.serialCom.serialCom - INFO - SerialCom, Save Device Data: saveDevData
2024-10-02 08:21:59,560 - __main__ - INFO - Save Device Data: Pass
2024-10-02 08:21:59,562 - __main__ - INFO - 5V Test
2024-10-02 08:21:59,562 - __main__ - INFO - 5V Test Auto Mode: True
2024-10-02 08:21:59,562 - __main__ - INFO - 5V Test Time in seconds: 10
2024-10-02 08:21:59,562 - __main__ - INFO - 5V Test Range: 0.5 V
2024-10-02 08:21:59,562 - components.dmmReader.dmmReader - ERROR - Selected device number is out of range.
2024-10-02 08:21:59,562 - __main__ - DEBUG - Manual 5V DMM Value: 
2024-10-02 08:21:59,562 - __main__ - DEBUG - Manual 5V Test Range Value: 0.5
2024-10-02 08:21:59,562 - __main__ - INFO - 'dmm_manual_input' is not numeric
2024-10-02 08:21:59,563 - __main__ - INFO - 3.3V Test
2024-10-02 08:21:59,563 - __main__ - INFO - 3.3V Test Auto Mode: True
2024-10-02 08:21:59,563 - __main__ - INFO - 3.3V Test Time in seconds: 10
2024-10-02 08:21:59,563 - __main__ - INFO - 3.3V Test Range: 0.33
2024-10-02 08:21:59,563 - components.dmmReader.dmmReader - ERROR - Selected device number is out of range.
2024-10-02 08:21:59,565 - __main__ - DEBUG - Manual 3.3V DMM Value: 
2024-10-02 08:21:59,565 - __main__ - DEBUG - Manual 3.3V Test Range Value: 0.33
2024-10-02 08:21:59,565 - __main__ - INFO - 'dmm_manual_input' is not numeric
2024-10-02 08:21:59,565 - __main__ - INFO - Read ATBeam Temperature
2024-10-02 08:21:59,565 - __main__ - DEBUG - SerialCom, Sent: FF:3;sensorTemp?
2024-10-02 08:21:59,565 - __main__ - INFO - Compare Temperature
2024-10-02 08:21:59,565 - __main__ - INFO - Temperature Test Range: 10.0
2024-10-02 08:21:59,566 - __main__ - DEBUG - External Temperature: 25.0
2024-10-02 08:21:59,566 - __main__ - ERROR - File not found
2024-10-02 08:22:00,614 - components.serialCom.serialCom - DEBUG - Received: 3;sensorTemp? = 27.94
2024-10-02 08:22:00,614 - components.serialCom.serialCom - INFO - 27.94 C
2024-10-02 08:22:00,614 - components.serialCom.serialCom - INFO - SerialCom, Device Temparature Reading '27.94' written to file 'sensor.txt'
2024-10-02 08:22:01,566 - __main__ - INFO - ATBeam Temperature: 27.94
2024-10-02 08:22:01,566 - __main__ - INFO - Temperature Range: 10.0
2024-10-02 08:22:01,567 - __main__ - INFO - Temperature is within ±10.0 range
2024-10-02 08:22:04,567 - __main__ - INFO - Temperature Test: Pass
2024-10-02 08:22:04,568 - __main__ - INFO - Read ATBeam Humidity
2024-10-02 08:22:04,568 - __main__ - DEBUG - SerialCom, Sent: FF:3;sensorHumi?
2024-10-02 08:22:04,568 - __main__ - INFO - Compare Humidity
2024-10-02 08:22:04,568 - __main__ - INFO - Humidity Test Range: 20.0
2024-10-02 08:22:04,568 - __main__ - DEBUG - External Humidity: 50.5
2024-10-02 08:22:05,625 - components.serialCom.serialCom - DEBUG - Received: 3;sensorHumi? = 58.10
2024-10-02 08:22:05,625 - components.serialCom.serialCom - INFO - 58.10 %
2024-10-02 08:22:05,625 - components.serialCom.serialCom - DEBUG - SerialCom, Device Humidity Reading '58.10' written to file 'sensor.txt'
2024-10-02 08:22:06,569 - __main__ - INFO - ATBeam Humidity: 58.1
2024-10-02 08:22:06,569 - __main__ - INFO - Humidity Range: 20.0
2024-10-02 08:22:06,569 - __main__ - INFO - Humidity is within ±20.0 range
2024-10-02 08:22:09,570 - __main__ - INFO - Humidity Test: Pass
2024-10-02 08:22:09,570 - __main__ - INFO - Button Test
2024-10-02 08:22:09,570 - __main__ - INFO - Button Test Time in seconds: 10
2024-10-02 08:24:24,593 - components.serialCom.serialCom - DEBUG - Received: 3;test_buttonshort = pressed
2024-10-02 08:24:24,771 - __main__ - INFO - Button Test: Pass
2024-10-02 08:24:24,771 - __main__ - INFO - Manual Test Time in seconds: 60
2024-10-02 08:24:24,771 - __main__ - INFO - Manual Test Loop Start
2024-10-02 08:24:24,771 - __main__ - DEBUG - SerialCom, Sent: FF:3;RGB-1
2024-10-02 08:24:25,773 - __main__ - DEBUG - SerialCom, Sent: FF:3;RGB-1
2024-10-02 08:24:26,773 - __main__ - DEBUG - SerialCom, Sent: FF:3;RGB-1
2024-10-02 08:24:27,774 - __main__ - DEBUG - SerialCom, Sent: FF:3;RGB-1
2024-10-02 08:24:28,775 - __main__ - DEBUG - SerialCom, Sent: FF:3;RGB-1
2024-10-02 08:24:29,776 - __main__ - DEBUG - SerialCom, Sent: FF:3;RGB-1
2024-10-02 08:24:30,778 - __main__ - DEBUG - SerialCom, Sent: FF:3;RGB-1
2024-10-02 08:24:31,779 - __main__ - DEBUG - SerialCom, Sent: FF:3;RGB-1
2024-10-02 08:24:32,780 - __main__ - DEBUG - SerialCom, Sent: FF:3;RGB-1
2024-10-02 08:24:33,780 - __main__ - INFO - Red LED: Pass
2024-10-02 08:24:34,782 - __main__ - DEBUG - SerialCom, Sent: FF:3;RGB-2
2024-10-02 08:24:35,783 - __main__ - DEBUG - SerialCom, Sent: FF:3;RGB-2
2024-10-02 08:24:36,785 - __main__ - DEBUG - SerialCom, Sent: FF:3;RGB-2
2024-10-02 08:24:37,785 - __main__ - INFO - Green LED: Pass
2024-10-02 08:24:38,786 - __main__ - DEBUG - SerialCom, Sent: FF:3;RGB-3
2024-10-02 08:24:39,787 - __main__ - INFO - Blue LED: Pass
2024-10-02 08:24:41,787 - __main__ - DEBUG - SerialCom, Sent: FF:3;auto_detect
2024-10-02 08:24:42,837 - components.serialCom.serialCom - DEBUG - Received: 3;auto_detect
2024-10-02 08:24:43,788 - __main__ - DEBUG - SerialCom, Sent: FF:3;ir_send
2024-10-02 08:24:44,836 - components.serialCom.serialCom - DEBUG - Received: 3;ir_send
2024-10-02 08:24:45,788 - __main__ - DEBUG - SerialCom, Sent: FF:3;auto_detect
2024-10-02 08:24:46,835 - components.serialCom.serialCom - DEBUG - Received: 3;auto_detect
2024-10-02 08:24:47,789 - __main__ - DEBUG - SerialCom, Sent: FF:3;ir_send
2024-10-02 08:24:47,789 - __main__ - INFO - IR Receiver/Turn off LED: Pass
2024-10-02 08:24:48,835 - components.serialCom.serialCom - DEBUG - Received: 3;ir_send
2024-10-02 08:24:49,790 - __main__ - DEBUG - SerialCom, Sent: FF:3;ir_send
2024-10-02 08:24:50,845 - components.serialCom.serialCom - DEBUG - Received: 3;ir_send
2024-10-02 08:24:51,791 - __main__ - DEBUG - SerialCom, Sent: FF:3;ir_send
2024-10-02 08:24:51,791 - __main__ - INFO - IR LED 1: Pass
2024-10-02 08:24:52,844 - components.serialCom.serialCom - DEBUG - Received: 3;ir_send
2024-10-02 08:24:53,792 - __main__ - DEBUG - SerialCom, Sent: FF:3;ir_send
2024-10-02 08:24:54,844 - components.serialCom.serialCom - DEBUG - Received: 3;ir_send
2024-10-02 08:24:55,793 - __main__ - DEBUG - SerialCom, Sent: FF:3;ir_send
2024-10-02 08:24:55,793 - __main__ - INFO - IR LED 2: Pass
2024-10-02 08:24:56,844 - components.serialCom.serialCom - DEBUG - Received: 3;ir_send
2024-10-02 08:24:57,793 - __main__ - DEBUG - SerialCom, Sent: FF:3;ir_send
2024-10-02 08:24:58,843 - components.serialCom.serialCom - DEBUG - Received: 3;ir_send
2024-10-02 08:24:59,794 - __main__ - DEBUG - SerialCom, Sent: FF:3;ir_send
2024-10-02 08:24:59,795 - __main__ - INFO - IR LED 3: Pass
2024-10-02 08:25:00,843 - components.serialCom.serialCom - DEBUG - Received: 3;ir_send
2024-10-02 08:25:01,795 - __main__ - DEBUG - SerialCom, Sent: FF:3;ir_send
2024-10-02 08:25:02,843 - components.serialCom.serialCom - DEBUG - Received: 3;ir_send
2024-10-02 08:25:03,796 - __main__ - DEBUG - SerialCom, Sent: FF:3;ir_send
2024-10-02 08:25:03,797 - __main__ - INFO - IR LED 4: Pass
2024-10-02 08:25:04,841 - components.serialCom.serialCom - DEBUG - Received: 3;ir_send
2024-10-02 08:25:05,798 - __main__ - DEBUG - SerialCom, Sent: FF:3;ir_send
2024-10-02 08:25:06,852 - components.serialCom.serialCom - DEBUG - Received: 3;ir_send
2024-10-02 08:25:07,799 - __main__ - DEBUG - SerialCom, Sent: FF:3;ir_send
2024-10-02 08:25:07,799 - __main__ - INFO - IR LED 5: Pass
2024-10-02 08:25:08,805 - __main__ - INFO - Red LED: Pass
2024-10-02 08:25:08,805 - __main__ - INFO - Green LED: Pass
2024-10-02 08:25:08,806 - __main__ - INFO - Blue LED: Pass
2024-10-02 08:25:08,806 - __main__ - INFO - IR Receiver: Pass
2024-10-02 08:25:08,806 - __main__ - INFO - IR LED 1: Pass
2024-10-02 08:25:08,806 - __main__ - INFO - IR LED 2: Pass
2024-10-02 08:25:08,806 - __main__ - INFO - IR LED 3: Pass
2024-10-02 08:25:08,806 - __main__ - INFO - IR LED 4: Pass
2024-10-02 08:25:08,806 - __main__ - INFO - IR LED 5: Pass
2024-10-02 08:25:08,806 - __main__ - INFO - Manual Test Loop Completed
2024-10-02 08:25:08,852 - components.serialCom.serialCom - DEBUG - Received: 3;ir_send
2024-10-02 08:25:11,807 - __main__ - INFO - Entering factory mode
2024-10-02 08:25:11,808 - __main__ - INFO - Reset Factory Mode Flag
2024-10-02 08:25:11,808 - __main__ - INFO - Reboot esp32s3 and esp32h2
2024-10-02 08:25:11,808 - __main__ - INFO - Reboot esp32s3, Port: /dev/ttyUSB0, Baud: 460800
2024-10-02 08:25:11,808 - __main__ - INFO - Reboot esp32h2, Port: /dev/ttyUSB2, Baud: 115200
2024-10-02 08:25:11,808 - components.flashFirmware.flashFirmware - INFO - Reset ESP32H2: esptool.py -p /dev/ttyUSB2 -b 115200 run

2024-10-02 08:25:11,849 - components.flashFirmware.flashFirmware - INFO - Reset ESP32S3 = esptool.py v4.7.0
2024-10-02 08:25:11,849 - components.flashFirmware.flashFirmware - INFO - Reset ESP32S3 = Serial port /dev/ttyUSB2
2024-10-02 08:25:12,859 - components.flashFirmware.flashFirmware - INFO - Reset ESP32S3 = Connecting....
2024-10-02 08:25:12,859 - components.flashFirmware.flashFirmware - INFO - Reset ESP32S3 = Detecting chip type... ESP32-H2
2024-10-02 08:25:12,859 - components.flashFirmware.flashFirmware - INFO - Reset ESP32S3 = Chip is ESP32-H2 (revision v0.1)
2024-10-02 08:25:12,859 - components.flashFirmware.flashFirmware - INFO - Reset ESP32S3 = Features: BLE, IEEE802.15.4
2024-10-02 08:25:12,859 - components.flashFirmware.flashFirmware - INFO - Reset ESP32S3 = Crystal is 32MHz
2024-10-02 08:25:12,860 - components.flashFirmware.flashFirmware - INFO - Reset ESP32S3 = MAC: 48:31:b7:ff:fe:c0:19:80
2024-10-02 08:25:12,860 - components.flashFirmware.flashFirmware - INFO - Reset ESP32S3 = BASE MAC: 48:31:b7:c0:19:80
2024-10-02 08:25:12,860 - components.flashFirmware.flashFirmware - INFO - Reset ESP32S3 = MAC_EXT: ff:fe
2024-10-02 08:25:12,860 - components.flashFirmware.flashFirmware - INFO - Reset ESP32S3 = Uploading stub...
2024-10-02 08:25:12,860 - components.flashFirmware.flashFirmware - INFO - Reset ESP32S3 = Running stub...
2024-10-02 08:25:12,860 - components.flashFirmware.flashFirmware - INFO - Reset ESP32S3 = Stub running...
2024-10-02 08:25:12,860 - components.flashFirmware.flashFirmware - INFO - Reset ESP32S3 = Hard resetting via RTS pin...
2024-10-02 08:25:17,865 - components.flashFirmware.flashFirmware - INFO - Reset ESP32H2: esptool.py -p /dev/ttyUSB0 -b 460800 run

2024-10-02 08:25:17,905 - components.flashFirmware.flashFirmware - INFO - Reset ESP32S3 = esptool.py v4.7.0
2024-10-02 08:25:17,906 - components.flashFirmware.flashFirmware - INFO - Reset ESP32S3 = Serial port /dev/ttyUSB0
2024-10-02 08:25:19,598 - components.flashFirmware.flashFirmware - INFO - Reset ESP32S3 = Connecting....
2024-10-02 08:25:19,598 - components.flashFirmware.flashFirmware - INFO - Reset ESP32S3 = Detecting chip type... ESP32-S3
2024-10-02 08:25:19,598 - components.flashFirmware.flashFirmware - INFO - Reset ESP32S3 = Chip is ESP32-S3 (QFN56) (revision v0.1)
2024-10-02 08:25:19,598 - components.flashFirmware.flashFirmware - INFO - Reset ESP32S3 = Features: WiFi, BLE
2024-10-02 08:25:19,598 - components.flashFirmware.flashFirmware - INFO - Reset ESP32S3 = Crystal is 40MHz
2024-10-02 08:25:19,598 - components.flashFirmware.flashFirmware - INFO - Reset ESP32S3 = MAC: 34:85:18:50:fa:94
2024-10-02 08:25:19,598 - components.flashFirmware.flashFirmware - INFO - Reset ESP32S3 = Uploading stub...
2024-10-02 08:25:19,598 - components.flashFirmware.flashFirmware - INFO - Reset ESP32S3 = Running stub...
2024-10-02 08:25:19,598 - components.flashFirmware.flashFirmware - INFO - Reset ESP32S3 = Stub running...
2024-10-02 08:25:19,598 - components.flashFirmware.flashFirmware - INFO - Reset ESP32S3 = Changing baud rate to 460800
2024-10-02 08:25:19,598 - components.flashFirmware.flashFirmware - INFO - Reset ESP32S3 = Changed.
2024-10-02 08:25:19,598 - components.flashFirmware.flashFirmware - INFO - Reset ESP32S3 = Hard resetting via RTS pin...
2024-10-02 08:25:21,196 - components.serialCom.serialCom - DEBUG - Received: .
2024-10-02 08:25:21,197 - components.serialCom.serialCom - DEBUG - Data contains '.'
2024-10-02 08:25:21,197 - components.serialCom.serialCom - DEBUG - SerialCom, Factory: polyaire&ADT

2024-10-02 08:25:24,604 - __main__ - INFO - Start Wait 3
2024-10-02 08:25:27,604 - __main__ - INFO - Finish Wait 3
2024-10-02 08:25:27,604 - __main__ - INFO - Read MAC Address
2024-10-02 08:25:27,604 - __main__ - DEBUG - SerialCom, Sent: FF:3;MAC?
2024-10-02 08:25:27,604 - __main__ - INFO - Read MAC Address Command: FF:3;MAC?
2024-10-02 08:25:27,604 - __main__ - INFO - Reference MAC Address: 34:85:18:50:fa:94
2024-10-02 08:25:28,660 - components.serialCom.serialCom - DEBUG - Received: 3;MAC? = 34:85:18:50:FA:94
2024-10-02 08:25:33,608 - urllib3.connectionpool - DEBUG - Starting new HTTP connection (1): 192.168.0.44:5000
